ARM GAS  C:\Users\boutavin\AppData\Local\Temp\ccAuHGcn.s 			page 1


   1              		.syntax unified
   2              		.cpu cortex-m3
   3              		.fpu softvfp
   4              		.eabi_attribute 20, 1
   5              		.eabi_attribute 21, 1
   6              		.eabi_attribute 23, 3
   7              		.eabi_attribute 24, 1
   8              		.eabi_attribute 25, 1
   9              		.eabi_attribute 26, 1
  10              		.eabi_attribute 30, 1
  11              		.eabi_attribute 34, 1
  12              		.eabi_attribute 18, 4
  13              		.thumb
  14              		.syntax unified
  15              		.file	"cymetadata.c"
  16              		.text
  17              	.Ltext0:
  18              		.cfi_sections	.debug_frame
  19              		.global	cy_metadata
  20              		.global	cy_meta_flashprotect
  21              		.global	cy_meta_wonvl
  22              		.global	cy_meta_custnvl
  23              		.global	cy_meta_configecc
  24              		.section	.cyconfigecc,"a",%progbits
  25              		.align	2
  26              		.type	cy_meta_configecc, %object
  27              		.size	cy_meta_configecc, 532
  28              	cy_meta_configecc:
  29 0000 07       		.byte	7
  30 0001 52       		.byte	82
  31 0002 00       		.byte	0
  32 0003 40       		.byte	64
  33 0004 01       		.byte	1
  34 0005 64       		.byte	100
  35 0006 00       		.byte	0
  36 0007 40       		.byte	64
  37 0008 04       		.byte	4
  38 0009 03       		.byte	3
  39 000a 01       		.byte	1
  40 000b 40       		.byte	64
  41 000c 07       		.byte	7
  42 000d 05       		.byte	5
  43 000e 01       		.byte	1
  44 000f 40       		.byte	64
  45 0010 37       		.byte	55
  46 0011 06       		.byte	6
  47 0012 01       		.byte	1
  48 0013 40       		.byte	64
  49 0014 2C       		.byte	44
  50 0015 07       		.byte	7
  51 0016 01       		.byte	1
  52 0017 40       		.byte	64
  53 0018 01       		.byte	1
  54 0019 09       		.byte	9
  55 001a 01       		.byte	1
  56 001b 40       		.byte	64
  57 001c 02       		.byte	2
ARM GAS  C:\Users\boutavin\AppData\Local\Temp\ccAuHGcn.s 			page 2


  58 001d 0B       		.byte	11
  59 001e 01       		.byte	1
  60 001f 40       		.byte	64
  61 0020 01       		.byte	1
  62 0021 0D       		.byte	13
  63 0022 01       		.byte	1
  64 0023 40       		.byte	64
  65 0024 02       		.byte	2
  66 0025 15       		.byte	21
  67 0026 01       		.byte	1
  68 0027 40       		.byte	64
  69 0028 04       		.byte	4
  70 0029 17       		.byte	23
  71 002a 01       		.byte	1
  72 002b 40       		.byte	64
  73 002c 01       		.byte	1
  74 002d 19       		.byte	25
  75 002e 01       		.byte	1
  76 002f 40       		.byte	64
  77 0030 01       		.byte	1
  78 0031 1B       		.byte	27
  79 0032 01       		.byte	1
  80 0033 40       		.byte	64
  81 0034 0C       		.byte	12
  82 0035 40       		.byte	64
  83 0036 01       		.byte	1
  84 0037 40       		.byte	64
  85 0038 09       		.byte	9
  86 0039 41       		.byte	65
  87 003a 01       		.byte	1
  88 003b 40       		.byte	64
  89 003c 04       		.byte	4
  90 003d 42       		.byte	66
  91 003e 01       		.byte	1
  92 003f 40       		.byte	64
  93 0040 03       		.byte	3
  94 0041 43       		.byte	67
  95 0042 01       		.byte	1
  96 0043 40       		.byte	64
  97 0044 05       		.byte	5
  98 0045 45       		.byte	69
  99 0046 01       		.byte	1
 100 0047 40       		.byte	64
 101 0048 06       		.byte	6
 102 0049 46       		.byte	70
 103 004a 01       		.byte	1
 104 004b 40       		.byte	64
 105 004c 03       		.byte	3
 106 004d 47       		.byte	71
 107 004e 01       		.byte	1
 108 004f 40       		.byte	64
 109 0050 07       		.byte	7
 110 0051 4C       		.byte	76
 111 0052 01       		.byte	1
 112 0053 40       		.byte	64
 113 0054 0A       		.byte	10
 114 0055 4D       		.byte	77
ARM GAS  C:\Users\boutavin\AppData\Local\Temp\ccAuHGcn.s 			page 3


 115 0056 01       		.byte	1
 116 0057 40       		.byte	64
 117 0058 02       		.byte	2
 118 0059 50       		.byte	80
 119 005a 01       		.byte	1
 120 005b 40       		.byte	64
 121 005c 01       		.byte	1
 122 005d 51       		.byte	81
 123 005e 01       		.byte	1
 124 005f 40       		.byte	64
 125 0060 09       		.byte	9
 126 0061 80       		.byte	-128
 127 0062 10       		.byte	16
 128 0063 01       		.byte	1
 129 0064 11       		.byte	17
 130 0065 05       		.byte	5
 131 0066 20       		.byte	32
 132 0067 53       		.byte	83
 133 0068 21       		.byte	33
 134 0069 95       		.byte	-107
 135 006a 28       		.byte	40
 136 006b 14       		.byte	20
 137 006c 29       		.byte	41
 138 006d 14       		.byte	20
 139 006e 87       		.byte	-121
 140 006f 0F       		.byte	15
 141 0070 80       		.byte	-128
 142 0071 04       		.byte	4
 143 0072 83       		.byte	-125
 144 0073 01       		.byte	1
 145 0074 84       		.byte	-124
 146 0075 01       		.byte	1
 147 0076 E6       		.byte	-26
 148 0077 02       		.byte	2
 149 0078 83       		.byte	-125
 150 0079 20       		.byte	32
 151 007a 85       		.byte	-123
 152 007b 40       		.byte	64
 153 007c 8B       		.byte	-117
 154 007d 80       		.byte	-128
 155 007e 94       		.byte	-108
 156 007f 08       		.byte	8
 157 0080 97       		.byte	-105
 158 0081 01       		.byte	1
 159 0082 A4       		.byte	-92
 160 0083 01       		.byte	1
 161 0084 E4       		.byte	-28
 162 0085 04       		.byte	4
 163 0086 5B       		.byte	91
 164 0087 04       		.byte	4
 165 0088 5F       		.byte	95
 166 0089 01       		.byte	1
 167 008a 83       		.byte	-125
 168 008b 01       		.byte	1
 169 008c 85       		.byte	-123
 170 008d 08       		.byte	8
 171 008e 87       		.byte	-121
ARM GAS  C:\Users\boutavin\AppData\Local\Temp\ccAuHGcn.s 			page 4


 172 008f 24       		.byte	36
 173 0090 89       		.byte	-119
 174 0091 08       		.byte	8
 175 0092 8B       		.byte	-117
 176 0093 12       		.byte	18
 177 0094 8C       		.byte	-116
 178 0095 03       		.byte	3
 179 0096 91       		.byte	-111
 180 0097 30       		.byte	48
 181 0098 92       		.byte	-110
 182 0099 20       		.byte	32
 183 009a 9A       		.byte	-102
 184 009b 18       		.byte	24
 185 009c 9C       		.byte	-100
 186 009d 04       		.byte	4
 187 009e 9E       		.byte	-98
 188 009f 09       		.byte	9
 189 00a0 A8       		.byte	-88
 190 00a1 04       		.byte	4
 191 00a2 AA       		.byte	-86
 192 00a3 12       		.byte	18
 193 00a4 AB       		.byte	-85
 194 00a5 07       		.byte	7
 195 00a6 B0       		.byte	-80
 196 00a7 03       		.byte	3
 197 00a8 B1       		.byte	-79
 198 00a9 08       		.byte	8
 199 00aa B2       		.byte	-78
 200 00ab 18       		.byte	24
 201 00ac B3       		.byte	-77
 202 00ad 01       		.byte	1
 203 00ae B4       		.byte	-76
 204 00af 20       		.byte	32
 205 00b0 B5       		.byte	-75
 206 00b1 30       		.byte	48
 207 00b2 B6       		.byte	-74
 208 00b3 04       		.byte	4
 209 00b4 B7       		.byte	-73
 210 00b5 06       		.byte	6
 211 00b6 B8       		.byte	-72
 212 00b7 80       		.byte	-128
 213 00b8 B9       		.byte	-71
 214 00b9 02       		.byte	2
 215 00ba BF       		.byte	-65
 216 00bb 04       		.byte	4
 217 00bc C0       		.byte	-64
 218 00bd 60       		.byte	96
 219 00be C1       		.byte	-63
 220 00bf 04       		.byte	4
 221 00c0 C5       		.byte	-59
 222 00c1 D5       		.byte	-43
 223 00c2 C6       		.byte	-58
 224 00c3 40       		.byte	64
 225 00c4 C7       		.byte	-57
 226 00c5 21       		.byte	33
 227 00c6 C8       		.byte	-56
 228 00c7 3F       		.byte	63
ARM GAS  C:\Users\boutavin\AppData\Local\Temp\ccAuHGcn.s 			page 5


 229 00c8 C9       		.byte	-55
 230 00c9 FF       		.byte	-1
 231 00ca CA       		.byte	-54
 232 00cb FF       		.byte	-1
 233 00cc CB       		.byte	-53
 234 00cd FF       		.byte	-1
 235 00ce CD       		.byte	-51
 236 00cf A0       		.byte	-96
 237 00d0 CF       		.byte	-49
 238 00d1 04       		.byte	4
 239 00d2 D0       		.byte	-48
 240 00d3 18       		.byte	24
 241 00d4 D2       		.byte	-46
 242 00d5 80       		.byte	-128
 243 00d6 D4       		.byte	-44
 244 00d7 07       		.byte	7
 245 00d8 D8       		.byte	-40
 246 00d9 04       		.byte	4
 247 00da D9       		.byte	-39
 248 00db 04       		.byte	4
 249 00dc DA       		.byte	-38
 250 00dd 04       		.byte	4
 251 00de DB       		.byte	-37
 252 00df 04       		.byte	4
 253 00e0 DF       		.byte	-33
 254 00e1 01       		.byte	1
 255 00e2 E0       		.byte	-32
 256 00e3 40       		.byte	64
 257 00e4 E2       		.byte	-30
 258 00e5 C0       		.byte	-64
 259 00e6 E4       		.byte	-28
 260 00e7 40       		.byte	64
 261 00e8 E5       		.byte	-27
 262 00e9 40       		.byte	64
 263 00ea E6       		.byte	-26
 264 00eb C0       		.byte	-64
 265 00ec E8       		.byte	-24
 266 00ed C0       		.byte	-64
 267 00ee EA       		.byte	-22
 268 00ef C0       		.byte	-64
 269 00f0 EC       		.byte	-20
 270 00f1 C0       		.byte	-64
 271 00f2 EE       		.byte	-18
 272 00f3 C0       		.byte	-64
 273 00f4 01       		.byte	1
 274 00f5 80       		.byte	-128
 275 00f6 09       		.byte	9
 276 00f7 80       		.byte	-128
 277 00f8 0A       		.byte	10
 278 00f9 44       		.byte	68
 279 00fa 10       		.byte	16
 280 00fb 08       		.byte	8
 281 00fc 19       		.byte	25
 282 00fd A0       		.byte	-96
 283 00fe 1A       		.byte	26
 284 00ff 84       		.byte	-124
 285 0100 1B       		.byte	27
ARM GAS  C:\Users\boutavin\AppData\Local\Temp\ccAuHGcn.s 			page 6


 286 0101 08       		.byte	8
 287 0102 21       		.byte	33
 288 0103 02       		.byte	2
 289 0104 22       		.byte	34
 290 0105 14       		.byte	20
 291 0106 23       		.byte	35
 292 0107 01       		.byte	1
 293 0108 29       		.byte	41
 294 0109 20       		.byte	32
 295 010a 31       		.byte	49
 296 010b 02       		.byte	2
 297 010c 38       		.byte	56
 298 010d 22       		.byte	34
 299 010e 3B       		.byte	59
 300 010f 04       		.byte	4
 301 0110 41       		.byte	65
 302 0111 01       		.byte	1
 303 0112 49       		.byte	73
 304 0113 21       		.byte	33
 305 0114 4B       		.byte	75
 306 0115 04       		.byte	4
 307 0116 50       		.byte	80
 308 0117 19       		.byte	25
 309 0118 51       		.byte	81
 310 0119 81       		.byte	-127
 311 011a 59       		.byte	89
 312 011b 01       		.byte	1
 313 011c 5A       		.byte	90
 314 011d A8       		.byte	-88
 315 011e 6C       		.byte	108
 316 011f 04       		.byte	4
 317 0120 6D       		.byte	109
 318 0121 80       		.byte	-128
 319 0122 6F       		.byte	111
 320 0123 A0       		.byte	-96
 321 0124 72       		.byte	114
 322 0125 40       		.byte	64
 323 0126 74       		.byte	116
 324 0127 05       		.byte	5
 325 0128 75       		.byte	117
 326 0129 10       		.byte	16
 327 012a 76       		.byte	118
 328 012b 02       		.byte	2
 329 012c 84       		.byte	-124
 330 012d 04       		.byte	4
 331 012e 8D       		.byte	-115
 332 012f 10       		.byte	16
 333 0130 94       		.byte	-108
 334 0131 08       		.byte	8
 335 0132 97       		.byte	-105
 336 0133 01       		.byte	1
 337 0134 A4       		.byte	-92
 338 0135 01       		.byte	1
 339 0136 A5       		.byte	-91
 340 0137 40       		.byte	64
 341 0138 A7       		.byte	-89
 342 0139 A0       		.byte	-96
ARM GAS  C:\Users\boutavin\AppData\Local\Temp\ccAuHGcn.s 			page 7


 343 013a C0       		.byte	-64
 344 013b 01       		.byte	1
 345 013c C2       		.byte	-62
 346 013d 0B       		.byte	11
 347 013e C4       		.byte	-60
 348 013f 02       		.byte	2
 349 0140 CA       		.byte	-54
 350 0141 04       		.byte	4
 351 0142 CC       		.byte	-52
 352 0143 01       		.byte	1
 353 0144 CE       		.byte	-50
 354 0145 07       		.byte	7
 355 0146 D0       		.byte	-48
 356 0147 01       		.byte	1
 357 0148 D2       		.byte	-46
 358 0149 04       		.byte	4
 359 014a D6       		.byte	-42
 360 014b 0F       		.byte	15
 361 014c E0       		.byte	-32
 362 014d 40       		.byte	64
 363 014e E0       		.byte	-32
 364 014f 80       		.byte	-128
 365 0150 E4       		.byte	-28
 366 0151 04       		.byte	4
 367 0152 E6       		.byte	-26
 368 0153 02       		.byte	2
 369 0154 AE       		.byte	-82
 370 0155 02       		.byte	2
 371 0156 EC       		.byte	-20
 372 0157 08       		.byte	8
 373 0158 87       		.byte	-121
 374 0159 08       		.byte	8
 375 015a 9A       		.byte	-102
 376 015b 02       		.byte	2
 377 015c A3       		.byte	-93
 378 015d 08       		.byte	8
 379 015e E4       		.byte	-28
 380 015f 02       		.byte	2
 381 0160 E4       		.byte	-28
 382 0161 02       		.byte	2
 383 0162 EC       		.byte	-20
 384 0163 08       		.byte	8
 385 0164 30       		.byte	48
 386 0165 10       		.byte	16
 387 0166 54       		.byte	84
 388 0167 20       		.byte	32
 389 0168 56       		.byte	86
 390 0169 04       		.byte	4
 391 016a 5B       		.byte	91
 392 016b 40       		.byte	64
 393 016c 5D       		.byte	93
 394 016d 04       		.byte	4
 395 016e 5F       		.byte	95
 396 016f 20       		.byte	32
 397 0170 62       		.byte	98
 398 0171 04       		.byte	4
 399 0172 64       		.byte	100
ARM GAS  C:\Users\boutavin\AppData\Local\Temp\ccAuHGcn.s 			page 8


 400 0173 08       		.byte	8
 401 0174 CC       		.byte	-52
 402 0175 10       		.byte	16
 403 0176 D4       		.byte	-44
 404 0177 C0       		.byte	-64
 405 0178 D6       		.byte	-42
 406 0179 A0       		.byte	-96
 407 017a D8       		.byte	-40
 408 017b C0       		.byte	-64
 409 017c 80       		.byte	-128
 410 017d 20       		.byte	32
 411 017e 83       		.byte	-125
 412 017f 40       		.byte	64
 413 0180 84       		.byte	-124
 414 0181 18       		.byte	24
 415 0182 95       		.byte	-107
 416 0183 04       		.byte	4
 417 0184 9C       		.byte	-100
 418 0185 18       		.byte	24
 419 0186 9F       		.byte	-97
 420 0187 60       		.byte	96
 421 0188 A4       		.byte	-92
 422 0189 20       		.byte	32
 423 018a E2       		.byte	-30
 424 018b 80       		.byte	-128
 425 018c E6       		.byte	-26
 426 018d D0       		.byte	-48
 427 018e 87       		.byte	-121
 428 018f 20       		.byte	32
 429 0190 95       		.byte	-107
 430 0191 04       		.byte	4
 431 0192 9F       		.byte	-97
 432 0193 20       		.byte	32
 433 0194 E2       		.byte	-30
 434 0195 40       		.byte	64
 435 0196 85       		.byte	-123
 436 0197 04       		.byte	4
 437 0198 95       		.byte	-107
 438 0199 04       		.byte	4
 439 019a E6       		.byte	-26
 440 019b 40       		.byte	64
 441 019c 59       		.byte	89
 442 019d 40       		.byte	64
 443 019e 5C       		.byte	92
 444 019f 40       		.byte	64
 445 01a0 87       		.byte	-121
 446 01a1 10       		.byte	16
 447 01a2 D4       		.byte	-44
 448 01a3 01       		.byte	1
 449 01a4 D6       		.byte	-42
 450 01a5 04       		.byte	4
 451 01a6 80       		.byte	-128
 452 01a7 40       		.byte	64
 453 01a8 89       		.byte	-119
 454 01a9 40       		.byte	64
 455 01aa 94       		.byte	-108
 456 01ab 40       		.byte	64
ARM GAS  C:\Users\boutavin\AppData\Local\Temp\ccAuHGcn.s 			page 9


 457 01ac 97       		.byte	-105
 458 01ad 20       		.byte	32
 459 01ae 9D       		.byte	-99
 460 01af 40       		.byte	64
 461 01b0 E0       		.byte	-32
 462 01b1 01       		.byte	1
 463 01b2 8C       		.byte	-116
 464 01b3 40       		.byte	64
 465 01b4 97       		.byte	-105
 466 01b5 20       		.byte	32
 467 01b6 E0       		.byte	-32
 468 01b7 02       		.byte	2
 469 01b8 1F       		.byte	31
 470 01b9 10       		.byte	16
 471 01ba 63       		.byte	99
 472 01bb 40       		.byte	64
 473 01bc 87       		.byte	-121
 474 01bd 40       		.byte	64
 475 01be 90       		.byte	-112
 476 01bf 40       		.byte	64
 477 01c0 97       		.byte	-105
 478 01c1 20       		.byte	32
 479 01c2 C6       		.byte	-58
 480 01c3 01       		.byte	1
 481 01c4 D8       		.byte	-40
 482 01c5 02       		.byte	2
 483 01c6 53       		.byte	83
 484 01c7 80       		.byte	-128
 485 01c8 5C       		.byte	92
 486 01c9 40       		.byte	64
 487 01ca 67       		.byte	103
 488 01cb 40       		.byte	64
 489 01cc 90       		.byte	-112
 490 01cd 40       		.byte	64
 491 01ce 93       		.byte	-109
 492 01cf 40       		.byte	64
 493 01d0 A3       		.byte	-93
 494 01d1 80       		.byte	-128
 495 01d2 AF       		.byte	-81
 496 01d3 80       		.byte	-128
 497 01d4 D4       		.byte	-44
 498 01d5 04       		.byte	4
 499 01d6 D6       		.byte	-42
 500 01d7 04       		.byte	4
 501 01d8 D8       		.byte	-40
 502 01d9 01       		.byte	1
 503 01da 00       		.byte	0
 504 01db 01       		.byte	1
 505 01dc 0A       		.byte	10
 506 01dd 01       		.byte	1
 507 01de 00       		.byte	0
 508 01df 03       		.byte	3
 509 01e0 00       		.byte	0
 510 01e1 00       		.byte	0
 511 01e2 00       		.byte	0
 512 01e3 00       		.byte	0
 513 01e4 00       		.byte	0
ARM GAS  C:\Users\boutavin\AppData\Local\Temp\ccAuHGcn.s 			page 10


 514 01e5 00       		.byte	0
 515 01e6 04       		.byte	4
 516 01e7 00       		.byte	0
 517 01e8 00       		.byte	0
 518 01e9 8B       		.byte	-117
 519 01ea 8B       		.byte	-117
 520 01eb 00       		.byte	0
 521 01ec 80       		.byte	-128
 522 01ed 00       		.byte	0
 523 01ee 00       		.byte	0
 524 01ef 00       		.byte	0
 525 01f0 00       		.byte	0
 526 01f1 05       		.byte	5
 527 01f2 05       		.byte	5
 528 01f3 00       		.byte	0
 529 01f4 05       		.byte	5
 530 01f5 00       		.byte	0
 531 01f6 00       		.byte	0
 532 01f7 00       		.byte	0
 533 01f8 00       		.byte	0
 534 01f9 D7       		.byte	-41
 535 01fa D7       		.byte	-41
 536 01fb 00       		.byte	0
 537 01fc D7       		.byte	-41
 538 01fd 00       		.byte	0
 539 01fe 00       		.byte	0
 540 01ff 00       		.byte	0
 541 0200 00       		.byte	0
 542 0201 15       		.byte	21
 543 0202 15       		.byte	21
 544 0203 00       		.byte	0
 545 0204 15       		.byte	21
 546 0205 00       		.byte	0
 547 0206 00       		.byte	0
 548 0207 00       		.byte	0
 549 0208 00       		.byte	0
 550 0209 00       		.byte	0
 551 020a 00       		.byte	0
 552 020b 00       		.byte	0
 553 020c 00       		.byte	0
 554 020d 00       		.byte	0
 555 020e 20       		.byte	32
 556 020f 00       		.byte	0
 557 0210 01       		.byte	1
 558 0211 00       		.byte	0
 559 0212 18       		.byte	24
 560 0213 01       		.byte	1
 561              		.section	.cywolatch,"a",%progbits
 562              		.align	2
 563              		.type	cy_meta_wonvl, %object
 564              		.size	cy_meta_wonvl, 4
 565              	cy_meta_wonvl:
 566 0000 BC       		.byte	-68
 567 0001 90       		.byte	-112
 568 0002 AC       		.byte	-84
 569 0003 AF       		.byte	-81
 570              		.section	.cycustnvl,"a",%progbits
ARM GAS  C:\Users\boutavin\AppData\Local\Temp\ccAuHGcn.s 			page 11


 571              		.align	2
 572              		.type	cy_meta_custnvl, %object
 573              		.size	cy_meta_custnvl, 4
 574              	cy_meta_custnvl:
 575 0000 00       		.byte	0
 576 0001 00       		.byte	0
 577 0002 40       		.byte	64
 578 0003 05       		.byte	5
 579              		.section	.cymeta,"a",%progbits
 580              		.align	2
 581              		.type	cy_metadata, %object
 582              		.size	cy_metadata, 12
 583              	cy_metadata:
 584 0000 00       		.byte	0
 585 0001 01       		.byte	1
 586 0002 2E       		.byte	46
 587 0003 12       		.byte	18
 588 0004 30       		.byte	48
 589 0005 69       		.byte	105
 590 0006 00       		.byte	0
 591 0007 01       		.byte	1
 592 0008 00       		.byte	0
 593 0009 00       		.byte	0
 594 000a 00       		.byte	0
 595 000b 00       		.byte	0
 596              		.section	.cyflashprotect,"a",%progbits
 597              		.align	2
 598              		.type	cy_meta_flashprotect, %object
 599              		.size	cy_meta_flashprotect, 256
 600              	cy_meta_flashprotect:
 601 0000 00000000 		.space	256
 601      00000000 
 601      00000000 
 601      00000000 
 601      00000000 
 602              		.text
 603              	.Letext0:
 604              		.file 1 "c:\\program files (x86)\\cypress\\psoc creator\\4.4\\psoc creator\\import\\gnu\\arm\\5.4.
 605              		.file 2 "c:\\program files (x86)\\cypress\\psoc creator\\4.4\\psoc creator\\import\\gnu\\arm\\5.4.
 606              		.file 3 "Generated_Source\\PSoC5\\cymetadata.c"
 607              		.section	.debug_info,"",%progbits
 608              	.Ldebug_info0:
 609 0000 31010000 		.4byte	0x131
 610 0004 0400     		.2byte	0x4
 611 0006 00000000 		.4byte	.Ldebug_abbrev0
 612 000a 04       		.byte	0x4
 613 000b 01       		.uleb128 0x1
 614 000c 24000000 		.4byte	.LASF17
 615 0010 0C       		.byte	0xc
 616 0011 A9010000 		.4byte	.LASF18
 617 0015 C4000000 		.4byte	.LASF19
 618 0019 00000000 		.4byte	.Ldebug_line0
 619 001d 02       		.uleb128 0x2
 620 001e 01       		.byte	0x1
 621 001f 06       		.byte	0x6
 622 0020 9D010000 		.4byte	.LASF0
 623 0024 03       		.uleb128 0x3
ARM GAS  C:\Users\boutavin\AppData\Local\Temp\ccAuHGcn.s 			page 12


 624 0025 00000000 		.4byte	.LASF9
 625 0029 01       		.byte	0x1
 626 002a 1D       		.byte	0x1d
 627 002b 2F000000 		.4byte	0x2f
 628 002f 02       		.uleb128 0x2
 629 0030 01       		.byte	0x1
 630 0031 08       		.byte	0x8
 631 0032 16000000 		.4byte	.LASF1
 632 0036 02       		.uleb128 0x2
 633 0037 02       		.byte	0x2
 634 0038 05       		.byte	0x5
 635 0039 8A010000 		.4byte	.LASF2
 636 003d 02       		.uleb128 0x2
 637 003e 02       		.byte	0x2
 638 003f 07       		.byte	0x7
 639 0040 EF000000 		.4byte	.LASF3
 640 0044 02       		.uleb128 0x2
 641 0045 04       		.byte	0x4
 642 0046 05       		.byte	0x5
 643 0047 94010000 		.4byte	.LASF4
 644 004b 02       		.uleb128 0x2
 645 004c 04       		.byte	0x4
 646 004d 07       		.byte	0x7
 647 004e B2000000 		.4byte	.LASF5
 648 0052 02       		.uleb128 0x2
 649 0053 08       		.byte	0x8
 650 0054 05       		.byte	0x5
 651 0055 7C010000 		.4byte	.LASF6
 652 0059 02       		.uleb128 0x2
 653 005a 08       		.byte	0x8
 654 005b 07       		.byte	0x7
 655 005c 31010000 		.4byte	.LASF7
 656 0060 04       		.uleb128 0x4
 657 0061 04       		.byte	0x4
 658 0062 05       		.byte	0x5
 659 0063 696E7400 		.ascii	"int\000"
 660 0067 02       		.uleb128 0x2
 661 0068 04       		.byte	0x4
 662 0069 07       		.byte	0x7
 663 006a 24010000 		.4byte	.LASF8
 664 006e 03       		.uleb128 0x3
 665 006f 48010000 		.4byte	.LASF10
 666 0073 02       		.byte	0x2
 667 0074 18       		.byte	0x18
 668 0075 24000000 		.4byte	0x24
 669 0079 05       		.uleb128 0x5
 670 007a 91000000 		.4byte	0x91
 671 007e 8A000000 		.4byte	0x8a
 672 0082 06       		.uleb128 0x6
 673 0083 8A000000 		.4byte	0x8a
 674 0087 1302     		.2byte	0x213
 675 0089 00       		.byte	0
 676 008a 02       		.uleb128 0x2
 677 008b 04       		.byte	0x4
 678 008c 07       		.byte	0x7
 679 008d 73010000 		.4byte	.LASF11
 680 0091 07       		.uleb128 0x7
ARM GAS  C:\Users\boutavin\AppData\Local\Temp\ccAuHGcn.s 			page 13


 681 0092 6E000000 		.4byte	0x6e
 682 0096 08       		.uleb128 0x8
 683 0097 12010000 		.4byte	.LASF12
 684 009b 03       		.byte	0x3
 685 009c 1F       		.byte	0x1f
 686 009d A7000000 		.4byte	0xa7
 687 00a1 05       		.uleb128 0x5
 688 00a2 03       		.byte	0x3
 689 00a3 00000000 		.4byte	cy_meta_configecc
 690 00a7 07       		.uleb128 0x7
 691 00a8 79000000 		.4byte	0x79
 692 00ac 05       		.uleb128 0x5
 693 00ad 91000000 		.4byte	0x91
 694 00b1 BC000000 		.4byte	0xbc
 695 00b5 09       		.uleb128 0x9
 696 00b6 8A000000 		.4byte	0x8a
 697 00ba 03       		.byte	0x3
 698 00bb 00       		.byte	0
 699 00bc 08       		.uleb128 0x8
 700 00bd 02010000 		.4byte	.LASF13
 701 00c1 03       		.byte	0x3
 702 00c2 6F       		.byte	0x6f
 703 00c3 CD000000 		.4byte	0xcd
 704 00c7 05       		.uleb128 0x5
 705 00c8 03       		.byte	0x3
 706 00c9 00000000 		.4byte	cy_meta_custnvl
 707 00cd 07       		.uleb128 0x7
 708 00ce AC000000 		.4byte	0xac
 709 00d2 08       		.uleb128 0x8
 710 00d3 65010000 		.4byte	.LASF14
 711 00d7 03       		.byte	0x3
 712 00d8 7D       		.byte	0x7d
 713 00d9 E3000000 		.4byte	0xe3
 714 00dd 05       		.uleb128 0x5
 715 00de 03       		.byte	0x3
 716 00df 00000000 		.4byte	cy_meta_wonvl
 717 00e3 07       		.uleb128 0x7
 718 00e4 AC000000 		.4byte	0xac
 719 00e8 05       		.uleb128 0x5
 720 00e9 91000000 		.4byte	0x91
 721 00ed F8000000 		.4byte	0xf8
 722 00f1 09       		.uleb128 0x9
 723 00f2 8A000000 		.4byte	0x8a
 724 00f6 FF       		.byte	0xff
 725 00f7 00       		.byte	0
 726 00f8 08       		.uleb128 0x8
 727 00f9 50010000 		.4byte	.LASF15
 728 00fd 03       		.byte	0x3
 729 00fe 8B       		.byte	0x8b
 730 00ff 09010000 		.4byte	0x109
 731 0103 05       		.uleb128 0x5
 732 0104 03       		.byte	0x3
 733 0105 00000000 		.4byte	cy_meta_flashprotect
 734 0109 07       		.uleb128 0x7
 735 010a E8000000 		.4byte	0xe8
 736 010e 05       		.uleb128 0x5
 737 010f 91000000 		.4byte	0x91
ARM GAS  C:\Users\boutavin\AppData\Local\Temp\ccAuHGcn.s 			page 14


 738 0113 1E010000 		.4byte	0x11e
 739 0117 09       		.uleb128 0x9
 740 0118 8A000000 		.4byte	0x8a
 741 011c 0B       		.byte	0xb
 742 011d 00       		.byte	0
 743 011e 08       		.uleb128 0x8
 744 011f 0A000000 		.4byte	.LASF16
 745 0123 03       		.byte	0x3
 746 0124 B8       		.byte	0xb8
 747 0125 2F010000 		.4byte	0x12f
 748 0129 05       		.uleb128 0x5
 749 012a 03       		.byte	0x3
 750 012b 00000000 		.4byte	cy_metadata
 751 012f 07       		.uleb128 0x7
 752 0130 0E010000 		.4byte	0x10e
 753 0134 00       		.byte	0
 754              		.section	.debug_abbrev,"",%progbits
 755              	.Ldebug_abbrev0:
 756 0000 01       		.uleb128 0x1
 757 0001 11       		.uleb128 0x11
 758 0002 01       		.byte	0x1
 759 0003 25       		.uleb128 0x25
 760 0004 0E       		.uleb128 0xe
 761 0005 13       		.uleb128 0x13
 762 0006 0B       		.uleb128 0xb
 763 0007 03       		.uleb128 0x3
 764 0008 0E       		.uleb128 0xe
 765 0009 1B       		.uleb128 0x1b
 766 000a 0E       		.uleb128 0xe
 767 000b 10       		.uleb128 0x10
 768 000c 17       		.uleb128 0x17
 769 000d 00       		.byte	0
 770 000e 00       		.byte	0
 771 000f 02       		.uleb128 0x2
 772 0010 24       		.uleb128 0x24
 773 0011 00       		.byte	0
 774 0012 0B       		.uleb128 0xb
 775 0013 0B       		.uleb128 0xb
 776 0014 3E       		.uleb128 0x3e
 777 0015 0B       		.uleb128 0xb
 778 0016 03       		.uleb128 0x3
 779 0017 0E       		.uleb128 0xe
 780 0018 00       		.byte	0
 781 0019 00       		.byte	0
 782 001a 03       		.uleb128 0x3
 783 001b 16       		.uleb128 0x16
 784 001c 00       		.byte	0
 785 001d 03       		.uleb128 0x3
 786 001e 0E       		.uleb128 0xe
 787 001f 3A       		.uleb128 0x3a
 788 0020 0B       		.uleb128 0xb
 789 0021 3B       		.uleb128 0x3b
 790 0022 0B       		.uleb128 0xb
 791 0023 49       		.uleb128 0x49
 792 0024 13       		.uleb128 0x13
 793 0025 00       		.byte	0
 794 0026 00       		.byte	0
ARM GAS  C:\Users\boutavin\AppData\Local\Temp\ccAuHGcn.s 			page 15


 795 0027 04       		.uleb128 0x4
 796 0028 24       		.uleb128 0x24
 797 0029 00       		.byte	0
 798 002a 0B       		.uleb128 0xb
 799 002b 0B       		.uleb128 0xb
 800 002c 3E       		.uleb128 0x3e
 801 002d 0B       		.uleb128 0xb
 802 002e 03       		.uleb128 0x3
 803 002f 08       		.uleb128 0x8
 804 0030 00       		.byte	0
 805 0031 00       		.byte	0
 806 0032 05       		.uleb128 0x5
 807 0033 01       		.uleb128 0x1
 808 0034 01       		.byte	0x1
 809 0035 49       		.uleb128 0x49
 810 0036 13       		.uleb128 0x13
 811 0037 01       		.uleb128 0x1
 812 0038 13       		.uleb128 0x13
 813 0039 00       		.byte	0
 814 003a 00       		.byte	0
 815 003b 06       		.uleb128 0x6
 816 003c 21       		.uleb128 0x21
 817 003d 00       		.byte	0
 818 003e 49       		.uleb128 0x49
 819 003f 13       		.uleb128 0x13
 820 0040 2F       		.uleb128 0x2f
 821 0041 05       		.uleb128 0x5
 822 0042 00       		.byte	0
 823 0043 00       		.byte	0
 824 0044 07       		.uleb128 0x7
 825 0045 26       		.uleb128 0x26
 826 0046 00       		.byte	0
 827 0047 49       		.uleb128 0x49
 828 0048 13       		.uleb128 0x13
 829 0049 00       		.byte	0
 830 004a 00       		.byte	0
 831 004b 08       		.uleb128 0x8
 832 004c 34       		.uleb128 0x34
 833 004d 00       		.byte	0
 834 004e 03       		.uleb128 0x3
 835 004f 0E       		.uleb128 0xe
 836 0050 3A       		.uleb128 0x3a
 837 0051 0B       		.uleb128 0xb
 838 0052 3B       		.uleb128 0x3b
 839 0053 0B       		.uleb128 0xb
 840 0054 49       		.uleb128 0x49
 841 0055 13       		.uleb128 0x13
 842 0056 3F       		.uleb128 0x3f
 843 0057 19       		.uleb128 0x19
 844 0058 02       		.uleb128 0x2
 845 0059 18       		.uleb128 0x18
 846 005a 00       		.byte	0
 847 005b 00       		.byte	0
 848 005c 09       		.uleb128 0x9
 849 005d 21       		.uleb128 0x21
 850 005e 00       		.byte	0
 851 005f 49       		.uleb128 0x49
ARM GAS  C:\Users\boutavin\AppData\Local\Temp\ccAuHGcn.s 			page 16


 852 0060 13       		.uleb128 0x13
 853 0061 2F       		.uleb128 0x2f
 854 0062 0B       		.uleb128 0xb
 855 0063 00       		.byte	0
 856 0064 00       		.byte	0
 857 0065 00       		.byte	0
 858              		.section	.debug_aranges,"",%progbits
 859 0000 14000000 		.4byte	0x14
 860 0004 0200     		.2byte	0x2
 861 0006 00000000 		.4byte	.Ldebug_info0
 862 000a 04       		.byte	0x4
 863 000b 00       		.byte	0
 864 000c 0000     		.2byte	0
 865 000e 0000     		.2byte	0
 866 0010 00000000 		.4byte	0
 867 0014 00000000 		.4byte	0
 868              		.section	.debug_line,"",%progbits
 869              	.Ldebug_line0:
 870 0000 3D010000 		.section	.debug_str,"MS",%progbits,1
 870      02003701 
 870      00000201 
 870      FB0E0D00 
 870      01010101 
 871              	.LASF9:
 872 0000 5F5F7569 		.ascii	"__uint8_t\000"
 872      6E74385F 
 872      7400
 873              	.LASF16:
 874 000a 63795F6D 		.ascii	"cy_metadata\000"
 874      65746164 
 874      61746100 
 875              	.LASF1:
 876 0016 756E7369 		.ascii	"unsigned char\000"
 876      676E6564 
 876      20636861 
 876      7200
 877              	.LASF17:
 878 0024 474E5520 		.ascii	"GNU C11 5.4.1 20160609 (release) [ARM/embedded-5-br"
 878      43313120 
 878      352E342E 
 878      31203230 
 878      31363036 
 879 0057 616E6368 		.ascii	"anch revision 237715] -mcpu=cortex-m3 -mthumb -g -O"
 879      20726576 
 879      6973696F 
 879      6E203233 
 879      37373135 
 880 008a 67202D66 		.ascii	"g -ffunction-sections -ffat-lto-objects\000"
 880      66756E63 
 880      74696F6E 
 880      2D736563 
 880      74696F6E 
 881              	.LASF5:
 882 00b2 6C6F6E67 		.ascii	"long unsigned int\000"
 882      20756E73 
 882      69676E65 
 882      6420696E 
ARM GAS  C:\Users\boutavin\AppData\Local\Temp\ccAuHGcn.s 			page 17


 882      7400
 883              	.LASF19:
 884 00c4 553A5C35 		.ascii	"U:\\5SEE\\PSOC\\WorkspacePSOC\\PWMmoteur.cydsn\000"
 884      5345455C 
 884      50534F43 
 884      5C576F72 
 884      6B737061 
 885              	.LASF3:
 886 00ef 73686F72 		.ascii	"short unsigned int\000"
 886      7420756E 
 886      7369676E 
 886      65642069 
 886      6E7400
 887              	.LASF13:
 888 0102 63795F6D 		.ascii	"cy_meta_custnvl\000"
 888      6574615F 
 888      63757374 
 888      6E766C00 
 889              	.LASF12:
 890 0112 63795F6D 		.ascii	"cy_meta_configecc\000"
 890      6574615F 
 890      636F6E66 
 890      69676563 
 890      6300
 891              	.LASF8:
 892 0124 756E7369 		.ascii	"unsigned int\000"
 892      676E6564 
 892      20696E74 
 892      00
 893              	.LASF7:
 894 0131 6C6F6E67 		.ascii	"long long unsigned int\000"
 894      206C6F6E 
 894      6720756E 
 894      7369676E 
 894      65642069 
 895              	.LASF10:
 896 0148 75696E74 		.ascii	"uint8_t\000"
 896      385F7400 
 897              	.LASF15:
 898 0150 63795F6D 		.ascii	"cy_meta_flashprotect\000"
 898      6574615F 
 898      666C6173 
 898      6870726F 
 898      74656374 
 899              	.LASF14:
 900 0165 63795F6D 		.ascii	"cy_meta_wonvl\000"
 900      6574615F 
 900      776F6E76 
 900      6C00
 901              	.LASF11:
 902 0173 73697A65 		.ascii	"sizetype\000"
 902      74797065 
 902      00
 903              	.LASF6:
 904 017c 6C6F6E67 		.ascii	"long long int\000"
 904      206C6F6E 
 904      6720696E 
ARM GAS  C:\Users\boutavin\AppData\Local\Temp\ccAuHGcn.s 			page 18


 904      7400
 905              	.LASF2:
 906 018a 73686F72 		.ascii	"short int\000"
 906      7420696E 
 906      7400
 907              	.LASF4:
 908 0194 6C6F6E67 		.ascii	"long int\000"
 908      20696E74 
 908      00
 909              	.LASF0:
 910 019d 7369676E 		.ascii	"signed char\000"
 910      65642063 
 910      68617200 
 911              	.LASF18:
 912 01a9 47656E65 		.ascii	"Generated_Source\\PSoC5\\cymetadata.c\000"
 912      72617465 
 912      645F536F 
 912      75726365 
 912      5C50536F 
 913              		.ident	"GCC: (GNU Tools for ARM Embedded Processors) 5.4.1 20160609 (release) [ARM/embedded-5-bran
