ARM GAS  C:\Users\boutavin\AppData\Local\Temp\ccOs6jKd.s 			page 1


   1              		.syntax unified
   2              		.cpu cortex-m3
   3              		.fpu softvfp
   4              		.eabi_attribute 20, 1
   5              		.eabi_attribute 21, 1
   6              		.eabi_attribute 23, 3
   7              		.eabi_attribute 24, 1
   8              		.eabi_attribute 25, 1
   9              		.eabi_attribute 26, 1
  10              		.eabi_attribute 30, 1
  11              		.eabi_attribute 34, 1
  12              		.eabi_attribute 18, 4
  13              		.thumb
  14              		.syntax unified
  15              		.file	"main.c"
  16              		.text
  17              	.Ltext0:
  18              		.cfi_sections	.debug_frame
  19              		.section	.text.StopWheels,"ax",%progbits
  20              		.align	2
  21              		.global	StopWheels
  22              		.thumb
  23              		.thumb_func
  24              		.type	StopWheels, %function
  25              	StopWheels:
  26              	.LFB63:
  27              		.file 1 "main.c"
   1:main.c        **** /* ========================================
   2:main.c        ****  *
   3:main.c        ****  * Copyright YOUR COMPANY, THE YEAR
   4:main.c        ****  * All Rights Reserved
   5:main.c        ****  * UNPUBLISHED, LICENSED SOFTWARE.
   6:main.c        ****  *
   7:main.c        ****  * CONFIDENTIAL AND PROPRIETARY INFORMATION
   8:main.c        ****  * WHICH IS THE PROPERTY OF your company.
   9:main.c        ****  *
  10:main.c        ****  * ========================================
  11:main.c        **** */
  12:main.c        **** #include "project.h"
  13:main.c        **** #include "PWM_all.h"
  14:main.c        **** 
  15:main.c        **** 
  16:main.c        **** 
  17:main.c        **** #define Mot1_mask 0x03
  18:main.c        **** #define Mot2_mask 0x0C
  19:main.c        **** #define Mot3_mask 0x30
  20:main.c        **** #define Mot4_mask 0xC0
  21:main.c        **** 
  22:main.c        **** void StopWheels(){
  28              		.loc 1 22 0
  29              		.cfi_startproc
  30              		@ args = 0, pretend = 0, frame = 0
  31              		@ frame_needed = 0, uses_anonymous_args = 0
  32 0000 08B5     		push	{r3, lr}
  33              		.cfi_def_cfa_offset 8
  34              		.cfi_offset 3, -8
  35              		.cfi_offset 14, -4
ARM GAS  C:\Users\boutavin\AppData\Local\Temp\ccOs6jKd.s 			page 2


  23:main.c        ****     Wheel_Modes_Write(0);
  36              		.loc 1 23 0
  37 0002 0020     		movs	r0, #0
  38 0004 FFF7FEFF 		bl	Wheel_Modes_Write
  39              	.LVL0:
  40 0008 08BD     		pop	{r3, pc}
  41              		.cfi_endproc
  42              	.LFE63:
  43              		.size	StopWheels, .-StopWheels
  44 000a 00BF     		.section	.text.Spin_Right,"ax",%progbits
  45              		.align	2
  46              		.global	Spin_Right
  47              		.thumb
  48              		.thumb_func
  49              		.type	Spin_Right, %function
  50              	Spin_Right:
  51              	.LFB64:
  24:main.c        **** }
  25:main.c        **** 
  26:main.c        **** void Spin_Right(int Vitesse){
  52              		.loc 1 26 0
  53              		.cfi_startproc
  54              		@ args = 0, pretend = 0, frame = 0
  55              		@ frame_needed = 0, uses_anonymous_args = 0
  56              	.LVL1:
  57 0000 10B5     		push	{r4, lr}
  58              		.cfi_def_cfa_offset 8
  59              		.cfi_offset 4, -8
  60              		.cfi_offset 14, -4
  61 0002 0446     		mov	r4, r0
  27:main.c        ****     Wheel_Modes_Write(0xAA);
  62              		.loc 1 27 0
  63 0004 AA20     		movs	r0, #170
  64              	.LVL2:
  65 0006 FFF7FEFF 		bl	Wheel_Modes_Write
  66              	.LVL3:
  28:main.c        ****     PWM_all_WriteCompare1(Vitesse);
  67              		.loc 1 28 0
  68 000a E4B2     		uxtb	r4, r4
  69              	.LVL4:
  70 000c 2046     		mov	r0, r4
  71 000e FFF7FEFF 		bl	PWM_all_WriteCompare1
  72              	.LVL5:
  29:main.c        ****     PWM_all_WriteCompare2(Vitesse);
  73              		.loc 1 29 0
  74 0012 2046     		mov	r0, r4
  75 0014 FFF7FEFF 		bl	PWM_all_WriteCompare2
  76              	.LVL6:
  77 0018 10BD     		pop	{r4, pc}
  78              		.cfi_endproc
  79              	.LFE64:
  80              		.size	Spin_Right, .-Spin_Right
  81 001a 00BF     		.section	.text.Spin_Left,"ax",%progbits
  82              		.align	2
  83              		.global	Spin_Left
  84              		.thumb
  85              		.thumb_func
ARM GAS  C:\Users\boutavin\AppData\Local\Temp\ccOs6jKd.s 			page 3


  86              		.type	Spin_Left, %function
  87              	Spin_Left:
  88              	.LFB65:
  30:main.c        **** }
  31:main.c        **** void Spin_Left(int Vitesse){
  89              		.loc 1 31 0
  90              		.cfi_startproc
  91              		@ args = 0, pretend = 0, frame = 0
  92              		@ frame_needed = 0, uses_anonymous_args = 0
  93              	.LVL7:
  94 0000 10B5     		push	{r4, lr}
  95              		.cfi_def_cfa_offset 8
  96              		.cfi_offset 4, -8
  97              		.cfi_offset 14, -4
  98 0002 0446     		mov	r4, r0
  32:main.c        ****     Wheel_Modes_Write(0x55);
  99              		.loc 1 32 0
 100 0004 5520     		movs	r0, #85
 101              	.LVL8:
 102 0006 FFF7FEFF 		bl	Wheel_Modes_Write
 103              	.LVL9:
  33:main.c        ****     PWM_all_WriteCompare1(Vitesse);
 104              		.loc 1 33 0
 105 000a E4B2     		uxtb	r4, r4
 106              	.LVL10:
 107 000c 2046     		mov	r0, r4
 108 000e FFF7FEFF 		bl	PWM_all_WriteCompare1
 109              	.LVL11:
  34:main.c        ****     PWM_all_WriteCompare2(Vitesse);
 110              		.loc 1 34 0
 111 0012 2046     		mov	r0, r4
 112 0014 FFF7FEFF 		bl	PWM_all_WriteCompare2
 113              	.LVL12:
 114 0018 10BD     		pop	{r4, pc}
 115              		.cfi_endproc
 116              	.LFE65:
 117              		.size	Spin_Left, .-Spin_Left
 118 001a 00BF     		.section	.text.Forward,"ax",%progbits
 119              		.align	2
 120              		.global	Forward
 121              		.thumb
 122              		.thumb_func
 123              		.type	Forward, %function
 124              	Forward:
 125              	.LFB66:
  35:main.c        **** }
  36:main.c        **** void Forward(int Vitesse){
 126              		.loc 1 36 0
 127              		.cfi_startproc
 128              		@ args = 0, pretend = 0, frame = 0
 129              		@ frame_needed = 0, uses_anonymous_args = 0
 130              	.LVL13:
 131 0000 10B5     		push	{r4, lr}
 132              		.cfi_def_cfa_offset 8
 133              		.cfi_offset 4, -8
 134              		.cfi_offset 14, -4
 135 0002 0446     		mov	r4, r0
ARM GAS  C:\Users\boutavin\AppData\Local\Temp\ccOs6jKd.s 			page 4


  37:main.c        ****     Wheel_Modes_Write(0x96);
 136              		.loc 1 37 0
 137 0004 9620     		movs	r0, #150
 138              	.LVL14:
 139 0006 FFF7FEFF 		bl	Wheel_Modes_Write
 140              	.LVL15:
  38:main.c        ****     PWM_all_WriteCompare1(Vitesse);
 141              		.loc 1 38 0
 142 000a E4B2     		uxtb	r4, r4
 143              	.LVL16:
 144 000c 2046     		mov	r0, r4
 145 000e FFF7FEFF 		bl	PWM_all_WriteCompare1
 146              	.LVL17:
  39:main.c        ****     PWM_all_WriteCompare2(Vitesse);
 147              		.loc 1 39 0
 148 0012 2046     		mov	r0, r4
 149 0014 FFF7FEFF 		bl	PWM_all_WriteCompare2
 150              	.LVL18:
 151 0018 10BD     		pop	{r4, pc}
 152              		.cfi_endproc
 153              	.LFE66:
 154              		.size	Forward, .-Forward
 155 001a 00BF     		.section	.text.Backward,"ax",%progbits
 156              		.align	2
 157              		.global	Backward
 158              		.thumb
 159              		.thumb_func
 160              		.type	Backward, %function
 161              	Backward:
 162              	.LFB67:
  40:main.c        **** }
  41:main.c        **** void Backward(int Vitesse){
 163              		.loc 1 41 0
 164              		.cfi_startproc
 165              		@ args = 0, pretend = 0, frame = 0
 166              		@ frame_needed = 0, uses_anonymous_args = 0
 167              	.LVL19:
 168 0000 10B5     		push	{r4, lr}
 169              		.cfi_def_cfa_offset 8
 170              		.cfi_offset 4, -8
 171              		.cfi_offset 14, -4
 172 0002 0446     		mov	r4, r0
  42:main.c        ****     Wheel_Modes_Write(0x69);
 173              		.loc 1 42 0
 174 0004 6920     		movs	r0, #105
 175              	.LVL20:
 176 0006 FFF7FEFF 		bl	Wheel_Modes_Write
 177              	.LVL21:
  43:main.c        ****     PWM_all_WriteCompare1(Vitesse);
 178              		.loc 1 43 0
 179 000a E4B2     		uxtb	r4, r4
 180              	.LVL22:
 181 000c 2046     		mov	r0, r4
 182 000e FFF7FEFF 		bl	PWM_all_WriteCompare1
 183              	.LVL23:
  44:main.c        ****     PWM_all_WriteCompare2(Vitesse);
 184              		.loc 1 44 0
ARM GAS  C:\Users\boutavin\AppData\Local\Temp\ccOs6jKd.s 			page 5


 185 0012 2046     		mov	r0, r4
 186 0014 FFF7FEFF 		bl	PWM_all_WriteCompare2
 187              	.LVL24:
 188 0018 10BD     		pop	{r4, pc}
 189              		.cfi_endproc
 190              	.LFE67:
 191              		.size	Backward, .-Backward
 192 001a 00BF     		.section	.text.ForwardRight,"ax",%progbits
 193              		.align	2
 194              		.global	ForwardRight
 195              		.thumb
 196              		.thumb_func
 197              		.type	ForwardRight, %function
 198              	ForwardRight:
 199              	.LFB68:
  45:main.c        **** }
  46:main.c        **** void ForwardRight(int Vitesse){
 200              		.loc 1 46 0
 201              		.cfi_startproc
 202              		@ args = 0, pretend = 0, frame = 0
 203              		@ frame_needed = 0, uses_anonymous_args = 0
 204              	.LVL25:
 205 0000 10B5     		push	{r4, lr}
 206              		.cfi_def_cfa_offset 8
 207              		.cfi_offset 4, -8
 208              		.cfi_offset 14, -4
 209 0002 0446     		mov	r4, r0
  47:main.c        ****     Wheel_Modes_Write(0x96);
 210              		.loc 1 47 0
 211 0004 9620     		movs	r0, #150
 212              	.LVL26:
 213 0006 FFF7FEFF 		bl	Wheel_Modes_Write
 214              	.LVL27:
  48:main.c        ****     int tempVitD = Vitesse-30;
  49:main.c        ****     int tempVitG = Vitesse;
  50:main.c        ****     if (tempVitD<0){
 215              		.loc 1 50 0
 216 000a B4F11E00 		subs	r0, r4, #30
 217              	.LVL28:
 218 000e 01D5     		bpl	.L12
  51:main.c        ****         tempVitD = 0;
  52:main.c        ****         tempVitG = 30;
 219              		.loc 1 52 0
 220 0010 1E24     		movs	r4, #30
 221              	.LVL29:
  51:main.c        ****         tempVitD = 0;
 222              		.loc 1 51 0
 223 0012 0020     		movs	r0, #0
 224              	.LVL30:
 225              	.L12:
  53:main.c        ****     }
  54:main.c        ****     PWM_all_WriteCompare1(tempVitD);
 226              		.loc 1 54 0
 227 0014 C0B2     		uxtb	r0, r0
 228              	.LVL31:
 229 0016 FFF7FEFF 		bl	PWM_all_WriteCompare1
 230              	.LVL32:
ARM GAS  C:\Users\boutavin\AppData\Local\Temp\ccOs6jKd.s 			page 6


  55:main.c        ****     PWM_all_WriteCompare2(tempVitG);
 231              		.loc 1 55 0
 232 001a E0B2     		uxtb	r0, r4
 233 001c FFF7FEFF 		bl	PWM_all_WriteCompare2
 234              	.LVL33:
 235 0020 10BD     		pop	{r4, pc}
 236              		.cfi_endproc
 237              	.LFE68:
 238              		.size	ForwardRight, .-ForwardRight
 239 0022 00BF     		.section	.text.ForwardLeft,"ax",%progbits
 240              		.align	2
 241              		.global	ForwardLeft
 242              		.thumb
 243              		.thumb_func
 244              		.type	ForwardLeft, %function
 245              	ForwardLeft:
 246              	.LFB69:
  56:main.c        **** }
  57:main.c        **** void ForwardLeft(int Vitesse){
 247              		.loc 1 57 0
 248              		.cfi_startproc
 249              		@ args = 0, pretend = 0, frame = 0
 250              		@ frame_needed = 0, uses_anonymous_args = 0
 251              	.LVL34:
 252 0000 38B5     		push	{r3, r4, r5, lr}
 253              		.cfi_def_cfa_offset 16
 254              		.cfi_offset 3, -16
 255              		.cfi_offset 4, -12
 256              		.cfi_offset 5, -8
 257              		.cfi_offset 14, -4
 258 0002 0446     		mov	r4, r0
  58:main.c        ****     Wheel_Modes_Write(0x96);
 259              		.loc 1 58 0
 260 0004 9620     		movs	r0, #150
 261              	.LVL35:
 262 0006 FFF7FEFF 		bl	Wheel_Modes_Write
 263              	.LVL36:
  59:main.c        ****     int tempVitD = Vitesse;
  60:main.c        ****     int tempVitG = Vitesse-30;
  61:main.c        ****     if (tempVitG<0){
 264              		.loc 1 61 0
 265 000a B4F11E05 		subs	r5, r4, #30
 266              	.LVL37:
 267 000e 01D5     		bpl	.L16
  62:main.c        ****         tempVitG = 0;
 268              		.loc 1 62 0
 269 0010 0025     		movs	r5, #0
 270              	.LVL38:
  63:main.c        ****         tempVitD = 30;
 271              		.loc 1 63 0
 272 0012 1E24     		movs	r4, #30
 273              	.LVL39:
 274              	.L16:
  64:main.c        ****     }
  65:main.c        ****     PWM_all_WriteCompare1(tempVitD);
 275              		.loc 1 65 0
 276 0014 E0B2     		uxtb	r0, r4
ARM GAS  C:\Users\boutavin\AppData\Local\Temp\ccOs6jKd.s 			page 7


 277 0016 FFF7FEFF 		bl	PWM_all_WriteCompare1
 278              	.LVL40:
  66:main.c        ****     PWM_all_WriteCompare2(tempVitG);
 279              		.loc 1 66 0
 280 001a E8B2     		uxtb	r0, r5
 281 001c FFF7FEFF 		bl	PWM_all_WriteCompare2
 282              	.LVL41:
 283 0020 38BD     		pop	{r3, r4, r5, pc}
 284              		.cfi_endproc
 285              	.LFE69:
 286              		.size	ForwardLeft, .-ForwardLeft
 287              		.section	.text.BackwardRight,"ax",%progbits
 288              		.align	2
 289              		.global	BackwardRight
 290              		.thumb
 291              		.thumb_func
 292              		.type	BackwardRight, %function
 293              	BackwardRight:
 294              	.LFB70:
  67:main.c        **** }
  68:main.c        **** void BackwardRight(int Vitesse){
 295              		.loc 1 68 0
 296              		.cfi_startproc
 297              		@ args = 0, pretend = 0, frame = 0
 298              		@ frame_needed = 0, uses_anonymous_args = 0
 299              	.LVL42:
 300 0000 10B5     		push	{r4, lr}
 301              		.cfi_def_cfa_offset 8
 302              		.cfi_offset 4, -8
 303              		.cfi_offset 14, -4
 304 0002 0446     		mov	r4, r0
  69:main.c        ****     Wheel_Modes_Write(0x69);
 305              		.loc 1 69 0
 306 0004 6920     		movs	r0, #105
 307              	.LVL43:
 308 0006 FFF7FEFF 		bl	Wheel_Modes_Write
 309              	.LVL44:
  70:main.c        ****     int tempVitD = Vitesse-30;
  71:main.c        ****     int tempVitG = Vitesse;
  72:main.c        ****     if (tempVitD<0){
 310              		.loc 1 72 0
 311 000a B4F11E00 		subs	r0, r4, #30
 312              	.LVL45:
 313 000e 01D5     		bpl	.L20
  73:main.c        ****         tempVitD = 0;
  74:main.c        ****         tempVitG = 30;
 314              		.loc 1 74 0
 315 0010 1E24     		movs	r4, #30
 316              	.LVL46:
  73:main.c        ****         tempVitD = 0;
 317              		.loc 1 73 0
 318 0012 0020     		movs	r0, #0
 319              	.LVL47:
 320              	.L20:
  75:main.c        ****     }
  76:main.c        ****     PWM_all_WriteCompare1(tempVitD);
 321              		.loc 1 76 0
ARM GAS  C:\Users\boutavin\AppData\Local\Temp\ccOs6jKd.s 			page 8


 322 0014 C0B2     		uxtb	r0, r0
 323              	.LVL48:
 324 0016 FFF7FEFF 		bl	PWM_all_WriteCompare1
 325              	.LVL49:
  77:main.c        ****     PWM_all_WriteCompare2(tempVitG);
 326              		.loc 1 77 0
 327 001a E0B2     		uxtb	r0, r4
 328 001c FFF7FEFF 		bl	PWM_all_WriteCompare2
 329              	.LVL50:
 330 0020 10BD     		pop	{r4, pc}
 331              		.cfi_endproc
 332              	.LFE70:
 333              		.size	BackwardRight, .-BackwardRight
 334 0022 00BF     		.section	.text.BackwardLeft,"ax",%progbits
 335              		.align	2
 336              		.global	BackwardLeft
 337              		.thumb
 338              		.thumb_func
 339              		.type	BackwardLeft, %function
 340              	BackwardLeft:
 341              	.LFB71:
  78:main.c        **** }
  79:main.c        **** void BackwardLeft(int Vitesse){
 342              		.loc 1 79 0
 343              		.cfi_startproc
 344              		@ args = 0, pretend = 0, frame = 0
 345              		@ frame_needed = 0, uses_anonymous_args = 0
 346              	.LVL51:
 347 0000 38B5     		push	{r3, r4, r5, lr}
 348              		.cfi_def_cfa_offset 16
 349              		.cfi_offset 3, -16
 350              		.cfi_offset 4, -12
 351              		.cfi_offset 5, -8
 352              		.cfi_offset 14, -4
 353 0002 0446     		mov	r4, r0
  80:main.c        ****     Wheel_Modes_Write(0x69);
 354              		.loc 1 80 0
 355 0004 6920     		movs	r0, #105
 356              	.LVL52:
 357 0006 FFF7FEFF 		bl	Wheel_Modes_Write
 358              	.LVL53:
  81:main.c        ****     int tempVitD = Vitesse;
  82:main.c        ****     int tempVitG = Vitesse-30;
  83:main.c        ****     if (tempVitG<0){
 359              		.loc 1 83 0
 360 000a B4F11E05 		subs	r5, r4, #30
 361              	.LVL54:
 362 000e 01D5     		bpl	.L24
  84:main.c        ****         tempVitG = 0;
 363              		.loc 1 84 0
 364 0010 0025     		movs	r5, #0
 365              	.LVL55:
  85:main.c        ****         tempVitD = 30;
 366              		.loc 1 85 0
 367 0012 1E24     		movs	r4, #30
 368              	.LVL56:
 369              	.L24:
ARM GAS  C:\Users\boutavin\AppData\Local\Temp\ccOs6jKd.s 			page 9


  86:main.c        ****     }
  87:main.c        ****     PWM_all_WriteCompare1(tempVitD);
 370              		.loc 1 87 0
 371 0014 E0B2     		uxtb	r0, r4
 372 0016 FFF7FEFF 		bl	PWM_all_WriteCompare1
 373              	.LVL57:
  88:main.c        ****     PWM_all_WriteCompare2(tempVitG);
 374              		.loc 1 88 0
 375 001a E8B2     		uxtb	r0, r5
 376 001c FFF7FEFF 		bl	PWM_all_WriteCompare2
 377              	.LVL58:
 378 0020 38BD     		pop	{r3, r4, r5, pc}
 379              		.cfi_endproc
 380              	.LFE71:
 381              		.size	BackwardLeft, .-BackwardLeft
 382              		.section	.text.main,"ax",%progbits
 383              		.align	2
 384              		.global	main
 385              		.thumb
 386              		.thumb_func
 387              		.type	main, %function
 388              	main:
 389              	.LFB72:
  89:main.c        **** }
  90:main.c        **** 
  91:main.c        **** 
  92:main.c        **** int main(void)
  93:main.c        **** {
 390              		.loc 1 93 0
 391              		.cfi_startproc
 392              		@ args = 0, pretend = 0, frame = 0
 393              		@ frame_needed = 0, uses_anonymous_args = 0
 394 0000 08B5     		push	{r3, lr}
 395              		.cfi_def_cfa_offset 8
 396              		.cfi_offset 3, -8
 397              		.cfi_offset 14, -4
  94:main.c        ****     CyGlobalIntEnable; /* Enable global interrupts. */
 398              		.loc 1 94 0
 399              		.syntax unified
 400              	@ 94 "main.c" 1
 401 0002 62B6     		CPSIE   i
 402              	@ 0 "" 2
  95:main.c        ****     
  96:main.c        ****     /*Place the init code */
  97:main.c        ****     PWM_all_Start();
 403              		.loc 1 97 0
 404              		.thumb
 405              		.syntax unified
 406 0004 FFF7FEFF 		bl	PWM_all_Start
 407              	.LVL59:
  98:main.c        ****     ADC_Pot_Start();
 408              		.loc 1 98 0
 409 0008 FFF7FEFF 		bl	ADC_Pot_Start
 410              	.LVL60:
  99:main.c        ****     ADC_Pot_StartConvert();
 411              		.loc 1 99 0
 412 000c FFF7FEFF 		bl	ADC_Pot_StartConvert
ARM GAS  C:\Users\boutavin\AppData\Local\Temp\ccOs6jKd.s 			page 10


 413              	.LVL61:
 100:main.c        ****     StopWheels();
 414              		.loc 1 100 0
 415 0010 FFF7FEFF 		bl	StopWheels
 416              	.LVL62:
 417              	.L28:
 101:main.c        ****     int vitesse = 100;
 102:main.c        ****     for(;;)
 103:main.c        ****     {
 104:main.c        ****         /* Place your application code here. */
 105:main.c        ****         //vitesse = ADC_Pot_GetResult8();
 106:main.c        ****         Forward(vitesse);
 418              		.loc 1 106 0 discriminator 1
 419 0014 6420     		movs	r0, #100
 420 0016 FFF7FEFF 		bl	Forward
 421              	.LVL63:
 422 001a FBE7     		b	.L28
 423              		.cfi_endproc
 424              	.LFE72:
 425              		.size	main, .-main
 426              		.text
 427              	.Letext0:
 428              		.file 2 "c:\\program files (x86)\\cypress\\psoc creator\\4.4\\psoc creator\\import\\gnu\\arm\\5.4.
 429              		.file 3 "c:\\program files (x86)\\cypress\\psoc creator\\4.4\\psoc creator\\import\\gnu\\arm\\5.4.
 430              		.file 4 "Generated_Source\\PSoC5/Wheel_Modes.h"
 431              		.file 5 "Generated_Source\\PSoC5/PWM_all.h"
 432              		.file 6 "Generated_Source\\PSoC5/ADC_Pot.h"
 433              		.file 7 "Generated_Source\\PSoC5/core_cm3.h"
 434              		.section	.debug_info,"",%progbits
 435              	.Ldebug_info0:
 436 0000 B9040000 		.4byte	0x4b9
 437 0004 0400     		.2byte	0x4
 438 0006 00000000 		.4byte	.Ldebug_abbrev0
 439 000a 04       		.byte	0x4
 440 000b 01       		.uleb128 0x1
 441 000c 88000000 		.4byte	.LASF34
 442 0010 0C       		.byte	0xc
 443 0011 31020000 		.4byte	.LASF35
 444 0015 28010000 		.4byte	.LASF36
 445 0019 00000000 		.4byte	.Ldebug_ranges0+0
 446 001d 00000000 		.4byte	0
 447 0021 00000000 		.4byte	.Ldebug_line0
 448 0025 02       		.uleb128 0x2
 449 0026 01       		.byte	0x1
 450 0027 06       		.byte	0x6
 451 0028 0B000000 		.4byte	.LASF0
 452 002c 02       		.uleb128 0x2
 453 002d 01       		.byte	0x1
 454 002e 08       		.byte	0x8
 455 002f 7A000000 		.4byte	.LASF1
 456 0033 02       		.uleb128 0x2
 457 0034 02       		.byte	0x2
 458 0035 05       		.byte	0x5
 459 0036 49020000 		.4byte	.LASF2
 460 003a 02       		.uleb128 0x2
 461 003b 02       		.byte	0x2
 462 003c 07       		.byte	0x7
ARM GAS  C:\Users\boutavin\AppData\Local\Temp\ccOs6jKd.s 			page 11


 463 003d 53010000 		.4byte	.LASF3
 464 0041 03       		.uleb128 0x3
 465 0042 42000000 		.4byte	.LASF9
 466 0046 02       		.byte	0x2
 467 0047 3F       		.byte	0x3f
 468 0048 4C000000 		.4byte	0x4c
 469 004c 02       		.uleb128 0x2
 470 004d 04       		.byte	0x4
 471 004e 05       		.byte	0x5
 472 004f 65020000 		.4byte	.LASF4
 473 0053 02       		.uleb128 0x2
 474 0054 04       		.byte	0x4
 475 0055 07       		.byte	0x7
 476 0056 16010000 		.4byte	.LASF5
 477 005a 02       		.uleb128 0x2
 478 005b 08       		.byte	0x8
 479 005c 05       		.byte	0x5
 480 005d 23020000 		.4byte	.LASF6
 481 0061 02       		.uleb128 0x2
 482 0062 08       		.byte	0x8
 483 0063 07       		.byte	0x7
 484 0064 63000000 		.4byte	.LASF7
 485 0068 04       		.uleb128 0x4
 486 0069 04       		.byte	0x4
 487 006a 05       		.byte	0x5
 488 006b 696E7400 		.ascii	"int\000"
 489 006f 02       		.uleb128 0x2
 490 0070 04       		.byte	0x4
 491 0071 07       		.byte	0x7
 492 0072 9E010000 		.4byte	.LASF8
 493 0076 03       		.uleb128 0x3
 494 0077 04020000 		.4byte	.LASF10
 495 007b 03       		.byte	0x3
 496 007c 2C       		.byte	0x2c
 497 007d 41000000 		.4byte	0x41
 498 0081 02       		.uleb128 0x2
 499 0082 04       		.byte	0x4
 500 0083 04       		.byte	0x4
 501 0084 5D000000 		.4byte	.LASF11
 502 0088 02       		.uleb128 0x2
 503 0089 08       		.byte	0x8
 504 008a 04       		.byte	0x4
 505 008b 80010000 		.4byte	.LASF12
 506 008f 02       		.uleb128 0x2
 507 0090 01       		.byte	0x1
 508 0091 08       		.byte	0x8
 509 0092 38020000 		.4byte	.LASF13
 510 0096 02       		.uleb128 0x2
 511 0097 08       		.byte	0x8
 512 0098 04       		.byte	0x4
 513 0099 6E020000 		.4byte	.LASF14
 514 009d 02       		.uleb128 0x2
 515 009e 04       		.byte	0x4
 516 009f 07       		.byte	0x7
 517 00a0 0C020000 		.4byte	.LASF15
 518 00a4 05       		.uleb128 0x5
 519 00a5 7A020000 		.4byte	.LASF37
ARM GAS  C:\Users\boutavin\AppData\Local\Temp\ccOs6jKd.s 			page 12


 520 00a9 01       		.byte	0x1
 521 00aa 16       		.byte	0x16
 522 00ab 00000000 		.4byte	.LFB63
 523 00af 0A000000 		.4byte	.LFE63-.LFB63
 524 00b3 01       		.uleb128 0x1
 525 00b4 9C       		.byte	0x9c
 526 00b5 C9000000 		.4byte	0xc9
 527 00b9 06       		.uleb128 0x6
 528 00ba 08000000 		.4byte	.LVL0
 529 00be 7A040000 		.4byte	0x47a
 530 00c2 07       		.uleb128 0x7
 531 00c3 01       		.uleb128 0x1
 532 00c4 50       		.byte	0x50
 533 00c5 01       		.uleb128 0x1
 534 00c6 30       		.byte	0x30
 535 00c7 00       		.byte	0
 536 00c8 00       		.byte	0
 537 00c9 08       		.uleb128 0x8
 538 00ca 00000000 		.4byte	.LASF16
 539 00ce 01       		.byte	0x1
 540 00cf 1A       		.byte	0x1a
 541 00d0 00000000 		.4byte	.LFB64
 542 00d4 1A000000 		.4byte	.LFE64-.LFB64
 543 00d8 01       		.uleb128 0x1
 544 00d9 9C       		.byte	0x9c
 545 00da 26010000 		.4byte	0x126
 546 00de 09       		.uleb128 0x9
 547 00df 3A000000 		.4byte	.LASF18
 548 00e3 01       		.byte	0x1
 549 00e4 1A       		.byte	0x1a
 550 00e5 68000000 		.4byte	0x68
 551 00e9 00000000 		.4byte	.LLST0
 552 00ed 0A       		.uleb128 0xa
 553 00ee 0A000000 		.4byte	.LVL3
 554 00f2 7A040000 		.4byte	0x47a
 555 00f6 01010000 		.4byte	0x101
 556 00fa 07       		.uleb128 0x7
 557 00fb 01       		.uleb128 0x1
 558 00fc 50       		.byte	0x50
 559 00fd 02       		.uleb128 0x2
 560 00fe 09       		.byte	0x9
 561 00ff AA       		.byte	0xaa
 562 0100 00       		.byte	0
 563 0101 0A       		.uleb128 0xa
 564 0102 12000000 		.4byte	.LVL5
 565 0106 85040000 		.4byte	0x485
 566 010a 15010000 		.4byte	0x115
 567 010e 07       		.uleb128 0x7
 568 010f 01       		.uleb128 0x1
 569 0110 50       		.byte	0x50
 570 0111 02       		.uleb128 0x2
 571 0112 74       		.byte	0x74
 572 0113 00       		.sleb128 0
 573 0114 00       		.byte	0
 574 0115 06       		.uleb128 0x6
 575 0116 18000000 		.4byte	.LVL6
 576 011a 90040000 		.4byte	0x490
ARM GAS  C:\Users\boutavin\AppData\Local\Temp\ccOs6jKd.s 			page 13


 577 011e 07       		.uleb128 0x7
 578 011f 01       		.uleb128 0x1
 579 0120 50       		.byte	0x50
 580 0121 02       		.uleb128 0x2
 581 0122 74       		.byte	0x74
 582 0123 00       		.sleb128 0
 583 0124 00       		.byte	0
 584 0125 00       		.byte	0
 585 0126 08       		.uleb128 0x8
 586 0127 53020000 		.4byte	.LASF17
 587 012b 01       		.byte	0x1
 588 012c 1F       		.byte	0x1f
 589 012d 00000000 		.4byte	.LFB65
 590 0131 1A000000 		.4byte	.LFE65-.LFB65
 591 0135 01       		.uleb128 0x1
 592 0136 9C       		.byte	0x9c
 593 0137 83010000 		.4byte	0x183
 594 013b 09       		.uleb128 0x9
 595 013c 3A000000 		.4byte	.LASF18
 596 0140 01       		.byte	0x1
 597 0141 1F       		.byte	0x1f
 598 0142 68000000 		.4byte	0x68
 599 0146 2C000000 		.4byte	.LLST1
 600 014a 0A       		.uleb128 0xa
 601 014b 0A000000 		.4byte	.LVL9
 602 014f 7A040000 		.4byte	0x47a
 603 0153 5E010000 		.4byte	0x15e
 604 0157 07       		.uleb128 0x7
 605 0158 01       		.uleb128 0x1
 606 0159 50       		.byte	0x50
 607 015a 02       		.uleb128 0x2
 608 015b 08       		.byte	0x8
 609 015c 55       		.byte	0x55
 610 015d 00       		.byte	0
 611 015e 0A       		.uleb128 0xa
 612 015f 12000000 		.4byte	.LVL11
 613 0163 85040000 		.4byte	0x485
 614 0167 72010000 		.4byte	0x172
 615 016b 07       		.uleb128 0x7
 616 016c 01       		.uleb128 0x1
 617 016d 50       		.byte	0x50
 618 016e 02       		.uleb128 0x2
 619 016f 74       		.byte	0x74
 620 0170 00       		.sleb128 0
 621 0171 00       		.byte	0
 622 0172 06       		.uleb128 0x6
 623 0173 18000000 		.4byte	.LVL12
 624 0177 90040000 		.4byte	0x490
 625 017b 07       		.uleb128 0x7
 626 017c 01       		.uleb128 0x1
 627 017d 50       		.byte	0x50
 628 017e 02       		.uleb128 0x2
 629 017f 74       		.byte	0x74
 630 0180 00       		.sleb128 0
 631 0181 00       		.byte	0
 632 0182 00       		.byte	0
 633 0183 08       		.uleb128 0x8
ARM GAS  C:\Users\boutavin\AppData\Local\Temp\ccOs6jKd.s 			page 14


 634 0184 4C000000 		.4byte	.LASF19
 635 0188 01       		.byte	0x1
 636 0189 24       		.byte	0x24
 637 018a 00000000 		.4byte	.LFB66
 638 018e 1A000000 		.4byte	.LFE66-.LFB66
 639 0192 01       		.uleb128 0x1
 640 0193 9C       		.byte	0x9c
 641 0194 E0010000 		.4byte	0x1e0
 642 0198 09       		.uleb128 0x9
 643 0199 3A000000 		.4byte	.LASF18
 644 019d 01       		.byte	0x1
 645 019e 24       		.byte	0x24
 646 019f 68000000 		.4byte	0x68
 647 01a3 58000000 		.4byte	.LLST2
 648 01a7 0A       		.uleb128 0xa
 649 01a8 0A000000 		.4byte	.LVL15
 650 01ac 7A040000 		.4byte	0x47a
 651 01b0 BB010000 		.4byte	0x1bb
 652 01b4 07       		.uleb128 0x7
 653 01b5 01       		.uleb128 0x1
 654 01b6 50       		.byte	0x50
 655 01b7 02       		.uleb128 0x2
 656 01b8 09       		.byte	0x9
 657 01b9 96       		.byte	0x96
 658 01ba 00       		.byte	0
 659 01bb 0A       		.uleb128 0xa
 660 01bc 12000000 		.4byte	.LVL17
 661 01c0 85040000 		.4byte	0x485
 662 01c4 CF010000 		.4byte	0x1cf
 663 01c8 07       		.uleb128 0x7
 664 01c9 01       		.uleb128 0x1
 665 01ca 50       		.byte	0x50
 666 01cb 02       		.uleb128 0x2
 667 01cc 74       		.byte	0x74
 668 01cd 00       		.sleb128 0
 669 01ce 00       		.byte	0
 670 01cf 06       		.uleb128 0x6
 671 01d0 18000000 		.4byte	.LVL18
 672 01d4 90040000 		.4byte	0x490
 673 01d8 07       		.uleb128 0x7
 674 01d9 01       		.uleb128 0x1
 675 01da 50       		.byte	0x50
 676 01db 02       		.uleb128 0x2
 677 01dc 74       		.byte	0x74
 678 01dd 00       		.sleb128 0
 679 01de 00       		.byte	0
 680 01df 00       		.byte	0
 681 01e0 08       		.uleb128 0x8
 682 01e1 54000000 		.4byte	.LASF20
 683 01e5 01       		.byte	0x1
 684 01e6 29       		.byte	0x29
 685 01e7 00000000 		.4byte	.LFB67
 686 01eb 1A000000 		.4byte	.LFE67-.LFB67
 687 01ef 01       		.uleb128 0x1
 688 01f0 9C       		.byte	0x9c
 689 01f1 3D020000 		.4byte	0x23d
 690 01f5 09       		.uleb128 0x9
ARM GAS  C:\Users\boutavin\AppData\Local\Temp\ccOs6jKd.s 			page 15


 691 01f6 3A000000 		.4byte	.LASF18
 692 01fa 01       		.byte	0x1
 693 01fb 29       		.byte	0x29
 694 01fc 68000000 		.4byte	0x68
 695 0200 84000000 		.4byte	.LLST3
 696 0204 0A       		.uleb128 0xa
 697 0205 0A000000 		.4byte	.LVL21
 698 0209 7A040000 		.4byte	0x47a
 699 020d 18020000 		.4byte	0x218
 700 0211 07       		.uleb128 0x7
 701 0212 01       		.uleb128 0x1
 702 0213 50       		.byte	0x50
 703 0214 02       		.uleb128 0x2
 704 0215 08       		.byte	0x8
 705 0216 69       		.byte	0x69
 706 0217 00       		.byte	0
 707 0218 0A       		.uleb128 0xa
 708 0219 12000000 		.4byte	.LVL23
 709 021d 85040000 		.4byte	0x485
 710 0221 2C020000 		.4byte	0x22c
 711 0225 07       		.uleb128 0x7
 712 0226 01       		.uleb128 0x1
 713 0227 50       		.byte	0x50
 714 0228 02       		.uleb128 0x2
 715 0229 74       		.byte	0x74
 716 022a 00       		.sleb128 0
 717 022b 00       		.byte	0
 718 022c 06       		.uleb128 0x6
 719 022d 18000000 		.4byte	.LVL24
 720 0231 90040000 		.4byte	0x490
 721 0235 07       		.uleb128 0x7
 722 0236 01       		.uleb128 0x1
 723 0237 50       		.byte	0x50
 724 0238 02       		.uleb128 0x2
 725 0239 74       		.byte	0x74
 726 023a 00       		.sleb128 0
 727 023b 00       		.byte	0
 728 023c 00       		.byte	0
 729 023d 08       		.uleb128 0x8
 730 023e 73010000 		.4byte	.LASF21
 731 0242 01       		.byte	0x1
 732 0243 2E       		.byte	0x2e
 733 0244 00000000 		.4byte	.LFB68
 734 0248 22000000 		.4byte	.LFE68-.LFB68
 735 024c 01       		.uleb128 0x1
 736 024d 9C       		.byte	0x9c
 737 024e AD020000 		.4byte	0x2ad
 738 0252 09       		.uleb128 0x9
 739 0253 3A000000 		.4byte	.LASF18
 740 0257 01       		.byte	0x1
 741 0258 2E       		.byte	0x2e
 742 0259 68000000 		.4byte	0x68
 743 025d B0000000 		.4byte	.LLST4
 744 0261 0B       		.uleb128 0xb
 745 0262 F2010000 		.4byte	.LASF22
 746 0266 01       		.byte	0x1
 747 0267 30       		.byte	0x30
ARM GAS  C:\Users\boutavin\AppData\Local\Temp\ccOs6jKd.s 			page 16


 748 0268 68000000 		.4byte	0x68
 749 026c E9000000 		.4byte	.LLST5
 750 0270 0B       		.uleb128 0xb
 751 0271 FB010000 		.4byte	.LASF23
 752 0275 01       		.byte	0x1
 753 0276 31       		.byte	0x31
 754 0277 68000000 		.4byte	0x68
 755 027b 09010000 		.4byte	.LLST6
 756 027f 0A       		.uleb128 0xa
 757 0280 0A000000 		.4byte	.LVL27
 758 0284 7A040000 		.4byte	0x47a
 759 0288 93020000 		.4byte	0x293
 760 028c 07       		.uleb128 0x7
 761 028d 01       		.uleb128 0x1
 762 028e 50       		.byte	0x50
 763 028f 02       		.uleb128 0x2
 764 0290 09       		.byte	0x9
 765 0291 96       		.byte	0x96
 766 0292 00       		.byte	0
 767 0293 0C       		.uleb128 0xc
 768 0294 1A000000 		.4byte	.LVL32
 769 0298 85040000 		.4byte	0x485
 770 029c 06       		.uleb128 0x6
 771 029d 20000000 		.4byte	.LVL33
 772 02a1 90040000 		.4byte	0x490
 773 02a5 07       		.uleb128 0x7
 774 02a6 01       		.uleb128 0x1
 775 02a7 50       		.byte	0x50
 776 02a8 02       		.uleb128 0x2
 777 02a9 74       		.byte	0x74
 778 02aa 00       		.sleb128 0
 779 02ab 00       		.byte	0
 780 02ac 00       		.byte	0
 781 02ad 08       		.uleb128 0x8
 782 02ae 3D020000 		.4byte	.LASF24
 783 02b2 01       		.byte	0x1
 784 02b3 39       		.byte	0x39
 785 02b4 00000000 		.4byte	.LFB69
 786 02b8 22000000 		.4byte	.LFE69-.LFB69
 787 02bc 01       		.uleb128 0x1
 788 02bd 9C       		.byte	0x9c
 789 02be 26030000 		.4byte	0x326
 790 02c2 09       		.uleb128 0x9
 791 02c3 3A000000 		.4byte	.LASF18
 792 02c7 01       		.byte	0x1
 793 02c8 39       		.byte	0x39
 794 02c9 68000000 		.4byte	0x68
 795 02cd 34010000 		.4byte	.LLST7
 796 02d1 0D       		.uleb128 0xd
 797 02d2 F2010000 		.4byte	.LASF22
 798 02d6 01       		.byte	0x1
 799 02d7 3B       		.byte	0x3b
 800 02d8 68000000 		.4byte	0x68
 801 02dc 01       		.uleb128 0x1
 802 02dd 54       		.byte	0x54
 803 02de 0B       		.uleb128 0xb
 804 02df FB010000 		.4byte	.LASF23
ARM GAS  C:\Users\boutavin\AppData\Local\Temp\ccOs6jKd.s 			page 17


 805 02e3 01       		.byte	0x1
 806 02e4 3C       		.byte	0x3c
 807 02e5 68000000 		.4byte	0x68
 808 02e9 60010000 		.4byte	.LLST8
 809 02ed 0A       		.uleb128 0xa
 810 02ee 0A000000 		.4byte	.LVL36
 811 02f2 7A040000 		.4byte	0x47a
 812 02f6 01030000 		.4byte	0x301
 813 02fa 07       		.uleb128 0x7
 814 02fb 01       		.uleb128 0x1
 815 02fc 50       		.byte	0x50
 816 02fd 02       		.uleb128 0x2
 817 02fe 09       		.byte	0x9
 818 02ff 96       		.byte	0x96
 819 0300 00       		.byte	0
 820 0301 0A       		.uleb128 0xa
 821 0302 1A000000 		.4byte	.LVL40
 822 0306 85040000 		.4byte	0x485
 823 030a 15030000 		.4byte	0x315
 824 030e 07       		.uleb128 0x7
 825 030f 01       		.uleb128 0x1
 826 0310 50       		.byte	0x50
 827 0311 02       		.uleb128 0x2
 828 0312 74       		.byte	0x74
 829 0313 00       		.sleb128 0
 830 0314 00       		.byte	0
 831 0315 06       		.uleb128 0x6
 832 0316 20000000 		.4byte	.LVL41
 833 031a 90040000 		.4byte	0x490
 834 031e 07       		.uleb128 0x7
 835 031f 01       		.uleb128 0x1
 836 0320 50       		.byte	0x50
 837 0321 02       		.uleb128 0x2
 838 0322 75       		.byte	0x75
 839 0323 00       		.sleb128 0
 840 0324 00       		.byte	0
 841 0325 00       		.byte	0
 842 0326 08       		.uleb128 0x8
 843 0327 2C000000 		.4byte	.LASF25
 844 032b 01       		.byte	0x1
 845 032c 44       		.byte	0x44
 846 032d 00000000 		.4byte	.LFB70
 847 0331 22000000 		.4byte	.LFE70-.LFB70
 848 0335 01       		.uleb128 0x1
 849 0336 9C       		.byte	0x9c
 850 0337 96030000 		.4byte	0x396
 851 033b 09       		.uleb128 0x9
 852 033c 3A000000 		.4byte	.LASF18
 853 0340 01       		.byte	0x1
 854 0341 44       		.byte	0x44
 855 0342 68000000 		.4byte	0x68
 856 0346 98010000 		.4byte	.LLST9
 857 034a 0B       		.uleb128 0xb
 858 034b F2010000 		.4byte	.LASF22
 859 034f 01       		.byte	0x1
 860 0350 46       		.byte	0x46
 861 0351 68000000 		.4byte	0x68
ARM GAS  C:\Users\boutavin\AppData\Local\Temp\ccOs6jKd.s 			page 18


 862 0355 D1010000 		.4byte	.LLST10
 863 0359 0B       		.uleb128 0xb
 864 035a FB010000 		.4byte	.LASF23
 865 035e 01       		.byte	0x1
 866 035f 47       		.byte	0x47
 867 0360 68000000 		.4byte	0x68
 868 0364 F1010000 		.4byte	.LLST11
 869 0368 0A       		.uleb128 0xa
 870 0369 0A000000 		.4byte	.LVL44
 871 036d 7A040000 		.4byte	0x47a
 872 0371 7C030000 		.4byte	0x37c
 873 0375 07       		.uleb128 0x7
 874 0376 01       		.uleb128 0x1
 875 0377 50       		.byte	0x50
 876 0378 02       		.uleb128 0x2
 877 0379 08       		.byte	0x8
 878 037a 69       		.byte	0x69
 879 037b 00       		.byte	0
 880 037c 0C       		.uleb128 0xc
 881 037d 1A000000 		.4byte	.LVL49
 882 0381 85040000 		.4byte	0x485
 883 0385 06       		.uleb128 0x6
 884 0386 20000000 		.4byte	.LVL50
 885 038a 90040000 		.4byte	0x490
 886 038e 07       		.uleb128 0x7
 887 038f 01       		.uleb128 0x1
 888 0390 50       		.byte	0x50
 889 0391 02       		.uleb128 0x2
 890 0392 74       		.byte	0x74
 891 0393 00       		.sleb128 0
 892 0394 00       		.byte	0
 893 0395 00       		.byte	0
 894 0396 08       		.uleb128 0x8
 895 0397 E5010000 		.4byte	.LASF26
 896 039b 01       		.byte	0x1
 897 039c 4F       		.byte	0x4f
 898 039d 00000000 		.4byte	.LFB71
 899 03a1 22000000 		.4byte	.LFE71-.LFB71
 900 03a5 01       		.uleb128 0x1
 901 03a6 9C       		.byte	0x9c
 902 03a7 0F040000 		.4byte	0x40f
 903 03ab 09       		.uleb128 0x9
 904 03ac 3A000000 		.4byte	.LASF18
 905 03b0 01       		.byte	0x1
 906 03b1 4F       		.byte	0x4f
 907 03b2 68000000 		.4byte	0x68
 908 03b6 1C020000 		.4byte	.LLST12
 909 03ba 0D       		.uleb128 0xd
 910 03bb F2010000 		.4byte	.LASF22
 911 03bf 01       		.byte	0x1
 912 03c0 51       		.byte	0x51
 913 03c1 68000000 		.4byte	0x68
 914 03c5 01       		.uleb128 0x1
 915 03c6 54       		.byte	0x54
 916 03c7 0B       		.uleb128 0xb
 917 03c8 FB010000 		.4byte	.LASF23
 918 03cc 01       		.byte	0x1
ARM GAS  C:\Users\boutavin\AppData\Local\Temp\ccOs6jKd.s 			page 19


 919 03cd 52       		.byte	0x52
 920 03ce 68000000 		.4byte	0x68
 921 03d2 48020000 		.4byte	.LLST13
 922 03d6 0A       		.uleb128 0xa
 923 03d7 0A000000 		.4byte	.LVL53
 924 03db 7A040000 		.4byte	0x47a
 925 03df EA030000 		.4byte	0x3ea
 926 03e3 07       		.uleb128 0x7
 927 03e4 01       		.uleb128 0x1
 928 03e5 50       		.byte	0x50
 929 03e6 02       		.uleb128 0x2
 930 03e7 08       		.byte	0x8
 931 03e8 69       		.byte	0x69
 932 03e9 00       		.byte	0
 933 03ea 0A       		.uleb128 0xa
 934 03eb 1A000000 		.4byte	.LVL57
 935 03ef 85040000 		.4byte	0x485
 936 03f3 FE030000 		.4byte	0x3fe
 937 03f7 07       		.uleb128 0x7
 938 03f8 01       		.uleb128 0x1
 939 03f9 50       		.byte	0x50
 940 03fa 02       		.uleb128 0x2
 941 03fb 74       		.byte	0x74
 942 03fc 00       		.sleb128 0
 943 03fd 00       		.byte	0
 944 03fe 06       		.uleb128 0x6
 945 03ff 20000000 		.4byte	.LVL58
 946 0403 90040000 		.4byte	0x490
 947 0407 07       		.uleb128 0x7
 948 0408 01       		.uleb128 0x1
 949 0409 50       		.byte	0x50
 950 040a 02       		.uleb128 0x2
 951 040b 75       		.byte	0x75
 952 040c 00       		.sleb128 0
 953 040d 00       		.byte	0
 954 040e 00       		.byte	0
 955 040f 0E       		.uleb128 0xe
 956 0410 87010000 		.4byte	.LASF38
 957 0414 01       		.byte	0x1
 958 0415 5C       		.byte	0x5c
 959 0416 68000000 		.4byte	0x68
 960 041a 00000000 		.4byte	.LFB72
 961 041e 1C000000 		.4byte	.LFE72-.LFB72
 962 0422 01       		.uleb128 0x1
 963 0423 9C       		.byte	0x9c
 964 0424 69040000 		.4byte	0x469
 965 0428 0F       		.uleb128 0xf
 966 0429 5D020000 		.4byte	.LASF27
 967 042d 01       		.byte	0x1
 968 042e 65       		.byte	0x65
 969 042f 68000000 		.4byte	0x68
 970 0433 64       		.byte	0x64
 971 0434 0C       		.uleb128 0xc
 972 0435 08000000 		.4byte	.LVL59
 973 0439 9B040000 		.4byte	0x49b
 974 043d 0C       		.uleb128 0xc
 975 043e 0C000000 		.4byte	.LVL60
ARM GAS  C:\Users\boutavin\AppData\Local\Temp\ccOs6jKd.s 			page 20


 976 0442 A6040000 		.4byte	0x4a6
 977 0446 0C       		.uleb128 0xc
 978 0447 10000000 		.4byte	.LVL61
 979 044b B1040000 		.4byte	0x4b1
 980 044f 0C       		.uleb128 0xc
 981 0450 14000000 		.4byte	.LVL62
 982 0454 A4000000 		.4byte	0xa4
 983 0458 06       		.uleb128 0x6
 984 0459 1A000000 		.4byte	.LVL63
 985 045d 83010000 		.4byte	0x183
 986 0461 07       		.uleb128 0x7
 987 0462 01       		.uleb128 0x1
 988 0463 50       		.byte	0x50
 989 0464 02       		.uleb128 0x2
 990 0465 08       		.byte	0x8
 991 0466 64       		.byte	0x64
 992 0467 00       		.byte	0
 993 0468 00       		.byte	0
 994 0469 10       		.uleb128 0x10
 995 046a 66010000 		.4byte	.LASF39
 996 046e 07       		.byte	0x7
 997 046f 1207     		.2byte	0x712
 998 0471 75040000 		.4byte	0x475
 999 0475 11       		.uleb128 0x11
 1000 0476 76000000 		.4byte	0x76
 1001 047a 12       		.uleb128 0x12
 1002 047b 8C010000 		.4byte	.LASF28
 1003 047f 8C010000 		.4byte	.LASF28
 1004 0483 04       		.byte	0x4
 1005 0484 2F       		.byte	0x2f
 1006 0485 12       		.uleb128 0x12
 1007 0486 AB010000 		.4byte	.LASF29
 1008 048a AB010000 		.4byte	.LASF29
 1009 048e 05       		.byte	0x5
 1010 048f C7       		.byte	0xc7
 1011 0490 12       		.uleb128 0x12
 1012 0491 C1010000 		.4byte	.LASF30
 1013 0495 C1010000 		.4byte	.LASF30
 1014 0499 05       		.byte	0x5
 1015 049a CA       		.byte	0xca
 1016 049b 12       		.uleb128 0x12
 1017 049c D7010000 		.4byte	.LASF31
 1018 04a0 D7010000 		.4byte	.LASF31
 1019 04a4 05       		.byte	0x5
 1020 04a5 92       		.byte	0x92
 1021 04a6 12       		.uleb128 0x12
 1022 04a7 15020000 		.4byte	.LASF32
 1023 04ab 15020000 		.4byte	.LASF32
 1024 04af 06       		.byte	0x6
 1025 04b0 34       		.byte	0x34
 1026 04b1 12       		.uleb128 0x12
 1027 04b2 17000000 		.4byte	.LASF33
 1028 04b6 17000000 		.4byte	.LASF33
 1029 04ba 06       		.byte	0x6
 1030 04bb D1       		.byte	0xd1
 1031 04bc 00       		.byte	0
 1032              		.section	.debug_abbrev,"",%progbits
ARM GAS  C:\Users\boutavin\AppData\Local\Temp\ccOs6jKd.s 			page 21


 1033              	.Ldebug_abbrev0:
 1034 0000 01       		.uleb128 0x1
 1035 0001 11       		.uleb128 0x11
 1036 0002 01       		.byte	0x1
 1037 0003 25       		.uleb128 0x25
 1038 0004 0E       		.uleb128 0xe
 1039 0005 13       		.uleb128 0x13
 1040 0006 0B       		.uleb128 0xb
 1041 0007 03       		.uleb128 0x3
 1042 0008 0E       		.uleb128 0xe
 1043 0009 1B       		.uleb128 0x1b
 1044 000a 0E       		.uleb128 0xe
 1045 000b 55       		.uleb128 0x55
 1046 000c 17       		.uleb128 0x17
 1047 000d 11       		.uleb128 0x11
 1048 000e 01       		.uleb128 0x1
 1049 000f 10       		.uleb128 0x10
 1050 0010 17       		.uleb128 0x17
 1051 0011 00       		.byte	0
 1052 0012 00       		.byte	0
 1053 0013 02       		.uleb128 0x2
 1054 0014 24       		.uleb128 0x24
 1055 0015 00       		.byte	0
 1056 0016 0B       		.uleb128 0xb
 1057 0017 0B       		.uleb128 0xb
 1058 0018 3E       		.uleb128 0x3e
 1059 0019 0B       		.uleb128 0xb
 1060 001a 03       		.uleb128 0x3
 1061 001b 0E       		.uleb128 0xe
 1062 001c 00       		.byte	0
 1063 001d 00       		.byte	0
 1064 001e 03       		.uleb128 0x3
 1065 001f 16       		.uleb128 0x16
 1066 0020 00       		.byte	0
 1067 0021 03       		.uleb128 0x3
 1068 0022 0E       		.uleb128 0xe
 1069 0023 3A       		.uleb128 0x3a
 1070 0024 0B       		.uleb128 0xb
 1071 0025 3B       		.uleb128 0x3b
 1072 0026 0B       		.uleb128 0xb
 1073 0027 49       		.uleb128 0x49
 1074 0028 13       		.uleb128 0x13
 1075 0029 00       		.byte	0
 1076 002a 00       		.byte	0
 1077 002b 04       		.uleb128 0x4
 1078 002c 24       		.uleb128 0x24
 1079 002d 00       		.byte	0
 1080 002e 0B       		.uleb128 0xb
 1081 002f 0B       		.uleb128 0xb
 1082 0030 3E       		.uleb128 0x3e
 1083 0031 0B       		.uleb128 0xb
 1084 0032 03       		.uleb128 0x3
 1085 0033 08       		.uleb128 0x8
 1086 0034 00       		.byte	0
 1087 0035 00       		.byte	0
 1088 0036 05       		.uleb128 0x5
 1089 0037 2E       		.uleb128 0x2e
ARM GAS  C:\Users\boutavin\AppData\Local\Temp\ccOs6jKd.s 			page 22


 1090 0038 01       		.byte	0x1
 1091 0039 3F       		.uleb128 0x3f
 1092 003a 19       		.uleb128 0x19
 1093 003b 03       		.uleb128 0x3
 1094 003c 0E       		.uleb128 0xe
 1095 003d 3A       		.uleb128 0x3a
 1096 003e 0B       		.uleb128 0xb
 1097 003f 3B       		.uleb128 0x3b
 1098 0040 0B       		.uleb128 0xb
 1099 0041 11       		.uleb128 0x11
 1100 0042 01       		.uleb128 0x1
 1101 0043 12       		.uleb128 0x12
 1102 0044 06       		.uleb128 0x6
 1103 0045 40       		.uleb128 0x40
 1104 0046 18       		.uleb128 0x18
 1105 0047 9742     		.uleb128 0x2117
 1106 0049 19       		.uleb128 0x19
 1107 004a 01       		.uleb128 0x1
 1108 004b 13       		.uleb128 0x13
 1109 004c 00       		.byte	0
 1110 004d 00       		.byte	0
 1111 004e 06       		.uleb128 0x6
 1112 004f 898201   		.uleb128 0x4109
 1113 0052 01       		.byte	0x1
 1114 0053 11       		.uleb128 0x11
 1115 0054 01       		.uleb128 0x1
 1116 0055 31       		.uleb128 0x31
 1117 0056 13       		.uleb128 0x13
 1118 0057 00       		.byte	0
 1119 0058 00       		.byte	0
 1120 0059 07       		.uleb128 0x7
 1121 005a 8A8201   		.uleb128 0x410a
 1122 005d 00       		.byte	0
 1123 005e 02       		.uleb128 0x2
 1124 005f 18       		.uleb128 0x18
 1125 0060 9142     		.uleb128 0x2111
 1126 0062 18       		.uleb128 0x18
 1127 0063 00       		.byte	0
 1128 0064 00       		.byte	0
 1129 0065 08       		.uleb128 0x8
 1130 0066 2E       		.uleb128 0x2e
 1131 0067 01       		.byte	0x1
 1132 0068 3F       		.uleb128 0x3f
 1133 0069 19       		.uleb128 0x19
 1134 006a 03       		.uleb128 0x3
 1135 006b 0E       		.uleb128 0xe
 1136 006c 3A       		.uleb128 0x3a
 1137 006d 0B       		.uleb128 0xb
 1138 006e 3B       		.uleb128 0x3b
 1139 006f 0B       		.uleb128 0xb
 1140 0070 27       		.uleb128 0x27
 1141 0071 19       		.uleb128 0x19
 1142 0072 11       		.uleb128 0x11
 1143 0073 01       		.uleb128 0x1
 1144 0074 12       		.uleb128 0x12
 1145 0075 06       		.uleb128 0x6
 1146 0076 40       		.uleb128 0x40
ARM GAS  C:\Users\boutavin\AppData\Local\Temp\ccOs6jKd.s 			page 23


 1147 0077 18       		.uleb128 0x18
 1148 0078 9742     		.uleb128 0x2117
 1149 007a 19       		.uleb128 0x19
 1150 007b 01       		.uleb128 0x1
 1151 007c 13       		.uleb128 0x13
 1152 007d 00       		.byte	0
 1153 007e 00       		.byte	0
 1154 007f 09       		.uleb128 0x9
 1155 0080 05       		.uleb128 0x5
 1156 0081 00       		.byte	0
 1157 0082 03       		.uleb128 0x3
 1158 0083 0E       		.uleb128 0xe
 1159 0084 3A       		.uleb128 0x3a
 1160 0085 0B       		.uleb128 0xb
 1161 0086 3B       		.uleb128 0x3b
 1162 0087 0B       		.uleb128 0xb
 1163 0088 49       		.uleb128 0x49
 1164 0089 13       		.uleb128 0x13
 1165 008a 02       		.uleb128 0x2
 1166 008b 17       		.uleb128 0x17
 1167 008c 00       		.byte	0
 1168 008d 00       		.byte	0
 1169 008e 0A       		.uleb128 0xa
 1170 008f 898201   		.uleb128 0x4109
 1171 0092 01       		.byte	0x1
 1172 0093 11       		.uleb128 0x11
 1173 0094 01       		.uleb128 0x1
 1174 0095 31       		.uleb128 0x31
 1175 0096 13       		.uleb128 0x13
 1176 0097 01       		.uleb128 0x1
 1177 0098 13       		.uleb128 0x13
 1178 0099 00       		.byte	0
 1179 009a 00       		.byte	0
 1180 009b 0B       		.uleb128 0xb
 1181 009c 34       		.uleb128 0x34
 1182 009d 00       		.byte	0
 1183 009e 03       		.uleb128 0x3
 1184 009f 0E       		.uleb128 0xe
 1185 00a0 3A       		.uleb128 0x3a
 1186 00a1 0B       		.uleb128 0xb
 1187 00a2 3B       		.uleb128 0x3b
 1188 00a3 0B       		.uleb128 0xb
 1189 00a4 49       		.uleb128 0x49
 1190 00a5 13       		.uleb128 0x13
 1191 00a6 02       		.uleb128 0x2
 1192 00a7 17       		.uleb128 0x17
 1193 00a8 00       		.byte	0
 1194 00a9 00       		.byte	0
 1195 00aa 0C       		.uleb128 0xc
 1196 00ab 898201   		.uleb128 0x4109
 1197 00ae 00       		.byte	0
 1198 00af 11       		.uleb128 0x11
 1199 00b0 01       		.uleb128 0x1
 1200 00b1 31       		.uleb128 0x31
 1201 00b2 13       		.uleb128 0x13
 1202 00b3 00       		.byte	0
 1203 00b4 00       		.byte	0
ARM GAS  C:\Users\boutavin\AppData\Local\Temp\ccOs6jKd.s 			page 24


 1204 00b5 0D       		.uleb128 0xd
 1205 00b6 34       		.uleb128 0x34
 1206 00b7 00       		.byte	0
 1207 00b8 03       		.uleb128 0x3
 1208 00b9 0E       		.uleb128 0xe
 1209 00ba 3A       		.uleb128 0x3a
 1210 00bb 0B       		.uleb128 0xb
 1211 00bc 3B       		.uleb128 0x3b
 1212 00bd 0B       		.uleb128 0xb
 1213 00be 49       		.uleb128 0x49
 1214 00bf 13       		.uleb128 0x13
 1215 00c0 02       		.uleb128 0x2
 1216 00c1 18       		.uleb128 0x18
 1217 00c2 00       		.byte	0
 1218 00c3 00       		.byte	0
 1219 00c4 0E       		.uleb128 0xe
 1220 00c5 2E       		.uleb128 0x2e
 1221 00c6 01       		.byte	0x1
 1222 00c7 3F       		.uleb128 0x3f
 1223 00c8 19       		.uleb128 0x19
 1224 00c9 03       		.uleb128 0x3
 1225 00ca 0E       		.uleb128 0xe
 1226 00cb 3A       		.uleb128 0x3a
 1227 00cc 0B       		.uleb128 0xb
 1228 00cd 3B       		.uleb128 0x3b
 1229 00ce 0B       		.uleb128 0xb
 1230 00cf 27       		.uleb128 0x27
 1231 00d0 19       		.uleb128 0x19
 1232 00d1 49       		.uleb128 0x49
 1233 00d2 13       		.uleb128 0x13
 1234 00d3 8701     		.uleb128 0x87
 1235 00d5 19       		.uleb128 0x19
 1236 00d6 11       		.uleb128 0x11
 1237 00d7 01       		.uleb128 0x1
 1238 00d8 12       		.uleb128 0x12
 1239 00d9 06       		.uleb128 0x6
 1240 00da 40       		.uleb128 0x40
 1241 00db 18       		.uleb128 0x18
 1242 00dc 9742     		.uleb128 0x2117
 1243 00de 19       		.uleb128 0x19
 1244 00df 01       		.uleb128 0x1
 1245 00e0 13       		.uleb128 0x13
 1246 00e1 00       		.byte	0
 1247 00e2 00       		.byte	0
 1248 00e3 0F       		.uleb128 0xf
 1249 00e4 34       		.uleb128 0x34
 1250 00e5 00       		.byte	0
 1251 00e6 03       		.uleb128 0x3
 1252 00e7 0E       		.uleb128 0xe
 1253 00e8 3A       		.uleb128 0x3a
 1254 00e9 0B       		.uleb128 0xb
 1255 00ea 3B       		.uleb128 0x3b
 1256 00eb 0B       		.uleb128 0xb
 1257 00ec 49       		.uleb128 0x49
 1258 00ed 13       		.uleb128 0x13
 1259 00ee 1C       		.uleb128 0x1c
 1260 00ef 0B       		.uleb128 0xb
ARM GAS  C:\Users\boutavin\AppData\Local\Temp\ccOs6jKd.s 			page 25


 1261 00f0 00       		.byte	0
 1262 00f1 00       		.byte	0
 1263 00f2 10       		.uleb128 0x10
 1264 00f3 34       		.uleb128 0x34
 1265 00f4 00       		.byte	0
 1266 00f5 03       		.uleb128 0x3
 1267 00f6 0E       		.uleb128 0xe
 1268 00f7 3A       		.uleb128 0x3a
 1269 00f8 0B       		.uleb128 0xb
 1270 00f9 3B       		.uleb128 0x3b
 1271 00fa 05       		.uleb128 0x5
 1272 00fb 49       		.uleb128 0x49
 1273 00fc 13       		.uleb128 0x13
 1274 00fd 3F       		.uleb128 0x3f
 1275 00fe 19       		.uleb128 0x19
 1276 00ff 3C       		.uleb128 0x3c
 1277 0100 19       		.uleb128 0x19
 1278 0101 00       		.byte	0
 1279 0102 00       		.byte	0
 1280 0103 11       		.uleb128 0x11
 1281 0104 35       		.uleb128 0x35
 1282 0105 00       		.byte	0
 1283 0106 49       		.uleb128 0x49
 1284 0107 13       		.uleb128 0x13
 1285 0108 00       		.byte	0
 1286 0109 00       		.byte	0
 1287 010a 12       		.uleb128 0x12
 1288 010b 2E       		.uleb128 0x2e
 1289 010c 00       		.byte	0
 1290 010d 3F       		.uleb128 0x3f
 1291 010e 19       		.uleb128 0x19
 1292 010f 3C       		.uleb128 0x3c
 1293 0110 19       		.uleb128 0x19
 1294 0111 6E       		.uleb128 0x6e
 1295 0112 0E       		.uleb128 0xe
 1296 0113 03       		.uleb128 0x3
 1297 0114 0E       		.uleb128 0xe
 1298 0115 3A       		.uleb128 0x3a
 1299 0116 0B       		.uleb128 0xb
 1300 0117 3B       		.uleb128 0x3b
 1301 0118 0B       		.uleb128 0xb
 1302 0119 00       		.byte	0
 1303 011a 00       		.byte	0
 1304 011b 00       		.byte	0
 1305              		.section	.debug_loc,"",%progbits
 1306              	.Ldebug_loc0:
 1307              	.LLST0:
 1308 0000 00000000 		.4byte	.LVL1
 1309 0004 06000000 		.4byte	.LVL2
 1310 0008 0100     		.2byte	0x1
 1311 000a 50       		.byte	0x50
 1312 000b 06000000 		.4byte	.LVL2
 1313 000f 0C000000 		.4byte	.LVL4
 1314 0013 0100     		.2byte	0x1
 1315 0015 54       		.byte	0x54
 1316 0016 0C000000 		.4byte	.LVL4
 1317 001a 1A000000 		.4byte	.LFE64
ARM GAS  C:\Users\boutavin\AppData\Local\Temp\ccOs6jKd.s 			page 26


 1318 001e 0400     		.2byte	0x4
 1319 0020 F3       		.byte	0xf3
 1320 0021 01       		.uleb128 0x1
 1321 0022 50       		.byte	0x50
 1322 0023 9F       		.byte	0x9f
 1323 0024 00000000 		.4byte	0
 1324 0028 00000000 		.4byte	0
 1325              	.LLST1:
 1326 002c 00000000 		.4byte	.LVL7
 1327 0030 06000000 		.4byte	.LVL8
 1328 0034 0100     		.2byte	0x1
 1329 0036 50       		.byte	0x50
 1330 0037 06000000 		.4byte	.LVL8
 1331 003b 0C000000 		.4byte	.LVL10
 1332 003f 0100     		.2byte	0x1
 1333 0041 54       		.byte	0x54
 1334 0042 0C000000 		.4byte	.LVL10
 1335 0046 1A000000 		.4byte	.LFE65
 1336 004a 0400     		.2byte	0x4
 1337 004c F3       		.byte	0xf3
 1338 004d 01       		.uleb128 0x1
 1339 004e 50       		.byte	0x50
 1340 004f 9F       		.byte	0x9f
 1341 0050 00000000 		.4byte	0
 1342 0054 00000000 		.4byte	0
 1343              	.LLST2:
 1344 0058 00000000 		.4byte	.LVL13
 1345 005c 06000000 		.4byte	.LVL14
 1346 0060 0100     		.2byte	0x1
 1347 0062 50       		.byte	0x50
 1348 0063 06000000 		.4byte	.LVL14
 1349 0067 0C000000 		.4byte	.LVL16
 1350 006b 0100     		.2byte	0x1
 1351 006d 54       		.byte	0x54
 1352 006e 0C000000 		.4byte	.LVL16
 1353 0072 1A000000 		.4byte	.LFE66
 1354 0076 0400     		.2byte	0x4
 1355 0078 F3       		.byte	0xf3
 1356 0079 01       		.uleb128 0x1
 1357 007a 50       		.byte	0x50
 1358 007b 9F       		.byte	0x9f
 1359 007c 00000000 		.4byte	0
 1360 0080 00000000 		.4byte	0
 1361              	.LLST3:
 1362 0084 00000000 		.4byte	.LVL19
 1363 0088 06000000 		.4byte	.LVL20
 1364 008c 0100     		.2byte	0x1
 1365 008e 50       		.byte	0x50
 1366 008f 06000000 		.4byte	.LVL20
 1367 0093 0C000000 		.4byte	.LVL22
 1368 0097 0100     		.2byte	0x1
 1369 0099 54       		.byte	0x54
 1370 009a 0C000000 		.4byte	.LVL22
 1371 009e 1A000000 		.4byte	.LFE67
 1372 00a2 0400     		.2byte	0x4
 1373 00a4 F3       		.byte	0xf3
 1374 00a5 01       		.uleb128 0x1
ARM GAS  C:\Users\boutavin\AppData\Local\Temp\ccOs6jKd.s 			page 27


 1375 00a6 50       		.byte	0x50
 1376 00a7 9F       		.byte	0x9f
 1377 00a8 00000000 		.4byte	0
 1378 00ac 00000000 		.4byte	0
 1379              	.LLST4:
 1380 00b0 00000000 		.4byte	.LVL25
 1381 00b4 06000000 		.4byte	.LVL26
 1382 00b8 0100     		.2byte	0x1
 1383 00ba 50       		.byte	0x50
 1384 00bb 06000000 		.4byte	.LVL26
 1385 00bf 12000000 		.4byte	.LVL29
 1386 00c3 0100     		.2byte	0x1
 1387 00c5 54       		.byte	0x54
 1388 00c6 12000000 		.4byte	.LVL29
 1389 00ca 14000000 		.4byte	.LVL30
 1390 00ce 0300     		.2byte	0x3
 1391 00d0 70       		.byte	0x70
 1392 00d1 1E       		.sleb128 30
 1393 00d2 9F       		.byte	0x9f
 1394 00d3 14000000 		.4byte	.LVL30
 1395 00d7 22000000 		.4byte	.LFE68
 1396 00db 0400     		.2byte	0x4
 1397 00dd F3       		.byte	0xf3
 1398 00de 01       		.uleb128 0x1
 1399 00df 50       		.byte	0x50
 1400 00e0 9F       		.byte	0x9f
 1401 00e1 00000000 		.4byte	0
 1402 00e5 00000000 		.4byte	0
 1403              	.LLST5:
 1404 00e9 0A000000 		.4byte	.LVL27
 1405 00ed 0E000000 		.4byte	.LVL28
 1406 00f1 0300     		.2byte	0x3
 1407 00f3 74       		.byte	0x74
 1408 00f4 62       		.sleb128 -30
 1409 00f5 9F       		.byte	0x9f
 1410 00f6 0E000000 		.4byte	.LVL28
 1411 00fa 16000000 		.4byte	.LVL31
 1412 00fe 0100     		.2byte	0x1
 1413 0100 50       		.byte	0x50
 1414 0101 00000000 		.4byte	0
 1415 0105 00000000 		.4byte	0
 1416              	.LLST6:
 1417 0109 0A000000 		.4byte	.LVL27
 1418 010d 12000000 		.4byte	.LVL29
 1419 0111 0100     		.2byte	0x1
 1420 0113 54       		.byte	0x54
 1421 0114 12000000 		.4byte	.LVL29
 1422 0118 14000000 		.4byte	.LVL30
 1423 011c 0300     		.2byte	0x3
 1424 011e 70       		.byte	0x70
 1425 011f 1E       		.sleb128 30
 1426 0120 9F       		.byte	0x9f
 1427 0121 14000000 		.4byte	.LVL30
 1428 0125 22000000 		.4byte	.LFE68
 1429 0129 0100     		.2byte	0x1
 1430 012b 54       		.byte	0x54
 1431 012c 00000000 		.4byte	0
ARM GAS  C:\Users\boutavin\AppData\Local\Temp\ccOs6jKd.s 			page 28


 1432 0130 00000000 		.4byte	0
 1433              	.LLST7:
 1434 0134 00000000 		.4byte	.LVL34
 1435 0138 06000000 		.4byte	.LVL35
 1436 013c 0100     		.2byte	0x1
 1437 013e 50       		.byte	0x50
 1438 013f 06000000 		.4byte	.LVL35
 1439 0143 14000000 		.4byte	.LVL39
 1440 0147 0100     		.2byte	0x1
 1441 0149 54       		.byte	0x54
 1442 014a 14000000 		.4byte	.LVL39
 1443 014e 22000000 		.4byte	.LFE69
 1444 0152 0400     		.2byte	0x4
 1445 0154 F3       		.byte	0xf3
 1446 0155 01       		.uleb128 0x1
 1447 0156 50       		.byte	0x50
 1448 0157 9F       		.byte	0x9f
 1449 0158 00000000 		.4byte	0
 1450 015c 00000000 		.4byte	0
 1451              	.LLST8:
 1452 0160 0A000000 		.4byte	.LVL36
 1453 0164 0E000000 		.4byte	.LVL37
 1454 0168 0300     		.2byte	0x3
 1455 016a 74       		.byte	0x74
 1456 016b 62       		.sleb128 -30
 1457 016c 9F       		.byte	0x9f
 1458 016d 0E000000 		.4byte	.LVL37
 1459 0171 12000000 		.4byte	.LVL38
 1460 0175 0100     		.2byte	0x1
 1461 0177 55       		.byte	0x55
 1462 0178 12000000 		.4byte	.LVL38
 1463 017c 14000000 		.4byte	.LVL39
 1464 0180 0300     		.2byte	0x3
 1465 0182 74       		.byte	0x74
 1466 0183 62       		.sleb128 -30
 1467 0184 9F       		.byte	0x9f
 1468 0185 14000000 		.4byte	.LVL39
 1469 0189 22000000 		.4byte	.LFE69
 1470 018d 0100     		.2byte	0x1
 1471 018f 55       		.byte	0x55
 1472 0190 00000000 		.4byte	0
 1473 0194 00000000 		.4byte	0
 1474              	.LLST9:
 1475 0198 00000000 		.4byte	.LVL42
 1476 019c 06000000 		.4byte	.LVL43
 1477 01a0 0100     		.2byte	0x1
 1478 01a2 50       		.byte	0x50
 1479 01a3 06000000 		.4byte	.LVL43
 1480 01a7 12000000 		.4byte	.LVL46
 1481 01ab 0100     		.2byte	0x1
 1482 01ad 54       		.byte	0x54
 1483 01ae 12000000 		.4byte	.LVL46
 1484 01b2 14000000 		.4byte	.LVL47
 1485 01b6 0300     		.2byte	0x3
 1486 01b8 70       		.byte	0x70
 1487 01b9 1E       		.sleb128 30
 1488 01ba 9F       		.byte	0x9f
ARM GAS  C:\Users\boutavin\AppData\Local\Temp\ccOs6jKd.s 			page 29


 1489 01bb 14000000 		.4byte	.LVL47
 1490 01bf 22000000 		.4byte	.LFE70
 1491 01c3 0400     		.2byte	0x4
 1492 01c5 F3       		.byte	0xf3
 1493 01c6 01       		.uleb128 0x1
 1494 01c7 50       		.byte	0x50
 1495 01c8 9F       		.byte	0x9f
 1496 01c9 00000000 		.4byte	0
 1497 01cd 00000000 		.4byte	0
 1498              	.LLST10:
 1499 01d1 0A000000 		.4byte	.LVL44
 1500 01d5 0E000000 		.4byte	.LVL45
 1501 01d9 0300     		.2byte	0x3
 1502 01db 74       		.byte	0x74
 1503 01dc 62       		.sleb128 -30
 1504 01dd 9F       		.byte	0x9f
 1505 01de 0E000000 		.4byte	.LVL45
 1506 01e2 16000000 		.4byte	.LVL48
 1507 01e6 0100     		.2byte	0x1
 1508 01e8 50       		.byte	0x50
 1509 01e9 00000000 		.4byte	0
 1510 01ed 00000000 		.4byte	0
 1511              	.LLST11:
 1512 01f1 0A000000 		.4byte	.LVL44
 1513 01f5 12000000 		.4byte	.LVL46
 1514 01f9 0100     		.2byte	0x1
 1515 01fb 54       		.byte	0x54
 1516 01fc 12000000 		.4byte	.LVL46
 1517 0200 14000000 		.4byte	.LVL47
 1518 0204 0300     		.2byte	0x3
 1519 0206 70       		.byte	0x70
 1520 0207 1E       		.sleb128 30
 1521 0208 9F       		.byte	0x9f
 1522 0209 14000000 		.4byte	.LVL47
 1523 020d 22000000 		.4byte	.LFE70
 1524 0211 0100     		.2byte	0x1
 1525 0213 54       		.byte	0x54
 1526 0214 00000000 		.4byte	0
 1527 0218 00000000 		.4byte	0
 1528              	.LLST12:
 1529 021c 00000000 		.4byte	.LVL51
 1530 0220 06000000 		.4byte	.LVL52
 1531 0224 0100     		.2byte	0x1
 1532 0226 50       		.byte	0x50
 1533 0227 06000000 		.4byte	.LVL52
 1534 022b 14000000 		.4byte	.LVL56
 1535 022f 0100     		.2byte	0x1
 1536 0231 54       		.byte	0x54
 1537 0232 14000000 		.4byte	.LVL56
 1538 0236 22000000 		.4byte	.LFE71
 1539 023a 0400     		.2byte	0x4
 1540 023c F3       		.byte	0xf3
 1541 023d 01       		.uleb128 0x1
 1542 023e 50       		.byte	0x50
 1543 023f 9F       		.byte	0x9f
 1544 0240 00000000 		.4byte	0
 1545 0244 00000000 		.4byte	0
ARM GAS  C:\Users\boutavin\AppData\Local\Temp\ccOs6jKd.s 			page 30


 1546              	.LLST13:
 1547 0248 0A000000 		.4byte	.LVL53
 1548 024c 0E000000 		.4byte	.LVL54
 1549 0250 0300     		.2byte	0x3
 1550 0252 74       		.byte	0x74
 1551 0253 62       		.sleb128 -30
 1552 0254 9F       		.byte	0x9f
 1553 0255 0E000000 		.4byte	.LVL54
 1554 0259 12000000 		.4byte	.LVL55
 1555 025d 0100     		.2byte	0x1
 1556 025f 55       		.byte	0x55
 1557 0260 12000000 		.4byte	.LVL55
 1558 0264 14000000 		.4byte	.LVL56
 1559 0268 0300     		.2byte	0x3
 1560 026a 74       		.byte	0x74
 1561 026b 62       		.sleb128 -30
 1562 026c 9F       		.byte	0x9f
 1563 026d 14000000 		.4byte	.LVL56
 1564 0271 22000000 		.4byte	.LFE71
 1565 0275 0100     		.2byte	0x1
 1566 0277 55       		.byte	0x55
 1567 0278 00000000 		.4byte	0
 1568 027c 00000000 		.4byte	0
 1569              		.section	.debug_aranges,"",%progbits
 1570 0000 64000000 		.4byte	0x64
 1571 0004 0200     		.2byte	0x2
 1572 0006 00000000 		.4byte	.Ldebug_info0
 1573 000a 04       		.byte	0x4
 1574 000b 00       		.byte	0
 1575 000c 0000     		.2byte	0
 1576 000e 0000     		.2byte	0
 1577 0010 00000000 		.4byte	.LFB63
 1578 0014 0A000000 		.4byte	.LFE63-.LFB63
 1579 0018 00000000 		.4byte	.LFB64
 1580 001c 1A000000 		.4byte	.LFE64-.LFB64
 1581 0020 00000000 		.4byte	.LFB65
 1582 0024 1A000000 		.4byte	.LFE65-.LFB65
 1583 0028 00000000 		.4byte	.LFB66
 1584 002c 1A000000 		.4byte	.LFE66-.LFB66
 1585 0030 00000000 		.4byte	.LFB67
 1586 0034 1A000000 		.4byte	.LFE67-.LFB67
 1587 0038 00000000 		.4byte	.LFB68
 1588 003c 22000000 		.4byte	.LFE68-.LFB68
 1589 0040 00000000 		.4byte	.LFB69
 1590 0044 22000000 		.4byte	.LFE69-.LFB69
 1591 0048 00000000 		.4byte	.LFB70
 1592 004c 22000000 		.4byte	.LFE70-.LFB70
 1593 0050 00000000 		.4byte	.LFB71
 1594 0054 22000000 		.4byte	.LFE71-.LFB71
 1595 0058 00000000 		.4byte	.LFB72
 1596 005c 1C000000 		.4byte	.LFE72-.LFB72
 1597 0060 00000000 		.4byte	0
 1598 0064 00000000 		.4byte	0
 1599              		.section	.debug_ranges,"",%progbits
 1600              	.Ldebug_ranges0:
 1601 0000 00000000 		.4byte	.LFB63
 1602 0004 0A000000 		.4byte	.LFE63
ARM GAS  C:\Users\boutavin\AppData\Local\Temp\ccOs6jKd.s 			page 31


 1603 0008 00000000 		.4byte	.LFB64
 1604 000c 1A000000 		.4byte	.LFE64
 1605 0010 00000000 		.4byte	.LFB65
 1606 0014 1A000000 		.4byte	.LFE65
 1607 0018 00000000 		.4byte	.LFB66
 1608 001c 1A000000 		.4byte	.LFE66
 1609 0020 00000000 		.4byte	.LFB67
 1610 0024 1A000000 		.4byte	.LFE67
 1611 0028 00000000 		.4byte	.LFB68
 1612 002c 22000000 		.4byte	.LFE68
 1613 0030 00000000 		.4byte	.LFB69
 1614 0034 22000000 		.4byte	.LFE69
 1615 0038 00000000 		.4byte	.LFB70
 1616 003c 22000000 		.4byte	.LFE70
 1617 0040 00000000 		.4byte	.LFB71
 1618 0044 22000000 		.4byte	.LFE71
 1619 0048 00000000 		.4byte	.LFB72
 1620 004c 1C000000 		.4byte	.LFE72
 1621 0050 00000000 		.4byte	0
 1622 0054 00000000 		.4byte	0
 1623              		.section	.debug_line,"",%progbits
 1624              	.Ldebug_line0:
 1625 0000 38020000 		.section	.debug_str,"MS",%progbits,1
 1625      02006A01 
 1625      00000201 
 1625      FB0E0D00 
 1625      01010101 
 1626              	.LASF16:
 1627 0000 5370696E 		.ascii	"Spin_Right\000"
 1627      5F526967 
 1627      687400
 1628              	.LASF0:
 1629 000b 7369676E 		.ascii	"signed char\000"
 1629      65642063 
 1629      68617200 
 1630              	.LASF33:
 1631 0017 4144435F 		.ascii	"ADC_Pot_StartConvert\000"
 1631      506F745F 
 1631      53746172 
 1631      74436F6E 
 1631      76657274 
 1632              	.LASF25:
 1633 002c 4261636B 		.ascii	"BackwardRight\000"
 1633      77617264 
 1633      52696768 
 1633      7400
 1634              	.LASF18:
 1635 003a 56697465 		.ascii	"Vitesse\000"
 1635      73736500 
 1636              	.LASF9:
 1637 0042 5F5F696E 		.ascii	"__int32_t\000"
 1637      7433325F 
 1637      7400
 1638              	.LASF19:
 1639 004c 466F7277 		.ascii	"Forward\000"
 1639      61726400 
 1640              	.LASF20:
ARM GAS  C:\Users\boutavin\AppData\Local\Temp\ccOs6jKd.s 			page 32


 1641 0054 4261636B 		.ascii	"Backward\000"
 1641      77617264 
 1641      00
 1642              	.LASF11:
 1643 005d 666C6F61 		.ascii	"float\000"
 1643      7400
 1644              	.LASF7:
 1645 0063 6C6F6E67 		.ascii	"long long unsigned int\000"
 1645      206C6F6E 
 1645      6720756E 
 1645      7369676E 
 1645      65642069 
 1646              	.LASF1:
 1647 007a 756E7369 		.ascii	"unsigned char\000"
 1647      676E6564 
 1647      20636861 
 1647      7200
 1648              	.LASF34:
 1649 0088 474E5520 		.ascii	"GNU C11 5.4.1 20160609 (release) [ARM/embedded-5-br"
 1649      43313120 
 1649      352E342E 
 1649      31203230 
 1649      31363036 
 1650 00bb 616E6368 		.ascii	"anch revision 237715] -mcpu=cortex-m3 -mthumb -g -O"
 1650      20726576 
 1650      6973696F 
 1650      6E203233 
 1650      37373135 
 1651 00ee 67202D66 		.ascii	"g -ffunction-sections -ffat-lto-objects\000"
 1651      66756E63 
 1651      74696F6E 
 1651      2D736563 
 1651      74696F6E 
 1652              	.LASF5:
 1653 0116 6C6F6E67 		.ascii	"long unsigned int\000"
 1653      20756E73 
 1653      69676E65 
 1653      6420696E 
 1653      7400
 1654              	.LASF36:
 1655 0128 553A5C35 		.ascii	"U:\\5SEE\\PSOC\\WorkspacePSOC\\PWMmoteur.cydsn\000"
 1655      5345455C 
 1655      50534F43 
 1655      5C576F72 
 1655      6B737061 
 1656              	.LASF3:
 1657 0153 73686F72 		.ascii	"short unsigned int\000"
 1657      7420756E 
 1657      7369676E 
 1657      65642069 
 1657      6E7400
 1658              	.LASF39:
 1659 0166 49544D5F 		.ascii	"ITM_RxBuffer\000"
 1659      52784275 
 1659      66666572 
 1659      00
 1660              	.LASF21:
ARM GAS  C:\Users\boutavin\AppData\Local\Temp\ccOs6jKd.s 			page 33


 1661 0173 466F7277 		.ascii	"ForwardRight\000"
 1661      61726452 
 1661      69676874 
 1661      00
 1662              	.LASF12:
 1663 0180 646F7562 		.ascii	"double\000"
 1663      6C6500
 1664              	.LASF38:
 1665 0187 6D61696E 		.ascii	"main\000"
 1665      00
 1666              	.LASF28:
 1667 018c 57686565 		.ascii	"Wheel_Modes_Write\000"
 1667      6C5F4D6F 
 1667      6465735F 
 1667      57726974 
 1667      6500
 1668              	.LASF8:
 1669 019e 756E7369 		.ascii	"unsigned int\000"
 1669      676E6564 
 1669      20696E74 
 1669      00
 1670              	.LASF29:
 1671 01ab 50574D5F 		.ascii	"PWM_all_WriteCompare1\000"
 1671      616C6C5F 
 1671      57726974 
 1671      65436F6D 
 1671      70617265 
 1672              	.LASF30:
 1673 01c1 50574D5F 		.ascii	"PWM_all_WriteCompare2\000"
 1673      616C6C5F 
 1673      57726974 
 1673      65436F6D 
 1673      70617265 
 1674              	.LASF31:
 1675 01d7 50574D5F 		.ascii	"PWM_all_Start\000"
 1675      616C6C5F 
 1675      53746172 
 1675      7400
 1676              	.LASF26:
 1677 01e5 4261636B 		.ascii	"BackwardLeft\000"
 1677      77617264 
 1677      4C656674 
 1677      00
 1678              	.LASF22:
 1679 01f2 74656D70 		.ascii	"tempVitD\000"
 1679      56697444 
 1679      00
 1680              	.LASF23:
 1681 01fb 74656D70 		.ascii	"tempVitG\000"
 1681      56697447 
 1681      00
 1682              	.LASF10:
 1683 0204 696E7433 		.ascii	"int32_t\000"
 1683      325F7400 
 1684              	.LASF15:
 1685 020c 73697A65 		.ascii	"sizetype\000"
 1685      74797065 
ARM GAS  C:\Users\boutavin\AppData\Local\Temp\ccOs6jKd.s 			page 34


 1685      00
 1686              	.LASF32:
 1687 0215 4144435F 		.ascii	"ADC_Pot_Start\000"
 1687      506F745F 
 1687      53746172 
 1687      7400
 1688              	.LASF6:
 1689 0223 6C6F6E67 		.ascii	"long long int\000"
 1689      206C6F6E 
 1689      6720696E 
 1689      7400
 1690              	.LASF35:
 1691 0231 6D61696E 		.ascii	"main.c\000"
 1691      2E6300
 1692              	.LASF13:
 1693 0238 63686172 		.ascii	"char\000"
 1693      00
 1694              	.LASF24:
 1695 023d 466F7277 		.ascii	"ForwardLeft\000"
 1695      6172644C 
 1695      65667400 
 1696              	.LASF2:
 1697 0249 73686F72 		.ascii	"short int\000"
 1697      7420696E 
 1697      7400
 1698              	.LASF17:
 1699 0253 5370696E 		.ascii	"Spin_Left\000"
 1699      5F4C6566 
 1699      7400
 1700              	.LASF27:
 1701 025d 76697465 		.ascii	"vitesse\000"
 1701      73736500 
 1702              	.LASF4:
 1703 0265 6C6F6E67 		.ascii	"long int\000"
 1703      20696E74 
 1703      00
 1704              	.LASF14:
 1705 026e 6C6F6E67 		.ascii	"long double\000"
 1705      20646F75 
 1705      626C6500 
 1706              	.LASF37:
 1707 027a 53746F70 		.ascii	"StopWheels\000"
 1707      57686565 
 1707      6C7300
 1708              		.ident	"GCC: (GNU Tools for ARM Embedded Processors) 5.4.1 20160609 (release) [ARM/embedded-5-bran
