ARM GAS  C:\Users\LESPIA~1\AppData\Local\Temp\ccrUY6xJ.s 			page 1


   1              		.syntax unified
   2              		.cpu cortex-m3
   3              		.fpu softvfp
   4              		.eabi_attribute 20, 1
   5              		.eabi_attribute 21, 1
   6              		.eabi_attribute 23, 3
   7              		.eabi_attribute 24, 1
   8              		.eabi_attribute 25, 1
   9              		.eabi_attribute 26, 1
  10              		.eabi_attribute 30, 1
  11              		.eabi_attribute 34, 1
  12              		.eabi_attribute 18, 4
  13              		.thumb
  14              		.syntax unified
  15              		.file	"cymetadata.c"
  16              		.text
  17              	.Ltext0:
  18              		.cfi_sections	.debug_frame
  19              		.global	cy_metadata
  20              		.global	cy_meta_flashprotect
  21              		.global	cy_meta_wonvl
  22              		.global	cy_meta_custnvl
  23              		.global	cy_meta_configecc
  24              		.section	.cyconfigecc,"a",%progbits
  25              		.align	2
  26              		.type	cy_meta_configecc, %object
  27              		.size	cy_meta_configecc, 1324
  28              	cy_meta_configecc:
  29 0000 01       		.byte	1
  30 0001 4F       		.byte	79
  31 0002 00       		.byte	0
  32 0003 40       		.byte	64
  33 0004 09       		.byte	9
  34 0005 52       		.byte	82
  35 0006 00       		.byte	0
  36 0007 40       		.byte	64
  37 0008 04       		.byte	4
  38 0009 65       		.byte	101
  39 000a 00       		.byte	0
  40 000b 40       		.byte	64
  41 000c 01       		.byte	1
  42 000d 03       		.byte	3
  43 000e 01       		.byte	1
  44 000f 40       		.byte	64
  45 0010 01       		.byte	1
  46 0011 05       		.byte	5
  47 0012 01       		.byte	1
  48 0013 40       		.byte	64
  49 0014 01       		.byte	1
  50 0015 07       		.byte	7
  51 0016 01       		.byte	1
  52 0017 40       		.byte	64
  53 0018 5A       		.byte	90
  54 0019 08       		.byte	8
  55 001a 01       		.byte	1
  56 001b 40       		.byte	64
  57 001c 39       		.byte	57
ARM GAS  C:\Users\LESPIA~1\AppData\Local\Temp\ccrUY6xJ.s 			page 2


  58 001d 09       		.byte	9
  59 001e 01       		.byte	1
  60 001f 40       		.byte	64
  61 0020 04       		.byte	4
  62 0021 0B       		.byte	11
  63 0022 01       		.byte	1
  64 0023 40       		.byte	64
  65 0024 01       		.byte	1
  66 0025 0D       		.byte	13
  67 0026 01       		.byte	1
  68 0027 40       		.byte	64
  69 0028 02       		.byte	2
  70 0029 15       		.byte	21
  71 002a 01       		.byte	1
  72 002b 40       		.byte	64
  73 002c 02       		.byte	2
  74 002d 17       		.byte	23
  75 002e 01       		.byte	1
  76 002f 40       		.byte	64
  77 0030 57       		.byte	87
  78 0031 18       		.byte	24
  79 0032 01       		.byte	1
  80 0033 40       		.byte	64
  81 0034 44       		.byte	68
  82 0035 19       		.byte	25
  83 0036 01       		.byte	1
  84 0037 40       		.byte	64
  85 0038 56       		.byte	86
  86 0039 1A       		.byte	26
  87 003a 01       		.byte	1
  88 003b 40       		.byte	64
  89 003c 45       		.byte	69
  90 003d 1B       		.byte	27
  91 003e 01       		.byte	1
  92 003f 40       		.byte	64
  93 0040 0D       		.byte	13
  94 0041 40       		.byte	64
  95 0042 01       		.byte	1
  96 0043 40       		.byte	64
  97 0044 08       		.byte	8
  98 0045 41       		.byte	65
  99 0046 01       		.byte	1
 100 0047 40       		.byte	64
 101 0048 06       		.byte	6
 102 0049 42       		.byte	66
 103 004a 01       		.byte	1
 104 004b 40       		.byte	64
 105 004c 08       		.byte	8
 106 004d 43       		.byte	67
 107 004e 01       		.byte	1
 108 004f 40       		.byte	64
 109 0050 04       		.byte	4
 110 0051 45       		.byte	69
 111 0052 01       		.byte	1
 112 0053 40       		.byte	64
 113 0054 03       		.byte	3
 114 0055 46       		.byte	70
ARM GAS  C:\Users\LESPIA~1\AppData\Local\Temp\ccrUY6xJ.s 			page 3


 115 0056 01       		.byte	1
 116 0057 40       		.byte	64
 117 0058 06       		.byte	6
 118 0059 47       		.byte	71
 119 005a 01       		.byte	1
 120 005b 40       		.byte	64
 121 005c 08       		.byte	8
 122 005d 48       		.byte	72
 123 005e 01       		.byte	1
 124 005f 40       		.byte	64
 125 0060 06       		.byte	6
 126 0061 49       		.byte	73
 127 0062 01       		.byte	1
 128 0063 40       		.byte	64
 129 0064 08       		.byte	8
 130 0065 4C       		.byte	76
 131 0066 01       		.byte	1
 132 0067 40       		.byte	64
 133 0068 11       		.byte	17
 134 0069 4D       		.byte	77
 135 006a 01       		.byte	1
 136 006b 40       		.byte	64
 137 006c 04       		.byte	4
 138 006d 50       		.byte	80
 139 006e 01       		.byte	1
 140 006f 40       		.byte	64
 141 0070 01       		.byte	1
 142 0071 51       		.byte	81
 143 0072 01       		.byte	1
 144 0073 40       		.byte	64
 145 0074 0A       		.byte	10
 146 0075 36       		.byte	54
 147 0076 01       		.byte	1
 148 0077 01       		.byte	1
 149 0078 09       		.byte	9
 150 0079 80       		.byte	-128
 151 007a 0C       		.byte	12
 152 007b 40       		.byte	64
 153 007c 10       		.byte	16
 154 007d 01       		.byte	1
 155 007e 11       		.byte	17
 156 007f 05       		.byte	5
 157 0080 20       		.byte	32
 158 0081 93       		.byte	-109
 159 0082 21       		.byte	33
 160 0083 C5       		.byte	-59
 161 0084 28       		.byte	40
 162 0085 04       		.byte	4
 163 0086 29       		.byte	41
 164 0087 14       		.byte	20
 165 0088 88       		.byte	-120
 166 0089 0F       		.byte	15
 167 008a 89       		.byte	-119
 168 008b 72       		.byte	114
 169 008c 8A       		.byte	-118
 170 008d 38       		.byte	56
 171 008e 8B       		.byte	-117
ARM GAS  C:\Users\LESPIA~1\AppData\Local\Temp\ccrUY6xJ.s 			page 4


 172 008f 0F       		.byte	15
 173 0090 E2       		.byte	-30
 174 0091 02       		.byte	2
 175 0092 E2       		.byte	-30
 176 0093 08       		.byte	8
 177 0094 E2       		.byte	-30
 178 0095 04       		.byte	4
 179 0096 02       		.byte	2
 180 0097 08       		.byte	8
 181 0098 04       		.byte	4
 182 0099 31       		.byte	49
 183 009a 05       		.byte	5
 184 009b 01       		.byte	1
 185 009c 06       		.byte	6
 186 009d 86       		.byte	-122
 187 009e 08       		.byte	8
 188 009f 31       		.byte	49
 189 00a0 0A       		.byte	10
 190 00a1 0E       		.byte	14
 191 00a2 14       		.byte	20
 192 00a3 AC       		.byte	-84
 193 00a4 16       		.byte	22
 194 00a5 03       		.byte	3
 195 00a6 18       		.byte	24
 196 00a7 40       		.byte	64
 197 00a8 1E       		.byte	30
 198 00a9 8C       		.byte	-116
 199 00aa 20       		.byte	32
 200 00ab 40       		.byte	64
 201 00ac 24       		.byte	36
 202 00ad 40       		.byte	64
 203 00ae 2A       		.byte	42
 204 00af 13       		.byte	19
 205 00b0 30       		.byte	48
 206 00b1 40       		.byte	64
 207 00b2 32       		.byte	50
 208 00b3 0F       		.byte	15
 209 00b4 33       		.byte	51
 210 00b5 01       		.byte	1
 211 00b6 34       		.byte	52
 212 00b7 8A       		.byte	-118
 213 00b8 36       		.byte	54
 214 00b9 30       		.byte	48
 215 00ba 38       		.byte	56
 216 00bb 80       		.byte	-128
 217 00bc 3A       		.byte	58
 218 00bd 28       		.byte	40
 219 00be 3E       		.byte	62
 220 00bf 40       		.byte	64
 221 00c0 3F       		.byte	63
 222 00c1 04       		.byte	4
 223 00c2 40       		.byte	64
 224 00c3 36       		.byte	54
 225 00c4 41       		.byte	65
 226 00c5 02       		.byte	2
 227 00c6 45       		.byte	69
 228 00c7 EC       		.byte	-20
ARM GAS  C:\Users\LESPIA~1\AppData\Local\Temp\ccrUY6xJ.s 			page 5


 229 00c8 46       		.byte	70
 230 00c9 B0       		.byte	-80
 231 00ca 47       		.byte	71
 232 00cb 0E       		.byte	14
 233 00cc 48       		.byte	72
 234 00cd 1B       		.byte	27
 235 00ce 49       		.byte	73
 236 00cf FF       		.byte	-1
 237 00d0 4A       		.byte	74
 238 00d1 FF       		.byte	-1
 239 00d2 4B       		.byte	75
 240 00d3 FF       		.byte	-1
 241 00d4 4E       		.byte	78
 242 00d5 F0       		.byte	-16
 243 00d6 4F       		.byte	79
 244 00d7 44       		.byte	68
 245 00d8 50       		.byte	80
 246 00d9 0C       		.byte	12
 247 00da 58       		.byte	88
 248 00db 04       		.byte	4
 249 00dc 59       		.byte	89
 250 00dd 04       		.byte	4
 251 00de 5A       		.byte	90
 252 00df 04       		.byte	4
 253 00e0 5B       		.byte	91
 254 00e1 04       		.byte	4
 255 00e2 5C       		.byte	92
 256 00e3 02       		.byte	2
 257 00e4 5D       		.byte	93
 258 00e5 02       		.byte	2
 259 00e6 5F       		.byte	95
 260 00e7 01       		.byte	1
 261 00e8 66       		.byte	102
 262 00e9 C0       		.byte	-64
 263 00ea 6A       		.byte	106
 264 00eb 40       		.byte	64
 265 00ec 6B       		.byte	107
 266 00ed 02       		.byte	2
 267 00ee 80       		.byte	-128
 268 00ef 03       		.byte	3
 269 00f0 81       		.byte	-127
 270 00f1 04       		.byte	4
 271 00f2 84       		.byte	-124
 272 00f3 02       		.byte	2
 273 00f4 85       		.byte	-123
 274 00f5 1C       		.byte	28
 275 00f6 86       		.byte	-122
 276 00f7 01       		.byte	1
 277 00f8 87       		.byte	-121
 278 00f9 21       		.byte	33
 279 00fa 89       		.byte	-119
 280 00fb 1C       		.byte	28
 281 00fc 8B       		.byte	-117
 282 00fd 22       		.byte	34
 283 00fe 8C       		.byte	-116
 284 00ff 03       		.byte	3
 285 0100 8F       		.byte	-113
ARM GAS  C:\Users\LESPIA~1\AppData\Local\Temp\ccrUY6xJ.s 			page 6


 286 0101 23       		.byte	35
 287 0102 95       		.byte	-107
 288 0103 18       		.byte	24
 289 0104 99       		.byte	-103
 290 0105 08       		.byte	8
 291 0106 9D       		.byte	-99
 292 0107 10       		.byte	16
 293 0108 A1       		.byte	-95
 294 0109 27       		.byte	39
 295 010a A3       		.byte	-93
 296 010b 18       		.byte	24
 297 010c A8       		.byte	-88
 298 010d 02       		.byte	2
 299 010e AA       		.byte	-86
 300 010f 01       		.byte	1
 301 0110 AB       		.byte	-85
 302 0111 04       		.byte	4
 303 0112 AD       		.byte	-83
 304 0113 3F       		.byte	63
 305 0114 B0       		.byte	-80
 306 0115 02       		.byte	2
 307 0116 B2       		.byte	-78
 308 0117 01       		.byte	1
 309 0118 B3       		.byte	-77
 310 0119 1F       		.byte	31
 311 011a B5       		.byte	-75
 312 011b 38       		.byte	56
 313 011c B8       		.byte	-72
 314 011d 08       		.byte	8
 315 011e BB       		.byte	-69
 316 011f A8       		.byte	-88
 317 0120 BE       		.byte	-66
 318 0121 01       		.byte	1
 319 0122 C0       		.byte	-64
 320 0123 05       		.byte	5
 321 0124 C5       		.byte	-59
 322 0125 40       		.byte	64
 323 0126 C9       		.byte	-55
 324 0127 FF       		.byte	-1
 325 0128 CA       		.byte	-54
 326 0129 07       		.byte	7
 327 012a CB       		.byte	-53
 328 012b FF       		.byte	-1
 329 012c CC       		.byte	-52
 330 012d 40       		.byte	64
 331 012e CD       		.byte	-51
 332 012f 20       		.byte	32
 333 0130 CE       		.byte	-50
 334 0131 F0       		.byte	-16
 335 0132 CF       		.byte	-49
 336 0133 05       		.byte	5
 337 0134 D0       		.byte	-48
 338 0135 08       		.byte	8
 339 0136 D8       		.byte	-40
 340 0137 04       		.byte	4
 341 0138 D9       		.byte	-39
 342 0139 04       		.byte	4
ARM GAS  C:\Users\LESPIA~1\AppData\Local\Temp\ccrUY6xJ.s 			page 7


 343 013a DA       		.byte	-38
 344 013b 04       		.byte	4
 345 013c DC       		.byte	-36
 346 013d 22       		.byte	34
 347 013e DD       		.byte	-35
 348 013f 02       		.byte	2
 349 0140 DF       		.byte	-33
 350 0141 01       		.byte	1
 351 0142 E0       		.byte	-32
 352 0143 40       		.byte	64
 353 0144 E1       		.byte	-31
 354 0145 A8       		.byte	-88
 355 0146 E2       		.byte	-30
 356 0147 40       		.byte	64
 357 0148 E3       		.byte	-29
 358 0149 20       		.byte	32
 359 014a 00       		.byte	0
 360 014b 09       		.byte	9
 361 014c 01       		.byte	1
 362 014d 80       		.byte	-128
 363 014e 02       		.byte	2
 364 014f 41       		.byte	65
 365 0150 05       		.byte	5
 366 0151 15       		.byte	21
 367 0152 06       		.byte	6
 368 0153 24       		.byte	36
 369 0154 0E       		.byte	14
 370 0155 25       		.byte	37
 371 0156 12       		.byte	18
 372 0157 08       		.byte	8
 373 0158 15       		.byte	21
 374 0159 30       		.byte	48
 375 015a 17       		.byte	23
 376 015b 05       		.byte	5
 377 015c 19       		.byte	25
 378 015d 02       		.byte	2
 379 015e 1A       		.byte	26
 380 015f 20       		.byte	32
 381 0160 1C       		.byte	28
 382 0161 42       		.byte	66
 383 0162 1D       		.byte	29
 384 0163 10       		.byte	16
 385 0164 1E       		.byte	30
 386 0165 60       		.byte	96
 387 0166 20       		.byte	32
 388 0167 09       		.byte	9
 389 0168 22       		.byte	34
 390 0169 88       		.byte	-120
 391 016a 23       		.byte	35
 392 016b 14       		.byte	20
 393 016c 26       		.byte	38
 394 016d 04       		.byte	4
 395 016e 2A       		.byte	42
 396 016f 41       		.byte	65
 397 0170 2B       		.byte	43
 398 0171 08       		.byte	8
 399 0172 30       		.byte	48
ARM GAS  C:\Users\LESPIA~1\AppData\Local\Temp\ccrUY6xJ.s 			page 8


 400 0173 A8       		.byte	-88
 401 0174 36       		.byte	54
 402 0175 20       		.byte	32
 403 0176 37       		.byte	55
 404 0177 20       		.byte	32
 405 0178 38       		.byte	56
 406 0179 42       		.byte	66
 407 017a 3B       		.byte	59
 408 017b 14       		.byte	20
 409 017c 3D       		.byte	61
 410 017d 08       		.byte	8
 411 017e 46       		.byte	70
 412 017f 24       		.byte	36
 413 0180 48       		.byte	72
 414 0181 41       		.byte	65
 415 0182 49       		.byte	73
 416 0183 01       		.byte	1
 417 0184 4D       		.byte	77
 418 0185 11       		.byte	17
 419 0186 4E       		.byte	78
 420 0187 20       		.byte	32
 421 0188 4F       		.byte	79
 422 0189 08       		.byte	8
 423 018a 51       		.byte	81
 424 018b 10       		.byte	16
 425 018c 55       		.byte	85
 426 018d 04       		.byte	4
 427 018e 57       		.byte	87
 428 018f 20       		.byte	32
 429 0190 6C       		.byte	108
 430 0191 10       		.byte	16
 431 0192 6D       		.byte	109
 432 0193 A0       		.byte	-96
 433 0194 6F       		.byte	111
 434 0195 80       		.byte	-128
 435 0196 74       		.byte	116
 436 0197 02       		.byte	2
 437 0198 75       		.byte	117
 438 0199 20       		.byte	32
 439 019a 76       		.byte	118
 440 019b 02       		.byte	2
 441 019c 77       		.byte	119
 442 019d 10       		.byte	16
 443 019e 83       		.byte	-125
 444 019f 10       		.byte	16
 445 01a0 8A       		.byte	-118
 446 01a1 02       		.byte	2
 447 01a2 8C       		.byte	-116
 448 01a3 10       		.byte	16
 449 01a4 8D       		.byte	-115
 450 01a5 20       		.byte	32
 451 01a6 A4       		.byte	-92
 452 01a7 02       		.byte	2
 453 01a8 A5       		.byte	-91
 454 01a9 40       		.byte	64
 455 01aa A7       		.byte	-89
 456 01ab 80       		.byte	-128
ARM GAS  C:\Users\LESPIA~1\AppData\Local\Temp\ccrUY6xJ.s 			page 9


 457 01ac C0       		.byte	-64
 458 01ad 7D       		.byte	125
 459 01ae C2       		.byte	-62
 460 01af E0       		.byte	-32
 461 01b0 C4       		.byte	-60
 462 01b1 72       		.byte	114
 463 01b2 CA       		.byte	-54
 464 01b3 0D       		.byte	13
 465 01b4 CC       		.byte	-52
 466 01b5 0E       		.byte	14
 467 01b6 CE       		.byte	-50
 468 01b7 4F       		.byte	79
 469 01b8 D0       		.byte	-48
 470 01b9 60       		.byte	96
 471 01ba D2       		.byte	-46
 472 01bb 28       		.byte	40
 473 01bc 84       		.byte	-124
 474 01bd 02       		.byte	2
 475 01be 87       		.byte	-121
 476 01bf 80       		.byte	-128
 477 01c0 A5       		.byte	-91
 478 01c1 40       		.byte	64
 479 01c2 E4       		.byte	-28
 480 01c3 08       		.byte	8
 481 01c4 85       		.byte	-123
 482 01c5 40       		.byte	64
 483 01c6 E6       		.byte	-26
 484 01c7 02       		.byte	2
 485 01c8 EE       		.byte	-18
 486 01c9 0A       		.byte	10
 487 01ca E6       		.byte	-26
 488 01cb 01       		.byte	1
 489 01cc EA       		.byte	-22
 490 01cd 01       		.byte	1
 491 01ce 04       		.byte	4
 492 01cf 33       		.byte	51
 493 01d0 06       		.byte	6
 494 01d1 0C       		.byte	12
 495 01d2 08       		.byte	8
 496 01d3 33       		.byte	51
 497 01d4 0A       		.byte	10
 498 01d5 04       		.byte	4
 499 01d6 0D       		.byte	13
 500 01d7 10       		.byte	16
 501 01d8 14       		.byte	20
 502 01d9 0A       		.byte	10
 503 01da 15       		.byte	21
 504 01db 10       		.byte	16
 505 01dc 16       		.byte	22
 506 01dd 34       		.byte	52
 507 01de 17       		.byte	23
 508 01df 0C       		.byte	12
 509 01e0 18       		.byte	24
 510 01e1 03       		.byte	3
 511 01e2 19       		.byte	25
 512 01e3 0C       		.byte	12
 513 01e4 1A       		.byte	26
ARM GAS  C:\Users\LESPIA~1\AppData\Local\Temp\ccrUY6xJ.s 			page 10


 514 01e5 14       		.byte	20
 515 01e6 1B       		.byte	27
 516 01e7 11       		.byte	17
 517 01e8 1E       		.byte	30
 518 01e9 08       		.byte	8
 519 01ea 1F       		.byte	31
 520 01eb 03       		.byte	3
 521 01ec 21       		.byte	33
 522 01ed 09       		.byte	9
 523 01ee 23       		.byte	35
 524 01ef 10       		.byte	16
 525 01f0 25       		.byte	37
 526 01f1 14       		.byte	20
 527 01f2 28       		.byte	40
 528 01f3 40       		.byte	64
 529 01f4 29       		.byte	41
 530 01f5 1C       		.byte	28
 531 01f6 2A       		.byte	42
 532 01f7 15       		.byte	21
 533 01f8 2B       		.byte	43
 534 01f9 02       		.byte	2
 535 01fa 32       		.byte	50
 536 01fb 0F       		.byte	15
 537 01fc 34       		.byte	52
 538 01fd 10       		.byte	16
 539 01fe 36       		.byte	54
 540 01ff 60       		.byte	96
 541 0200 37       		.byte	55
 542 0201 1F       		.byte	31
 543 0202 38       		.byte	56
 544 0203 80       		.byte	-128
 545 0204 39       		.byte	57
 546 0205 20       		.byte	32
 547 0206 3A       		.byte	58
 548 0207 08       		.byte	8
 549 0208 3E       		.byte	62
 550 0209 10       		.byte	16
 551 020a 3F       		.byte	63
 552 020b 10       		.byte	16
 553 020c 40       		.byte	64
 554 020d 30       		.byte	48
 555 020e 41       		.byte	65
 556 020f 02       		.byte	2
 557 0210 45       		.byte	69
 558 0211 D2       		.byte	-46
 559 0212 46       		.byte	70
 560 0213 05       		.byte	5
 561 0214 47       		.byte	71
 562 0215 14       		.byte	20
 563 0216 48       		.byte	72
 564 0217 3F       		.byte	63
 565 0218 49       		.byte	73
 566 0219 FF       		.byte	-1
 567 021a 4A       		.byte	74
 568 021b FF       		.byte	-1
 569 021c 4B       		.byte	75
 570 021d FF       		.byte	-1
ARM GAS  C:\Users\LESPIA~1\AppData\Local\Temp\ccrUY6xJ.s 			page 11


 571 021e 4D       		.byte	77
 572 021f A0       		.byte	-96
 573 0220 4F       		.byte	79
 574 0221 04       		.byte	4
 575 0222 50       		.byte	80
 576 0223 18       		.byte	24
 577 0224 54       		.byte	84
 578 0225 01       		.byte	1
 579 0226 58       		.byte	88
 580 0227 04       		.byte	4
 581 0228 59       		.byte	89
 582 0229 04       		.byte	4
 583 022a 5A       		.byte	90
 584 022b 04       		.byte	4
 585 022c 5B       		.byte	91
 586 022d 04       		.byte	4
 587 022e 5C       		.byte	92
 588 022f 22       		.byte	34
 589 0230 5D       		.byte	93
 590 0231 21       		.byte	33
 591 0232 5F       		.byte	95
 592 0233 01       		.byte	1
 593 0234 60       		.byte	96
 594 0235 40       		.byte	64
 595 0236 62       		.byte	98
 596 0237 C0       		.byte	-64
 597 0238 64       		.byte	100
 598 0239 40       		.byte	64
 599 023a 65       		.byte	101
 600 023b 40       		.byte	64
 601 023c 66       		.byte	102
 602 023d C0       		.byte	-64
 603 023e 68       		.byte	104
 604 023f C0       		.byte	-64
 605 0240 6A       		.byte	106
 606 0241 C0       		.byte	-64
 607 0242 6C       		.byte	108
 608 0243 C0       		.byte	-64
 609 0244 6E       		.byte	110
 610 0245 C0       		.byte	-64
 611 0246 84       		.byte	-124
 612 0247 0F       		.byte	15
 613 0248 86       		.byte	-122
 614 0249 E0       		.byte	-32
 615 024a 88       		.byte	-120
 616 024b C3       		.byte	-61
 617 024c 8C       		.byte	-116
 618 024d 41       		.byte	65
 619 024e 8E       		.byte	-114
 620 024f 10       		.byte	16
 621 0250 92       		.byte	-110
 622 0251 E3       		.byte	-29
 623 0252 94       		.byte	-108
 624 0253 2C       		.byte	44
 625 0254 96       		.byte	-106
 626 0255 C3       		.byte	-61
 627 0256 98       		.byte	-104
ARM GAS  C:\Users\LESPIA~1\AppData\Local\Temp\ccrUY6xJ.s 			page 12


 628 0257 82       		.byte	-126
 629 0258 9C       		.byte	-100
 630 0259 EF       		.byte	-17
 631 025a A0       		.byte	-96
 632 025b 08       		.byte	8
 633 025c A4       		.byte	-92
 634 025d 04       		.byte	4
 635 025e A8       		.byte	-88
 636 025f 0C       		.byte	12
 637 0260 AC       		.byte	-84
 638 0261 E3       		.byte	-29
 639 0262 AE       		.byte	-82
 640 0263 0C       		.byte	12
 641 0264 B0       		.byte	-80
 642 0265 C0       		.byte	-64
 643 0266 B2       		.byte	-78
 644 0267 10       		.byte	16
 645 0268 B4       		.byte	-76
 646 0269 2C       		.byte	44
 647 026a B6       		.byte	-74
 648 026b 0F       		.byte	15
 649 026c BA       		.byte	-70
 650 026d 80       		.byte	-128
 651 026e D6       		.byte	-42
 652 026f 02       		.byte	2
 653 0270 D7       		.byte	-41
 654 0271 13       		.byte	19
 655 0272 D8       		.byte	-40
 656 0273 04       		.byte	4
 657 0274 DB       		.byte	-37
 658 0275 04       		.byte	4
 659 0276 DC       		.byte	-36
 660 0277 02       		.byte	2
 661 0278 DD       		.byte	-35
 662 0279 20       		.byte	32
 663 027a DF       		.byte	-33
 664 027b 01       		.byte	1
 665 027c 00       		.byte	0
 666 027d 28       		.byte	40
 667 027e 01       		.byte	1
 668 027f 40       		.byte	64
 669 0280 05       		.byte	5
 670 0281 14       		.byte	20
 671 0282 08       		.byte	8
 672 0283 40       		.byte	64
 673 0284 09       		.byte	9
 674 0285 20       		.byte	32
 675 0286 0A       		.byte	10
 676 0287 40       		.byte	64
 677 0288 0B       		.byte	11
 678 0289 10       		.byte	16
 679 028a 0C       		.byte	12
 680 028b 04       		.byte	4
 681 028c 0E       		.byte	14
 682 028d 21       		.byte	33
 683 028e 0F       		.byte	15
 684 028f 08       		.byte	8
ARM GAS  C:\Users\LESPIA~1\AppData\Local\Temp\ccrUY6xJ.s 			page 13


 685 0290 10       		.byte	16
 686 0291 A8       		.byte	-88
 687 0292 12       		.byte	18
 688 0293 01       		.byte	1
 689 0294 15       		.byte	21
 690 0295 20       		.byte	32
 691 0296 19       		.byte	25
 692 0297 A1       		.byte	-95
 693 0298 1B       		.byte	27
 694 0299 08       		.byte	8
 695 029a 1D       		.byte	29
 696 029b 04       		.byte	4
 697 029c 1E       		.byte	30
 698 029d 01       		.byte	1
 699 029e 1F       		.byte	31
 700 029f 10       		.byte	16
 701 02a0 26       		.byte	38
 702 02a1 A0       		.byte	-96
 703 02a2 2C       		.byte	44
 704 02a3 04       		.byte	4
 705 02a4 2E       		.byte	46
 706 02a5 01       		.byte	1
 707 02a6 2F       		.byte	47
 708 02a7 20       		.byte	32
 709 02a8 35       		.byte	53
 710 02a9 14       		.byte	20
 711 02aa 36       		.byte	54
 712 02ab 80       		.byte	-128
 713 02ac 3A       		.byte	58
 714 02ad 04       		.byte	4
 715 02ae 3B       		.byte	59
 716 02af 04       		.byte	4
 717 02b0 3C       		.byte	60
 718 02b1 80       		.byte	-128
 719 02b2 45       		.byte	69
 720 02b3 08       		.byte	8
 721 02b4 46       		.byte	70
 722 02b5 04       		.byte	4
 723 02b6 4F       		.byte	79
 724 02b7 05       		.byte	5
 725 02b8 56       		.byte	86
 726 02b9 AA       		.byte	-86
 727 02ba 59       		.byte	89
 728 02bb 02       		.byte	2
 729 02bc 5C       		.byte	92
 730 02bd 80       		.byte	-128
 731 02be 5D       		.byte	93
 732 02bf 01       		.byte	1
 733 02c0 5E       		.byte	94
 734 02c1 08       		.byte	8
 735 02c2 5F       		.byte	95
 736 02c3 20       		.byte	32
 737 02c4 69       		.byte	105
 738 02c5 14       		.byte	20
 739 02c6 6A       		.byte	106
 740 02c7 04       		.byte	4
 741 02c8 6B       		.byte	107
ARM GAS  C:\Users\LESPIA~1\AppData\Local\Temp\ccrUY6xJ.s 			page 14


 742 02c9 05       		.byte	5
 743 02ca 70       		.byte	112
 744 02cb A8       		.byte	-88
 745 02cc 81       		.byte	-127
 746 02cd 01       		.byte	1
 747 02ce 91       		.byte	-111
 748 02cf 21       		.byte	33
 749 02d0 92       		.byte	-110
 750 02d1 60       		.byte	96
 751 02d2 93       		.byte	-109
 752 02d3 10       		.byte	16
 753 02d4 94       		.byte	-108
 754 02d5 02       		.byte	2
 755 02d6 96       		.byte	-106
 756 02d7 05       		.byte	5
 757 02d8 98       		.byte	-104
 758 02d9 48       		.byte	72
 759 02da 99       		.byte	-103
 760 02db 12       		.byte	18
 761 02dc 9A       		.byte	-102
 762 02dd 01       		.byte	1
 763 02de 9B       		.byte	-101
 764 02df 20       		.byte	32
 765 02e0 9D       		.byte	-99
 766 02e1 84       		.byte	-124
 767 02e2 9F       		.byte	-97
 768 02e3 05       		.byte	5
 769 02e4 A0       		.byte	-96
 770 02e5 44       		.byte	68
 771 02e6 A2       		.byte	-94
 772 02e7 14       		.byte	20
 773 02e8 A3       		.byte	-93
 774 02e9 24       		.byte	36
 775 02ea A4       		.byte	-92
 776 02eb A8       		.byte	-88
 777 02ec A7       		.byte	-89
 778 02ed 08       		.byte	8
 779 02ee A9       		.byte	-87
 780 02ef 10       		.byte	16
 781 02f0 B0       		.byte	-80
 782 02f1 48       		.byte	72
 783 02f2 B2       		.byte	-78
 784 02f3 80       		.byte	-128
 785 02f4 C0       		.byte	-64
 786 02f5 67       		.byte	103
 787 02f6 C2       		.byte	-62
 788 02f7 EF       		.byte	-17
 789 02f8 C4       		.byte	-60
 790 02f9 4F       		.byte	79
 791 02fa CA       		.byte	-54
 792 02fb E0       		.byte	-32
 793 02fc CC       		.byte	-52
 794 02fd 70       		.byte	112
 795 02fe CE       		.byte	-50
 796 02ff 10       		.byte	16
 797 0300 D0       		.byte	-48
 798 0301 60       		.byte	96
ARM GAS  C:\Users\LESPIA~1\AppData\Local\Temp\ccrUY6xJ.s 			page 15


 799 0302 D6       		.byte	-42
 800 0303 F1       		.byte	-15
 801 0304 01       		.byte	1
 802 0305 22       		.byte	34
 803 0306 03       		.byte	3
 804 0307 51       		.byte	81
 805 0308 05       		.byte	5
 806 0309 67       		.byte	103
 807 030a 09       		.byte	9
 808 030b 67       		.byte	103
 809 030c 0A       		.byte	10
 810 030d 04       		.byte	4
 811 030e 12       		.byte	18
 812 030f 01       		.byte	1
 813 0310 15       		.byte	21
 814 0311 01       		.byte	1
 815 0312 16       		.byte	22
 816 0313 01       		.byte	1
 817 0314 17       		.byte	23
 818 0315 0E       		.byte	14
 819 0316 19       		.byte	25
 820 0317 44       		.byte	68
 821 0318 1B       		.byte	27
 822 0319 31       		.byte	49
 823 031a 20       		.byte	32
 824 031b 02       		.byte	2
 825 031c 26       		.byte	38
 826 031d 04       		.byte	4
 827 031e 30       		.byte	48
 828 031f 04       		.byte	4
 829 0320 32       		.byte	50
 830 0321 02       		.byte	2
 831 0322 33       		.byte	51
 832 0323 07       		.byte	7
 833 0324 34       		.byte	52
 834 0325 01       		.byte	1
 835 0326 35       		.byte	53
 836 0327 60       		.byte	96
 837 0328 37       		.byte	55
 838 0329 18       		.byte	24
 839 032a 3E       		.byte	62
 840 032b 15       		.byte	21
 841 032c 3F       		.byte	63
 842 032d 40       		.byte	64
 843 032e 40       		.byte	64
 844 032f 54       		.byte	84
 845 0330 41       		.byte	65
 846 0331 02       		.byte	2
 847 0332 42       		.byte	66
 848 0333 06       		.byte	6
 849 0334 44       		.byte	68
 850 0335 01       		.byte	1
 851 0336 45       		.byte	69
 852 0337 0C       		.byte	12
 853 0338 46       		.byte	70
 854 0339 0E       		.byte	14
 855 033a 48       		.byte	72
ARM GAS  C:\Users\LESPIA~1\AppData\Local\Temp\ccrUY6xJ.s 			page 16


 856 033b 05       		.byte	5
 857 033c 49       		.byte	73
 858 033d FF       		.byte	-1
 859 033e 4A       		.byte	74
 860 033f FF       		.byte	-1
 861 0340 4B       		.byte	75
 862 0341 FF       		.byte	-1
 863 0342 4C       		.byte	76
 864 0343 62       		.byte	98
 865 0344 4D       		.byte	77
 866 0345 A0       		.byte	-96
 867 0346 4E       		.byte	78
 868 0347 F0       		.byte	-16
 869 0348 4F       		.byte	79
 870 0349 41       		.byte	65
 871 034a 50       		.byte	80
 872 034b 0C       		.byte	12
 873 034c 54       		.byte	84
 874 034d 18       		.byte	24
 875 034e 56       		.byte	86
 876 034f 04       		.byte	4
 877 0350 58       		.byte	88
 878 0351 04       		.byte	4
 879 0352 59       		.byte	89
 880 0353 04       		.byte	4
 881 0354 5A       		.byte	90
 882 0355 04       		.byte	4
 883 0356 5B       		.byte	91
 884 0357 04       		.byte	4
 885 0358 5C       		.byte	92
 886 0359 20       		.byte	32
 887 035a 5D       		.byte	93
 888 035b 22       		.byte	34
 889 035c 5F       		.byte	95
 890 035d 01       		.byte	1
 891 035e 66       		.byte	102
 892 035f 40       		.byte	64
 893 0360 67       		.byte	103
 894 0361 02       		.byte	2
 895 0362 69       		.byte	105
 896 0363 10       		.byte	16
 897 0364 6A       		.byte	106
 898 0365 30       		.byte	48
 899 0366 6B       		.byte	107
 900 0367 10       		.byte	16
 901 0368 6D       		.byte	109
 902 0369 10       		.byte	16
 903 036a 6E       		.byte	110
 904 036b 10       		.byte	16
 905 036c 6F       		.byte	111
 906 036d 12       		.byte	18
 907 036e 87       		.byte	-121
 908 036f 20       		.byte	32
 909 0370 88       		.byte	-120
 910 0371 18       		.byte	24
 911 0372 8C       		.byte	-116
 912 0373 20       		.byte	32
ARM GAS  C:\Users\LESPIA~1\AppData\Local\Temp\ccrUY6xJ.s 			page 17


 913 0374 8E       		.byte	-114
 914 0375 14       		.byte	20
 915 0376 91       		.byte	-111
 916 0377 0C       		.byte	12
 917 0378 96       		.byte	-106
 918 0379 06       		.byte	6
 919 037a A2       		.byte	-94
 920 037b 01       		.byte	1
 921 037c A4       		.byte	-92
 922 037d 20       		.byte	32
 923 037e A5       		.byte	-91
 924 037f 10       		.byte	16
 925 0380 A6       		.byte	-90
 926 0381 0A       		.byte	10
 927 0382 A7       		.byte	-89
 928 0383 05       		.byte	5
 929 0384 AB       		.byte	-85
 930 0385 23       		.byte	35
 931 0386 AD       		.byte	-83
 932 0387 10       		.byte	16
 933 0388 AF       		.byte	-81
 934 0389 0A       		.byte	10
 935 038a B0       		.byte	-80
 936 038b 18       		.byte	24
 937 038c B1       		.byte	-79
 938 038d 03       		.byte	3
 939 038e B2       		.byte	-78
 940 038f 01       		.byte	1
 941 0390 B3       		.byte	-77
 942 0391 0C       		.byte	12
 943 0392 B4       		.byte	-76
 944 0393 20       		.byte	32
 945 0394 B5       		.byte	-75
 946 0395 20       		.byte	32
 947 0396 B6       		.byte	-74
 948 0397 06       		.byte	6
 949 0398 B7       		.byte	-73
 950 0399 10       		.byte	16
 951 039a B8       		.byte	-72
 952 039b 20       		.byte	32
 953 039c B9       		.byte	-71
 954 039d 80       		.byte	-128
 955 039e BF       		.byte	-65
 956 039f 10       		.byte	16
 957 03a0 D2       		.byte	-46
 958 03a1 80       		.byte	-128
 959 03a2 D4       		.byte	-44
 960 03a3 07       		.byte	7
 961 03a4 D8       		.byte	-40
 962 03a5 04       		.byte	4
 963 03a6 D9       		.byte	-39
 964 03a7 04       		.byte	4
 965 03a8 DB       		.byte	-37
 966 03a9 04       		.byte	4
 967 03aa DC       		.byte	-36
 968 03ab 11       		.byte	17
 969 03ac DD       		.byte	-35
ARM GAS  C:\Users\LESPIA~1\AppData\Local\Temp\ccrUY6xJ.s 			page 18


 970 03ad 10       		.byte	16
 971 03ae DF       		.byte	-33
 972 03af 01       		.byte	1
 973 03b0 01       		.byte	1
 974 03b1 20       		.byte	32
 975 03b2 05       		.byte	5
 976 03b3 10       		.byte	16
 977 03b4 06       		.byte	6
 978 03b5 02       		.byte	2
 979 03b6 0A       		.byte	10
 980 03b7 20       		.byte	32
 981 03b8 0B       		.byte	11
 982 03b9 80       		.byte	-128
 983 03ba 0D       		.byte	13
 984 03bb 08       		.byte	8
 985 03bc 10       		.byte	16
 986 03bd 20       		.byte	32
 987 03be 12       		.byte	18
 988 03bf 80       		.byte	-128
 989 03c0 16       		.byte	22
 990 03c1 60       		.byte	96
 991 03c2 18       		.byte	24
 992 03c3 04       		.byte	4
 993 03c4 19       		.byte	25
 994 03c5 08       		.byte	8
 995 03c6 1B       		.byte	27
 996 03c7 01       		.byte	1
 997 03c8 1C       		.byte	28
 998 03c9 40       		.byte	64
 999 03ca 1D       		.byte	29
 1000 03cb 18       		.byte	24
 1001 03cc 1E       		.byte	30
 1002 03cd 01       		.byte	1
 1003 03ce 1F       		.byte	31
 1004 03cf 04       		.byte	4
 1005 03d0 20       		.byte	32
 1006 03d1 21       		.byte	33
 1007 03d2 21       		.byte	33
 1008 03d3 20       		.byte	32
 1009 03d4 22       		.byte	34
 1010 03d5 04       		.byte	4
 1011 03d6 25       		.byte	37
 1012 03d7 01       		.byte	1
 1013 03d8 27       		.byte	39
 1014 03d9 2A       		.byte	42
 1015 03da 2E       		.byte	46
 1016 03db 88       		.byte	-120
 1017 03dc 2F       		.byte	47
 1018 03dd 04       		.byte	4
 1019 03de 31       		.byte	49
 1020 03df 20       		.byte	32
 1021 03e0 32       		.byte	50
 1022 03e1 04       		.byte	4
 1023 03e2 37       		.byte	55
 1024 03e3 02       		.byte	2
 1025 03e4 38       		.byte	56
 1026 03e5 02       		.byte	2
ARM GAS  C:\Users\LESPIA~1\AppData\Local\Temp\ccrUY6xJ.s 			page 19


 1027 03e6 39       		.byte	57
 1028 03e7 14       		.byte	20
 1029 03e8 3F       		.byte	63
 1030 03e9 04       		.byte	4
 1031 03ea 40       		.byte	64
 1032 03eb 09       		.byte	9
 1033 03ec 42       		.byte	66
 1034 03ed 40       		.byte	64
 1035 03ee 48       		.byte	72
 1036 03ef 20       		.byte	32
 1037 03f0 49       		.byte	73
 1038 03f1 A0       		.byte	-96
 1039 03f2 53       		.byte	83
 1040 03f3 40       		.byte	64
 1041 03f4 59       		.byte	89
 1042 03f5 01       		.byte	1
 1043 03f6 5C       		.byte	92
 1044 03f7 40       		.byte	64
 1045 03f8 5F       		.byte	95
 1046 03f9 29       		.byte	41
 1047 03fa 60       		.byte	96
 1048 03fb 04       		.byte	4
 1049 03fc 63       		.byte	99
 1050 03fd 42       		.byte	66
 1051 03fe 76       		.byte	118
 1052 03ff 40       		.byte	64
 1053 0400 87       		.byte	-121
 1054 0401 40       		.byte	64
 1055 0402 89       		.byte	-119
 1056 0403 08       		.byte	8
 1057 0404 8A       		.byte	-118
 1058 0405 01       		.byte	1
 1059 0406 90       		.byte	-112
 1060 0407 02       		.byte	2
 1061 0408 91       		.byte	-111
 1062 0409 14       		.byte	20
 1063 040a 92       		.byte	-110
 1064 040b 60       		.byte	96
 1065 040c 93       		.byte	-109
 1066 040d 05       		.byte	5
 1067 040e 98       		.byte	-104
 1068 040f 08       		.byte	8
 1069 0410 99       		.byte	-103
 1070 0411 A1       		.byte	-95
 1071 0412 9A       		.byte	-102
 1072 0413 AA       		.byte	-86
 1073 0414 A2       		.byte	-94
 1074 0415 80       		.byte	-128
 1075 0416 A4       		.byte	-92
 1076 0417 10       		.byte	16
 1077 0418 A5       		.byte	-91
 1078 0419 29       		.byte	41
 1079 041a AE       		.byte	-82
 1080 041b 20       		.byte	32
 1081 041c B0       		.byte	-80
 1082 041d 80       		.byte	-128
 1083 041e B3       		.byte	-77
ARM GAS  C:\Users\LESPIA~1\AppData\Local\Temp\ccrUY6xJ.s 			page 20


 1084 041f 10       		.byte	16
 1085 0420 B4       		.byte	-76
 1086 0421 01       		.byte	1
 1087 0422 B5       		.byte	-75
 1088 0423 40       		.byte	64
 1089 0424 C0       		.byte	-64
 1090 0425 C2       		.byte	-62
 1091 0426 C2       		.byte	-62
 1092 0427 2C       		.byte	44
 1093 0428 C4       		.byte	-60
 1094 0429 3C       		.byte	60
 1095 042a CA       		.byte	-54
 1096 042b 70       		.byte	112
 1097 042c CC       		.byte	-52
 1098 042d 86       		.byte	-122
 1099 042e CE       		.byte	-50
 1100 042f 47       		.byte	71
 1101 0430 D0       		.byte	-48
 1102 0431 0D       		.byte	13
 1103 0432 D2       		.byte	-46
 1104 0433 0C       		.byte	12
 1105 0434 D6       		.byte	-42
 1106 0435 F1       		.byte	-15
 1107 0436 D8       		.byte	-40
 1108 0437 0D       		.byte	13
 1109 0438 EE       		.byte	-18
 1110 0439 08       		.byte	8
 1111 043a 32       		.byte	50
 1112 043b 20       		.byte	32
 1113 043c 36       		.byte	54
 1114 043d 80       		.byte	-128
 1115 043e 56       		.byte	86
 1116 043f 10       		.byte	16
 1117 0440 57       		.byte	87
 1118 0441 10       		.byte	16
 1119 0442 5B       		.byte	91
 1120 0443 20       		.byte	32
 1121 0444 5E       		.byte	94
 1122 0445 01       		.byte	1
 1123 0446 5F       		.byte	95
 1124 0447 80       		.byte	-128
 1125 0448 62       		.byte	98
 1126 0449 08       		.byte	8
 1127 044a 66       		.byte	102
 1128 044b 10       		.byte	16
 1129 044c CC       		.byte	-52
 1130 044d 30       		.byte	48
 1131 044e D4       		.byte	-44
 1132 044f C0       		.byte	-64
 1133 0450 D6       		.byte	-42
 1134 0451 A0       		.byte	-96
 1135 0452 D8       		.byte	-40
 1136 0453 C0       		.byte	-64
 1137 0454 5A       		.byte	90
 1138 0455 20       		.byte	32
 1139 0456 87       		.byte	-121
 1140 0457 80       		.byte	-128
ARM GAS  C:\Users\LESPIA~1\AppData\Local\Temp\ccrUY6xJ.s 			page 21


 1141 0458 96       		.byte	-106
 1142 0459 01       		.byte	1
 1143 045a 9F       		.byte	-97
 1144 045b A0       		.byte	-96
 1145 045c A6       		.byte	-90
 1146 045d A8       		.byte	-88
 1147 045e A7       		.byte	-89
 1148 045f 10       		.byte	16
 1149 0460 D4       		.byte	-44
 1150 0461 80       		.byte	-128
 1151 0462 E2       		.byte	-30
 1152 0463 40       		.byte	64
 1153 0464 86       		.byte	-122
 1154 0465 01       		.byte	1
 1155 0466 96       		.byte	-106
 1156 0467 21       		.byte	33
 1157 0468 9F       		.byte	-97
 1158 0469 20       		.byte	32
 1159 046a A6       		.byte	-90
 1160 046b A8       		.byte	-88
 1161 046c A7       		.byte	-89
 1162 046d 10       		.byte	16
 1163 046e E2       		.byte	-30
 1164 046f 10       		.byte	16
 1165 0470 1A       		.byte	26
 1166 0471 20       		.byte	32
 1167 0472 82       		.byte	-126
 1168 0473 08       		.byte	8
 1169 0474 96       		.byte	-106
 1170 0475 20       		.byte	32
 1171 0476 9F       		.byte	-97
 1172 0477 20       		.byte	32
 1173 0478 A6       		.byte	-90
 1174 0479 A8       		.byte	-88
 1175 047a A7       		.byte	-89
 1176 047b 10       		.byte	16
 1177 047c C6       		.byte	-58
 1178 047d 10       		.byte	16
 1179 047e E2       		.byte	-30
 1180 047f 20       		.byte	32
 1181 0480 57       		.byte	87
 1182 0481 02       		.byte	2
 1183 0482 58       		.byte	88
 1184 0483 40       		.byte	64
 1185 0484 D4       		.byte	-44
 1186 0485 01       		.byte	1
 1187 0486 D6       		.byte	-42
 1188 0487 04       		.byte	4
 1189 0488 84       		.byte	-124
 1190 0489 40       		.byte	64
 1191 048a 9C       		.byte	-100
 1192 048b 40       		.byte	64
 1193 048c A7       		.byte	-89
 1194 048d 02       		.byte	2
 1195 048e 8B       		.byte	-117
 1196 048f 20       		.byte	32
 1197 0490 8C       		.byte	-116
ARM GAS  C:\Users\LESPIA~1\AppData\Local\Temp\ccrUY6xJ.s 			page 22


 1198 0491 10       		.byte	16
 1199 0492 8F       		.byte	-113
 1200 0493 02       		.byte	2
 1201 0494 A7       		.byte	-89
 1202 0495 02       		.byte	2
 1203 0496 E0       		.byte	-32
 1204 0497 09       		.byte	9
 1205 0498 E4       		.byte	-28
 1206 0499 02       		.byte	2
 1207 049a 64       		.byte	100
 1208 049b 10       		.byte	16
 1209 049c 83       		.byte	-125
 1210 049d 10       		.byte	16
 1211 049e A6       		.byte	-90
 1212 049f A0       		.byte	-96
 1213 04a0 A7       		.byte	-89
 1214 04a1 10       		.byte	16
 1215 04a2 AB       		.byte	-85
 1216 04a3 20       		.byte	32
 1217 04a4 D8       		.byte	-40
 1218 04a5 80       		.byte	-128
 1219 04a6 E6       		.byte	-26
 1220 04a7 80       		.byte	-128
 1221 04a8 EA       		.byte	-22
 1222 04a9 80       		.byte	-128
 1223 04aa 86       		.byte	-122
 1224 04ab 20       		.byte	32
 1225 04ac A6       		.byte	-90
 1226 04ad 20       		.byte	32
 1227 04ae AC       		.byte	-84
 1228 04af 10       		.byte	16
 1229 04b0 AE       		.byte	-82
 1230 04b1 80       		.byte	-128
 1231 04b2 E6       		.byte	-26
 1232 04b3 40       		.byte	64
 1233 04b4 EE       		.byte	-18
 1234 04b5 50       		.byte	80
 1235 04b6 0B       		.byte	11
 1236 04b7 02       		.byte	2
 1237 04b8 1F       		.byte	31
 1238 04b9 80       		.byte	-128
 1239 04ba 61       		.byte	97
 1240 04bb 20       		.byte	32
 1241 04bc 90       		.byte	-112
 1242 04bd 10       		.byte	16
 1243 04be A3       		.byte	-93
 1244 04bf 20       		.byte	32
 1245 04c0 C2       		.byte	-62
 1246 04c1 02       		.byte	2
 1247 04c2 C6       		.byte	-58
 1248 04c3 01       		.byte	1
 1249 04c4 D8       		.byte	-40
 1250 04c5 02       		.byte	2
 1251 04c6 53       		.byte	83
 1252 04c7 20       		.byte	32
 1253 04c8 5C       		.byte	92
 1254 04c9 10       		.byte	16
ARM GAS  C:\Users\LESPIA~1\AppData\Local\Temp\ccrUY6xJ.s 			page 23


 1255 04ca 61       		.byte	97
 1256 04cb 20       		.byte	32
 1257 04cc 62       		.byte	98
 1258 04cd 80       		.byte	-128
 1259 04ce 89       		.byte	-119
 1260 04cf 20       		.byte	32
 1261 04d0 8A       		.byte	-118
 1262 04d1 80       		.byte	-128
 1263 04d2 90       		.byte	-112
 1264 04d3 10       		.byte	16
 1265 04d4 A3       		.byte	-93
 1266 04d5 20       		.byte	32
 1267 04d6 A5       		.byte	-91
 1268 04d7 20       		.byte	32
 1269 04d8 AF       		.byte	-81
 1270 04d9 80       		.byte	-128
 1271 04da B7       		.byte	-73
 1272 04db 01       		.byte	1
 1273 04dc D4       		.byte	-44
 1274 04dd 04       		.byte	4
 1275 04de D6       		.byte	-42
 1276 04df 06       		.byte	6
 1277 04e0 D8       		.byte	-40
 1278 04e1 02       		.byte	2
 1279 04e2 E0       		.byte	-32
 1280 04e3 01       		.byte	1
 1281 04e4 E4       		.byte	-28
 1282 04e5 01       		.byte	1
 1283 04e6 EA       		.byte	-22
 1284 04e7 02       		.byte	2
 1285 04e8 00       		.byte	0
 1286 04e9 04       		.byte	4
 1287 04ea 0C       		.byte	12
 1288 04eb 04       		.byte	4
 1289 04ec 10       		.byte	16
 1290 04ed 06       		.byte	6
 1291 04ee 1C       		.byte	28
 1292 04ef 06       		.byte	6
 1293 04f0 00       		.byte	0
 1294 04f1 0F       		.byte	15
 1295 04f2 00       		.byte	0
 1296 04f3 00       		.byte	0
 1297 04f4 00       		.byte	0
 1298 04f5 01       		.byte	1
 1299 04f6 01       		.byte	1
 1300 04f7 00       		.byte	0
 1301 04f8 01       		.byte	1
 1302 04f9 00       		.byte	0
 1303 04fa 04       		.byte	4
 1304 04fb 00       		.byte	0
 1305 04fc 40       		.byte	64
 1306 04fd 8B       		.byte	-117
 1307 04fe 8B       		.byte	-117
 1308 04ff 00       		.byte	0
 1309 0500 80       		.byte	-128
 1310 0501 00       		.byte	0
 1311 0502 00       		.byte	0
ARM GAS  C:\Users\LESPIA~1\AppData\Local\Temp\ccrUY6xJ.s 			page 24


 1312 0503 00       		.byte	0
 1313 0504 00       		.byte	0
 1314 0505 05       		.byte	5
 1315 0506 05       		.byte	5
 1316 0507 00       		.byte	0
 1317 0508 05       		.byte	5
 1318 0509 00       		.byte	0
 1319 050a 00       		.byte	0
 1320 050b 00       		.byte	0
 1321 050c 00       		.byte	0
 1322 050d D7       		.byte	-41
 1323 050e D7       		.byte	-41
 1324 050f 00       		.byte	0
 1325 0510 D7       		.byte	-41
 1326 0511 00       		.byte	0
 1327 0512 00       		.byte	0
 1328 0513 00       		.byte	0
 1329 0514 40       		.byte	64
 1330 0515 00       		.byte	0
 1331 0516 00       		.byte	0
 1332 0517 55       		.byte	85
 1333 0518 55       		.byte	85
 1334 0519 00       		.byte	0
 1335 051a 55       		.byte	85
 1336 051b 00       		.byte	0
 1337 051c 00       		.byte	0
 1338 051d 00       		.byte	0
 1339 051e 00       		.byte	0
 1340 051f 00       		.byte	0
 1341 0520 00       		.byte	0
 1342 0521 00       		.byte	0
 1343 0522 00       		.byte	0
 1344 0523 00       		.byte	0
 1345 0524 00       		.byte	0
 1346 0525 00       		.byte	0
 1347 0526 20       		.byte	32
 1348 0527 00       		.byte	0
 1349 0528 01       		.byte	1
 1350 0529 00       		.byte	0
 1351 052a 18       		.byte	24
 1352 052b 01       		.byte	1
 1353              		.section	.cywolatch,"a",%progbits
 1354              		.align	2
 1355              		.type	cy_meta_wonvl, %object
 1356              		.size	cy_meta_wonvl, 4
 1357              	cy_meta_wonvl:
 1358 0000 BC       		.byte	-68
 1359 0001 90       		.byte	-112
 1360 0002 AC       		.byte	-84
 1361 0003 AF       		.byte	-81
 1362              		.section	.cycustnvl,"a",%progbits
 1363              		.align	2
 1364              		.type	cy_meta_custnvl, %object
 1365              		.size	cy_meta_custnvl, 4
 1366              	cy_meta_custnvl:
 1367 0000 00       		.byte	0
 1368 0001 00       		.byte	0
ARM GAS  C:\Users\LESPIA~1\AppData\Local\Temp\ccrUY6xJ.s 			page 25


 1369 0002 40       		.byte	64
 1370 0003 05       		.byte	5
 1371              		.section	.cymeta,"a",%progbits
 1372              		.align	2
 1373              		.type	cy_metadata, %object
 1374              		.size	cy_metadata, 12
 1375              	cy_metadata:
 1376 0000 00       		.byte	0
 1377 0001 01       		.byte	1
 1378 0002 2E       		.byte	46
 1379 0003 12       		.byte	18
 1380 0004 30       		.byte	48
 1381 0005 69       		.byte	105
 1382 0006 00       		.byte	0
 1383 0007 01       		.byte	1
 1384 0008 00       		.byte	0
 1385 0009 00       		.byte	0
 1386 000a 00       		.byte	0
 1387 000b 00       		.byte	0
 1388              		.section	.cyflashprotect,"a",%progbits
 1389              		.align	2
 1390              		.type	cy_meta_flashprotect, %object
 1391              		.size	cy_meta_flashprotect, 256
 1392              	cy_meta_flashprotect:
 1393 0000 00000000 		.space	256
 1393      00000000 
 1393      00000000 
 1393      00000000 
 1393      00000000 
 1394              		.text
 1395              	.Letext0:
 1396              		.file 1 "c:\\program files (x86)\\cypress\\psoc creator\\4.4\\psoc creator\\import\\gnu\\arm\\5.4.
 1397              		.file 2 "c:\\program files (x86)\\cypress\\psoc creator\\4.4\\psoc creator\\import\\gnu\\arm\\5.4.
 1398              		.file 3 "Generated_Source\\PSoC5\\cymetadata.c"
 1399              		.section	.debug_info,"",%progbits
 1400              	.Ldebug_info0:
 1401 0000 32010000 		.4byte	0x132
 1402 0004 0400     		.2byte	0x4
 1403 0006 00000000 		.4byte	.Ldebug_abbrev0
 1404 000a 04       		.byte	0x4
 1405 000b 01       		.uleb128 0x1
 1406 000c 4D000000 		.4byte	.LASF17
 1407 0010 0C       		.byte	0xc
 1408 0011 A7010000 		.4byte	.LASF18
 1409 0015 16000000 		.4byte	.LASF19
 1410 0019 00000000 		.4byte	.Ldebug_line0
 1411 001d 02       		.uleb128 0x2
 1412 001e 01       		.byte	0x1
 1413 001f 06       		.byte	0x6
 1414 0020 9B010000 		.4byte	.LASF0
 1415 0024 03       		.uleb128 0x3
 1416 0025 00000000 		.4byte	.LASF9
 1417 0029 01       		.byte	0x1
 1418 002a 1D       		.byte	0x1d
 1419 002b 2F000000 		.4byte	0x2f
 1420 002f 02       		.uleb128 0x2
 1421 0030 01       		.byte	0x1
ARM GAS  C:\Users\LESPIA~1\AppData\Local\Temp\ccrUY6xJ.s 			page 26


 1422 0031 08       		.byte	0x8
 1423 0032 3F000000 		.4byte	.LASF1
 1424 0036 02       		.uleb128 0x2
 1425 0037 02       		.byte	0x2
 1426 0038 05       		.byte	0x5
 1427 0039 88010000 		.4byte	.LASF2
 1428 003d 02       		.uleb128 0x2
 1429 003e 02       		.byte	0x2
 1430 003f 07       		.byte	0x7
 1431 0040 ED000000 		.4byte	.LASF3
 1432 0044 02       		.uleb128 0x2
 1433 0045 04       		.byte	0x4
 1434 0046 05       		.byte	0x5
 1435 0047 92010000 		.4byte	.LASF4
 1436 004b 02       		.uleb128 0x2
 1437 004c 04       		.byte	0x4
 1438 004d 07       		.byte	0x7
 1439 004e DB000000 		.4byte	.LASF5
 1440 0052 02       		.uleb128 0x2
 1441 0053 08       		.byte	0x8
 1442 0054 05       		.byte	0x5
 1443 0055 7A010000 		.4byte	.LASF6
 1444 0059 02       		.uleb128 0x2
 1445 005a 08       		.byte	0x8
 1446 005b 07       		.byte	0x7
 1447 005c 2F010000 		.4byte	.LASF7
 1448 0060 04       		.uleb128 0x4
 1449 0061 04       		.byte	0x4
 1450 0062 05       		.byte	0x5
 1451 0063 696E7400 		.ascii	"int\000"
 1452 0067 02       		.uleb128 0x2
 1453 0068 04       		.byte	0x4
 1454 0069 07       		.byte	0x7
 1455 006a 22010000 		.4byte	.LASF8
 1456 006e 03       		.uleb128 0x3
 1457 006f 46010000 		.4byte	.LASF10
 1458 0073 02       		.byte	0x2
 1459 0074 18       		.byte	0x18
 1460 0075 24000000 		.4byte	0x24
 1461 0079 05       		.uleb128 0x5
 1462 007a 91000000 		.4byte	0x91
 1463 007e 8A000000 		.4byte	0x8a
 1464 0082 06       		.uleb128 0x6
 1465 0083 8A000000 		.4byte	0x8a
 1466 0087 2B05     		.2byte	0x52b
 1467 0089 00       		.byte	0
 1468 008a 02       		.uleb128 0x2
 1469 008b 04       		.byte	0x4
 1470 008c 07       		.byte	0x7
 1471 008d 71010000 		.4byte	.LASF11
 1472 0091 07       		.uleb128 0x7
 1473 0092 6E000000 		.4byte	0x6e
 1474 0096 08       		.uleb128 0x8
 1475 0097 10010000 		.4byte	.LASF12
 1476 009b 03       		.byte	0x3
 1477 009c 1F       		.byte	0x1f
 1478 009d A7000000 		.4byte	0xa7
ARM GAS  C:\Users\LESPIA~1\AppData\Local\Temp\ccrUY6xJ.s 			page 27


 1479 00a1 05       		.uleb128 0x5
 1480 00a2 03       		.byte	0x3
 1481 00a3 00000000 		.4byte	cy_meta_configecc
 1482 00a7 07       		.uleb128 0x7
 1483 00a8 79000000 		.4byte	0x79
 1484 00ac 05       		.uleb128 0x5
 1485 00ad 91000000 		.4byte	0x91
 1486 00b1 BC000000 		.4byte	0xbc
 1487 00b5 09       		.uleb128 0x9
 1488 00b6 8A000000 		.4byte	0x8a
 1489 00ba 03       		.byte	0x3
 1490 00bb 00       		.byte	0
 1491 00bc 08       		.uleb128 0x8
 1492 00bd 00010000 		.4byte	.LASF13
 1493 00c1 03       		.byte	0x3
 1494 00c2 D2       		.byte	0xd2
 1495 00c3 CD000000 		.4byte	0xcd
 1496 00c7 05       		.uleb128 0x5
 1497 00c8 03       		.byte	0x3
 1498 00c9 00000000 		.4byte	cy_meta_custnvl
 1499 00cd 07       		.uleb128 0x7
 1500 00ce AC000000 		.4byte	0xac
 1501 00d2 08       		.uleb128 0x8
 1502 00d3 63010000 		.4byte	.LASF14
 1503 00d7 03       		.byte	0x3
 1504 00d8 E0       		.byte	0xe0
 1505 00d9 E3000000 		.4byte	0xe3
 1506 00dd 05       		.uleb128 0x5
 1507 00de 03       		.byte	0x3
 1508 00df 00000000 		.4byte	cy_meta_wonvl
 1509 00e3 07       		.uleb128 0x7
 1510 00e4 AC000000 		.4byte	0xac
 1511 00e8 05       		.uleb128 0x5
 1512 00e9 91000000 		.4byte	0x91
 1513 00ed F8000000 		.4byte	0xf8
 1514 00f1 09       		.uleb128 0x9
 1515 00f2 8A000000 		.4byte	0x8a
 1516 00f6 FF       		.byte	0xff
 1517 00f7 00       		.byte	0
 1518 00f8 08       		.uleb128 0x8
 1519 00f9 4E010000 		.4byte	.LASF15
 1520 00fd 03       		.byte	0x3
 1521 00fe EE       		.byte	0xee
 1522 00ff 09010000 		.4byte	0x109
 1523 0103 05       		.uleb128 0x5
 1524 0104 03       		.byte	0x3
 1525 0105 00000000 		.4byte	cy_meta_flashprotect
 1526 0109 07       		.uleb128 0x7
 1527 010a E8000000 		.4byte	0xe8
 1528 010e 05       		.uleb128 0x5
 1529 010f 91000000 		.4byte	0x91
 1530 0113 1E010000 		.4byte	0x11e
 1531 0117 09       		.uleb128 0x9
 1532 0118 8A000000 		.4byte	0x8a
 1533 011c 0B       		.byte	0xb
 1534 011d 00       		.byte	0
 1535 011e 0A       		.uleb128 0xa
ARM GAS  C:\Users\LESPIA~1\AppData\Local\Temp\ccrUY6xJ.s 			page 28


 1536 011f 0A000000 		.4byte	.LASF16
 1537 0123 03       		.byte	0x3
 1538 0124 1B01     		.2byte	0x11b
 1539 0126 30010000 		.4byte	0x130
 1540 012a 05       		.uleb128 0x5
 1541 012b 03       		.byte	0x3
 1542 012c 00000000 		.4byte	cy_metadata
 1543 0130 07       		.uleb128 0x7
 1544 0131 0E010000 		.4byte	0x10e
 1545 0135 00       		.byte	0
 1546              		.section	.debug_abbrev,"",%progbits
 1547              	.Ldebug_abbrev0:
 1548 0000 01       		.uleb128 0x1
 1549 0001 11       		.uleb128 0x11
 1550 0002 01       		.byte	0x1
 1551 0003 25       		.uleb128 0x25
 1552 0004 0E       		.uleb128 0xe
 1553 0005 13       		.uleb128 0x13
 1554 0006 0B       		.uleb128 0xb
 1555 0007 03       		.uleb128 0x3
 1556 0008 0E       		.uleb128 0xe
 1557 0009 1B       		.uleb128 0x1b
 1558 000a 0E       		.uleb128 0xe
 1559 000b 10       		.uleb128 0x10
 1560 000c 17       		.uleb128 0x17
 1561 000d 00       		.byte	0
 1562 000e 00       		.byte	0
 1563 000f 02       		.uleb128 0x2
 1564 0010 24       		.uleb128 0x24
 1565 0011 00       		.byte	0
 1566 0012 0B       		.uleb128 0xb
 1567 0013 0B       		.uleb128 0xb
 1568 0014 3E       		.uleb128 0x3e
 1569 0015 0B       		.uleb128 0xb
 1570 0016 03       		.uleb128 0x3
 1571 0017 0E       		.uleb128 0xe
 1572 0018 00       		.byte	0
 1573 0019 00       		.byte	0
 1574 001a 03       		.uleb128 0x3
 1575 001b 16       		.uleb128 0x16
 1576 001c 00       		.byte	0
 1577 001d 03       		.uleb128 0x3
 1578 001e 0E       		.uleb128 0xe
 1579 001f 3A       		.uleb128 0x3a
 1580 0020 0B       		.uleb128 0xb
 1581 0021 3B       		.uleb128 0x3b
 1582 0022 0B       		.uleb128 0xb
 1583 0023 49       		.uleb128 0x49
 1584 0024 13       		.uleb128 0x13
 1585 0025 00       		.byte	0
 1586 0026 00       		.byte	0
 1587 0027 04       		.uleb128 0x4
 1588 0028 24       		.uleb128 0x24
 1589 0029 00       		.byte	0
 1590 002a 0B       		.uleb128 0xb
 1591 002b 0B       		.uleb128 0xb
 1592 002c 3E       		.uleb128 0x3e
ARM GAS  C:\Users\LESPIA~1\AppData\Local\Temp\ccrUY6xJ.s 			page 29


 1593 002d 0B       		.uleb128 0xb
 1594 002e 03       		.uleb128 0x3
 1595 002f 08       		.uleb128 0x8
 1596 0030 00       		.byte	0
 1597 0031 00       		.byte	0
 1598 0032 05       		.uleb128 0x5
 1599 0033 01       		.uleb128 0x1
 1600 0034 01       		.byte	0x1
 1601 0035 49       		.uleb128 0x49
 1602 0036 13       		.uleb128 0x13
 1603 0037 01       		.uleb128 0x1
 1604 0038 13       		.uleb128 0x13
 1605 0039 00       		.byte	0
 1606 003a 00       		.byte	0
 1607 003b 06       		.uleb128 0x6
 1608 003c 21       		.uleb128 0x21
 1609 003d 00       		.byte	0
 1610 003e 49       		.uleb128 0x49
 1611 003f 13       		.uleb128 0x13
 1612 0040 2F       		.uleb128 0x2f
 1613 0041 05       		.uleb128 0x5
 1614 0042 00       		.byte	0
 1615 0043 00       		.byte	0
 1616 0044 07       		.uleb128 0x7
 1617 0045 26       		.uleb128 0x26
 1618 0046 00       		.byte	0
 1619 0047 49       		.uleb128 0x49
 1620 0048 13       		.uleb128 0x13
 1621 0049 00       		.byte	0
 1622 004a 00       		.byte	0
 1623 004b 08       		.uleb128 0x8
 1624 004c 34       		.uleb128 0x34
 1625 004d 00       		.byte	0
 1626 004e 03       		.uleb128 0x3
 1627 004f 0E       		.uleb128 0xe
 1628 0050 3A       		.uleb128 0x3a
 1629 0051 0B       		.uleb128 0xb
 1630 0052 3B       		.uleb128 0x3b
 1631 0053 0B       		.uleb128 0xb
 1632 0054 49       		.uleb128 0x49
 1633 0055 13       		.uleb128 0x13
 1634 0056 3F       		.uleb128 0x3f
 1635 0057 19       		.uleb128 0x19
 1636 0058 02       		.uleb128 0x2
 1637 0059 18       		.uleb128 0x18
 1638 005a 00       		.byte	0
 1639 005b 00       		.byte	0
 1640 005c 09       		.uleb128 0x9
 1641 005d 21       		.uleb128 0x21
 1642 005e 00       		.byte	0
 1643 005f 49       		.uleb128 0x49
 1644 0060 13       		.uleb128 0x13
 1645 0061 2F       		.uleb128 0x2f
 1646 0062 0B       		.uleb128 0xb
 1647 0063 00       		.byte	0
 1648 0064 00       		.byte	0
 1649 0065 0A       		.uleb128 0xa
ARM GAS  C:\Users\LESPIA~1\AppData\Local\Temp\ccrUY6xJ.s 			page 30


 1650 0066 34       		.uleb128 0x34
 1651 0067 00       		.byte	0
 1652 0068 03       		.uleb128 0x3
 1653 0069 0E       		.uleb128 0xe
 1654 006a 3A       		.uleb128 0x3a
 1655 006b 0B       		.uleb128 0xb
 1656 006c 3B       		.uleb128 0x3b
 1657 006d 05       		.uleb128 0x5
 1658 006e 49       		.uleb128 0x49
 1659 006f 13       		.uleb128 0x13
 1660 0070 3F       		.uleb128 0x3f
 1661 0071 19       		.uleb128 0x19
 1662 0072 02       		.uleb128 0x2
 1663 0073 18       		.uleb128 0x18
 1664 0074 00       		.byte	0
 1665 0075 00       		.byte	0
 1666 0076 00       		.byte	0
 1667              		.section	.debug_aranges,"",%progbits
 1668 0000 14000000 		.4byte	0x14
 1669 0004 0200     		.2byte	0x2
 1670 0006 00000000 		.4byte	.Ldebug_info0
 1671 000a 04       		.byte	0x4
 1672 000b 00       		.byte	0
 1673 000c 0000     		.2byte	0
 1674 000e 0000     		.2byte	0
 1675 0010 00000000 		.4byte	0
 1676 0014 00000000 		.4byte	0
 1677              		.section	.debug_line,"",%progbits
 1678              	.Ldebug_line0:
 1679 0000 3D010000 		.section	.debug_str,"MS",%progbits,1
 1679      02003701 
 1679      00000201 
 1679      FB0E0D00 
 1679      01010101 
 1680              	.LASF9:
 1681 0000 5F5F7569 		.ascii	"__uint8_t\000"
 1681      6E74385F 
 1681      7400
 1682              	.LASF16:
 1683 000a 63795F6D 		.ascii	"cy_metadata\000"
 1683      65746164 
 1683      61746100 
 1684              	.LASF19:
 1685 0016 553A5C35 		.ascii	"U:\\5SEE\\Thunder_Truck\\ThunderTruck.cydsn\000"
 1685      5345455C 
 1685      5468756E 
 1685      6465725F 
 1685      54727563 
 1686              	.LASF1:
 1687 003f 756E7369 		.ascii	"unsigned char\000"
 1687      676E6564 
 1687      20636861 
 1687      7200
 1688              	.LASF17:
 1689 004d 474E5520 		.ascii	"GNU C11 5.4.1 20160609 (release) [ARM/embedded-5-br"
 1689      43313120 
 1689      352E342E 
ARM GAS  C:\Users\LESPIA~1\AppData\Local\Temp\ccrUY6xJ.s 			page 31


 1689      31203230 
 1689      31363036 
 1690 0080 616E6368 		.ascii	"anch revision 237715] -mcpu=cortex-m3 -mthumb -g -O"
 1690      20726576 
 1690      6973696F 
 1690      6E203233 
 1690      37373135 
 1691 00b3 67202D66 		.ascii	"g -ffunction-sections -ffat-lto-objects\000"
 1691      66756E63 
 1691      74696F6E 
 1691      2D736563 
 1691      74696F6E 
 1692              	.LASF5:
 1693 00db 6C6F6E67 		.ascii	"long unsigned int\000"
 1693      20756E73 
 1693      69676E65 
 1693      6420696E 
 1693      7400
 1694              	.LASF3:
 1695 00ed 73686F72 		.ascii	"short unsigned int\000"
 1695      7420756E 
 1695      7369676E 
 1695      65642069 
 1695      6E7400
 1696              	.LASF13:
 1697 0100 63795F6D 		.ascii	"cy_meta_custnvl\000"
 1697      6574615F 
 1697      63757374 
 1697      6E766C00 
 1698              	.LASF12:
 1699 0110 63795F6D 		.ascii	"cy_meta_configecc\000"
 1699      6574615F 
 1699      636F6E66 
 1699      69676563 
 1699      6300
 1700              	.LASF8:
 1701 0122 756E7369 		.ascii	"unsigned int\000"
 1701      676E6564 
 1701      20696E74 
 1701      00
 1702              	.LASF7:
 1703 012f 6C6F6E67 		.ascii	"long long unsigned int\000"
 1703      206C6F6E 
 1703      6720756E 
 1703      7369676E 
 1703      65642069 
 1704              	.LASF10:
 1705 0146 75696E74 		.ascii	"uint8_t\000"
 1705      385F7400 
 1706              	.LASF15:
 1707 014e 63795F6D 		.ascii	"cy_meta_flashprotect\000"
 1707      6574615F 
 1707      666C6173 
 1707      6870726F 
 1707      74656374 
 1708              	.LASF14:
 1709 0163 63795F6D 		.ascii	"cy_meta_wonvl\000"
ARM GAS  C:\Users\LESPIA~1\AppData\Local\Temp\ccrUY6xJ.s 			page 32


 1709      6574615F 
 1709      776F6E76 
 1709      6C00
 1710              	.LASF11:
 1711 0171 73697A65 		.ascii	"sizetype\000"
 1711      74797065 
 1711      00
 1712              	.LASF6:
 1713 017a 6C6F6E67 		.ascii	"long long int\000"
 1713      206C6F6E 
 1713      6720696E 
 1713      7400
 1714              	.LASF2:
 1715 0188 73686F72 		.ascii	"short int\000"
 1715      7420696E 
 1715      7400
 1716              	.LASF4:
 1717 0192 6C6F6E67 		.ascii	"long int\000"
 1717      20696E74 
 1717      00
 1718              	.LASF0:
 1719 019b 7369676E 		.ascii	"signed char\000"
 1719      65642063 
 1719      68617200 
 1720              	.LASF18:
 1721 01a7 47656E65 		.ascii	"Generated_Source\\PSoC5\\cymetadata.c\000"
 1721      72617465 
 1721      645F536F 
 1721      75726365 
 1721      5C50536F 
 1722              		.ident	"GCC: (GNU Tools for ARM Embedded Processors) 5.4.1 20160609 (release) [ARM/embedded-5-bran
