ARM GAS  C:\Users\LESPIA~1\AppData\Local\Temp\cc6N4c8U.s 			page 1


   1              		.syntax unified
   2              		.cpu cortex-m3
   3              		.fpu softvfp
   4              		.eabi_attribute 20, 1
   5              		.eabi_attribute 21, 1
   6              		.eabi_attribute 23, 3
   7              		.eabi_attribute 24, 1
   8              		.eabi_attribute 25, 1
   9              		.eabi_attribute 26, 1
  10              		.eabi_attribute 30, 1
  11              		.eabi_attribute 34, 1
  12              		.eabi_attribute 18, 4
  13              		.thumb
  14              		.syntax unified
  15              		.file	"Interruption_CMD.c"
  16              		.text
  17              	.Ltext0:
  18              		.cfi_sections	.debug_frame
  19              		.section	.text.Interruption_CMD_Interrupt,"ax",%progbits
  20              		.align	2
  21              		.global	Interruption_CMD_Interrupt
  22              		.thumb
  23              		.thumb_func
  24              		.type	Interruption_CMD_Interrupt, %function
  25              	Interruption_CMD_Interrupt:
  26              	.LFB66:
  27              		.file 1 "Generated_Source\\PSoC5\\Interruption_CMD.c"
   1:Generated_Source\PSoC5/Interruption_CMD.c **** /*******************************************************************************
   2:Generated_Source\PSoC5/Interruption_CMD.c **** * File Name: Interruption_CMD.c  
   3:Generated_Source\PSoC5/Interruption_CMD.c **** * Version 1.70
   4:Generated_Source\PSoC5/Interruption_CMD.c **** *
   5:Generated_Source\PSoC5/Interruption_CMD.c **** *  Description:
   6:Generated_Source\PSoC5/Interruption_CMD.c **** *   API for controlling the state of an interrupt.
   7:Generated_Source\PSoC5/Interruption_CMD.c **** *
   8:Generated_Source\PSoC5/Interruption_CMD.c **** *
   9:Generated_Source\PSoC5/Interruption_CMD.c **** *  Note:
  10:Generated_Source\PSoC5/Interruption_CMD.c **** *
  11:Generated_Source\PSoC5/Interruption_CMD.c **** ********************************************************************************
  12:Generated_Source\PSoC5/Interruption_CMD.c **** * Copyright 2008-2015, Cypress Semiconductor Corporation.  All rights reserved.
  13:Generated_Source\PSoC5/Interruption_CMD.c **** * You may use this file only in accordance with the license, terms, conditions, 
  14:Generated_Source\PSoC5/Interruption_CMD.c **** * disclaimers, and limitations in the end user license agreement accompanying 
  15:Generated_Source\PSoC5/Interruption_CMD.c **** * the software package with which this file was provided.
  16:Generated_Source\PSoC5/Interruption_CMD.c **** *******************************************************************************/
  17:Generated_Source\PSoC5/Interruption_CMD.c **** 
  18:Generated_Source\PSoC5/Interruption_CMD.c **** 
  19:Generated_Source\PSoC5/Interruption_CMD.c **** #include <cydevice_trm.h>
  20:Generated_Source\PSoC5/Interruption_CMD.c **** #include <CyLib.h>
  21:Generated_Source\PSoC5/Interruption_CMD.c **** #include <Interruption_CMD.h>
  22:Generated_Source\PSoC5/Interruption_CMD.c **** #include "cyapicallbacks.h"
  23:Generated_Source\PSoC5/Interruption_CMD.c **** 
  24:Generated_Source\PSoC5/Interruption_CMD.c **** #if !defined(Interruption_CMD__REMOVED) /* Check for removal by optimization */
  25:Generated_Source\PSoC5/Interruption_CMD.c **** 
  26:Generated_Source\PSoC5/Interruption_CMD.c **** /*******************************************************************************
  27:Generated_Source\PSoC5/Interruption_CMD.c **** *  Place your includes, defines and code here 
  28:Generated_Source\PSoC5/Interruption_CMD.c **** ********************************************************************************/
  29:Generated_Source\PSoC5/Interruption_CMD.c **** /* `#START Interruption_CMD_intc` */
  30:Generated_Source\PSoC5/Interruption_CMD.c ****     
ARM GAS  C:\Users\LESPIA~1\AppData\Local\Temp\cc6N4c8U.s 			page 2


  31:Generated_Source\PSoC5/Interruption_CMD.c **** #include "utilities.h"
  32:Generated_Source\PSoC5/Interruption_CMD.c ****     extern char Char_main;
  33:Generated_Source\PSoC5/Interruption_CMD.c **** 
  34:Generated_Source\PSoC5/Interruption_CMD.c **** /* `#END` */
  35:Generated_Source\PSoC5/Interruption_CMD.c **** 
  36:Generated_Source\PSoC5/Interruption_CMD.c **** #ifndef CYINT_IRQ_BASE
  37:Generated_Source\PSoC5/Interruption_CMD.c **** #define CYINT_IRQ_BASE      16
  38:Generated_Source\PSoC5/Interruption_CMD.c **** #endif /* CYINT_IRQ_BASE */
  39:Generated_Source\PSoC5/Interruption_CMD.c **** #ifndef CYINT_VECT_TABLE
  40:Generated_Source\PSoC5/Interruption_CMD.c **** #define CYINT_VECT_TABLE    ((cyisraddress **) CYREG_NVIC_VECT_OFFSET)
  41:Generated_Source\PSoC5/Interruption_CMD.c **** #endif /* CYINT_VECT_TABLE */
  42:Generated_Source\PSoC5/Interruption_CMD.c **** 
  43:Generated_Source\PSoC5/Interruption_CMD.c **** /* Declared in startup, used to set unused interrupts to. */
  44:Generated_Source\PSoC5/Interruption_CMD.c **** CY_ISR_PROTO(IntDefaultHandler);
  45:Generated_Source\PSoC5/Interruption_CMD.c **** 
  46:Generated_Source\PSoC5/Interruption_CMD.c **** 
  47:Generated_Source\PSoC5/Interruption_CMD.c **** /*******************************************************************************
  48:Generated_Source\PSoC5/Interruption_CMD.c **** * Function Name: Interruption_CMD_Start
  49:Generated_Source\PSoC5/Interruption_CMD.c **** ********************************************************************************
  50:Generated_Source\PSoC5/Interruption_CMD.c **** *
  51:Generated_Source\PSoC5/Interruption_CMD.c **** * Summary:
  52:Generated_Source\PSoC5/Interruption_CMD.c **** *  Set up the interrupt and enable it. This function disables the interrupt, 
  53:Generated_Source\PSoC5/Interruption_CMD.c **** *  sets the default interrupt vector, sets the priority from the value in the
  54:Generated_Source\PSoC5/Interruption_CMD.c **** *  Design Wide Resources Interrupt Editor, then enables the interrupt to the 
  55:Generated_Source\PSoC5/Interruption_CMD.c **** *  interrupt controller.
  56:Generated_Source\PSoC5/Interruption_CMD.c **** *
  57:Generated_Source\PSoC5/Interruption_CMD.c **** * Parameters:  
  58:Generated_Source\PSoC5/Interruption_CMD.c **** *   None
  59:Generated_Source\PSoC5/Interruption_CMD.c **** *
  60:Generated_Source\PSoC5/Interruption_CMD.c **** * Return:
  61:Generated_Source\PSoC5/Interruption_CMD.c **** *   None
  62:Generated_Source\PSoC5/Interruption_CMD.c **** *
  63:Generated_Source\PSoC5/Interruption_CMD.c **** *******************************************************************************/
  64:Generated_Source\PSoC5/Interruption_CMD.c **** void Interruption_CMD_Start(void)
  65:Generated_Source\PSoC5/Interruption_CMD.c **** {
  66:Generated_Source\PSoC5/Interruption_CMD.c ****     /* For all we know the interrupt is active. */
  67:Generated_Source\PSoC5/Interruption_CMD.c ****     Interruption_CMD_Disable();
  68:Generated_Source\PSoC5/Interruption_CMD.c **** 
  69:Generated_Source\PSoC5/Interruption_CMD.c ****     /* Set the ISR to point to the Interruption_CMD Interrupt. */
  70:Generated_Source\PSoC5/Interruption_CMD.c ****     Interruption_CMD_SetVector(&Interruption_CMD_Interrupt);
  71:Generated_Source\PSoC5/Interruption_CMD.c **** 
  72:Generated_Source\PSoC5/Interruption_CMD.c ****     /* Set the priority. */
  73:Generated_Source\PSoC5/Interruption_CMD.c ****     Interruption_CMD_SetPriority((uint8)Interruption_CMD_INTC_PRIOR_NUMBER);
  74:Generated_Source\PSoC5/Interruption_CMD.c **** 
  75:Generated_Source\PSoC5/Interruption_CMD.c ****     /* Enable it. */
  76:Generated_Source\PSoC5/Interruption_CMD.c ****     Interruption_CMD_Enable();
  77:Generated_Source\PSoC5/Interruption_CMD.c **** }
  78:Generated_Source\PSoC5/Interruption_CMD.c **** 
  79:Generated_Source\PSoC5/Interruption_CMD.c **** 
  80:Generated_Source\PSoC5/Interruption_CMD.c **** /*******************************************************************************
  81:Generated_Source\PSoC5/Interruption_CMD.c **** * Function Name: Interruption_CMD_StartEx
  82:Generated_Source\PSoC5/Interruption_CMD.c **** ********************************************************************************
  83:Generated_Source\PSoC5/Interruption_CMD.c **** *
  84:Generated_Source\PSoC5/Interruption_CMD.c **** * Summary:
  85:Generated_Source\PSoC5/Interruption_CMD.c **** *  Sets up the interrupt and enables it. This function disables the interrupt,
  86:Generated_Source\PSoC5/Interruption_CMD.c **** *  sets the interrupt vector based on the address passed in, sets the priority 
  87:Generated_Source\PSoC5/Interruption_CMD.c **** *  from the value in the Design Wide Resources Interrupt Editor, then enables 
ARM GAS  C:\Users\LESPIA~1\AppData\Local\Temp\cc6N4c8U.s 			page 3


  88:Generated_Source\PSoC5/Interruption_CMD.c **** *  the interrupt to the interrupt controller.
  89:Generated_Source\PSoC5/Interruption_CMD.c **** *  
  90:Generated_Source\PSoC5/Interruption_CMD.c **** *  When defining ISR functions, the CY_ISR and CY_ISR_PROTO macros should be 
  91:Generated_Source\PSoC5/Interruption_CMD.c **** *  used to provide consistent definition across compilers:
  92:Generated_Source\PSoC5/Interruption_CMD.c **** *  
  93:Generated_Source\PSoC5/Interruption_CMD.c **** *  Function definition example:
  94:Generated_Source\PSoC5/Interruption_CMD.c **** *   CY_ISR(MyISR)
  95:Generated_Source\PSoC5/Interruption_CMD.c **** *   {
  96:Generated_Source\PSoC5/Interruption_CMD.c **** *   }
  97:Generated_Source\PSoC5/Interruption_CMD.c **** *   Function prototype example:
  98:Generated_Source\PSoC5/Interruption_CMD.c **** *   CY_ISR_PROTO(MyISR);
  99:Generated_Source\PSoC5/Interruption_CMD.c **** *
 100:Generated_Source\PSoC5/Interruption_CMD.c **** * Parameters:  
 101:Generated_Source\PSoC5/Interruption_CMD.c **** *   address: Address of the ISR to set in the interrupt vector table.
 102:Generated_Source\PSoC5/Interruption_CMD.c **** *
 103:Generated_Source\PSoC5/Interruption_CMD.c **** * Return:
 104:Generated_Source\PSoC5/Interruption_CMD.c **** *   None
 105:Generated_Source\PSoC5/Interruption_CMD.c **** *
 106:Generated_Source\PSoC5/Interruption_CMD.c **** *******************************************************************************/
 107:Generated_Source\PSoC5/Interruption_CMD.c **** void Interruption_CMD_StartEx(cyisraddress address)
 108:Generated_Source\PSoC5/Interruption_CMD.c **** {
 109:Generated_Source\PSoC5/Interruption_CMD.c ****     /* For all we know the interrupt is active. */
 110:Generated_Source\PSoC5/Interruption_CMD.c ****     Interruption_CMD_Disable();
 111:Generated_Source\PSoC5/Interruption_CMD.c **** 
 112:Generated_Source\PSoC5/Interruption_CMD.c ****     /* Set the ISR to point to the Interruption_CMD Interrupt. */
 113:Generated_Source\PSoC5/Interruption_CMD.c ****     Interruption_CMD_SetVector(address);
 114:Generated_Source\PSoC5/Interruption_CMD.c **** 
 115:Generated_Source\PSoC5/Interruption_CMD.c ****     /* Set the priority. */
 116:Generated_Source\PSoC5/Interruption_CMD.c ****     Interruption_CMD_SetPriority((uint8)Interruption_CMD_INTC_PRIOR_NUMBER);
 117:Generated_Source\PSoC5/Interruption_CMD.c **** 
 118:Generated_Source\PSoC5/Interruption_CMD.c ****     /* Enable it. */
 119:Generated_Source\PSoC5/Interruption_CMD.c ****     Interruption_CMD_Enable();
 120:Generated_Source\PSoC5/Interruption_CMD.c **** }
 121:Generated_Source\PSoC5/Interruption_CMD.c **** 
 122:Generated_Source\PSoC5/Interruption_CMD.c **** 
 123:Generated_Source\PSoC5/Interruption_CMD.c **** /*******************************************************************************
 124:Generated_Source\PSoC5/Interruption_CMD.c **** * Function Name: Interruption_CMD_Stop
 125:Generated_Source\PSoC5/Interruption_CMD.c **** ********************************************************************************
 126:Generated_Source\PSoC5/Interruption_CMD.c **** *
 127:Generated_Source\PSoC5/Interruption_CMD.c **** * Summary:
 128:Generated_Source\PSoC5/Interruption_CMD.c **** *   Disables and removes the interrupt.
 129:Generated_Source\PSoC5/Interruption_CMD.c **** *
 130:Generated_Source\PSoC5/Interruption_CMD.c **** * Parameters:  
 131:Generated_Source\PSoC5/Interruption_CMD.c **** *   None
 132:Generated_Source\PSoC5/Interruption_CMD.c **** *
 133:Generated_Source\PSoC5/Interruption_CMD.c **** * Return:
 134:Generated_Source\PSoC5/Interruption_CMD.c **** *   None
 135:Generated_Source\PSoC5/Interruption_CMD.c **** *
 136:Generated_Source\PSoC5/Interruption_CMD.c **** *******************************************************************************/
 137:Generated_Source\PSoC5/Interruption_CMD.c **** void Interruption_CMD_Stop(void)
 138:Generated_Source\PSoC5/Interruption_CMD.c **** {
 139:Generated_Source\PSoC5/Interruption_CMD.c ****     /* Disable this interrupt. */
 140:Generated_Source\PSoC5/Interruption_CMD.c ****     Interruption_CMD_Disable();
 141:Generated_Source\PSoC5/Interruption_CMD.c **** 
 142:Generated_Source\PSoC5/Interruption_CMD.c ****     /* Set the ISR to point to the passive one. */
 143:Generated_Source\PSoC5/Interruption_CMD.c ****     Interruption_CMD_SetVector(&IntDefaultHandler);
 144:Generated_Source\PSoC5/Interruption_CMD.c **** }
ARM GAS  C:\Users\LESPIA~1\AppData\Local\Temp\cc6N4c8U.s 			page 4


 145:Generated_Source\PSoC5/Interruption_CMD.c **** 
 146:Generated_Source\PSoC5/Interruption_CMD.c **** 
 147:Generated_Source\PSoC5/Interruption_CMD.c **** /*******************************************************************************
 148:Generated_Source\PSoC5/Interruption_CMD.c **** * Function Name: Interruption_CMD_Interrupt
 149:Generated_Source\PSoC5/Interruption_CMD.c **** ********************************************************************************
 150:Generated_Source\PSoC5/Interruption_CMD.c **** *
 151:Generated_Source\PSoC5/Interruption_CMD.c **** * Summary:
 152:Generated_Source\PSoC5/Interruption_CMD.c **** *   The default Interrupt Service Routine for Interruption_CMD.
 153:Generated_Source\PSoC5/Interruption_CMD.c **** *
 154:Generated_Source\PSoC5/Interruption_CMD.c **** *   Add custom code between the coments to keep the next version of this file
 155:Generated_Source\PSoC5/Interruption_CMD.c **** *   from over writting your code.
 156:Generated_Source\PSoC5/Interruption_CMD.c **** *
 157:Generated_Source\PSoC5/Interruption_CMD.c **** * Parameters:  
 158:Generated_Source\PSoC5/Interruption_CMD.c **** *
 159:Generated_Source\PSoC5/Interruption_CMD.c **** * Return:
 160:Generated_Source\PSoC5/Interruption_CMD.c **** *   None
 161:Generated_Source\PSoC5/Interruption_CMD.c **** *
 162:Generated_Source\PSoC5/Interruption_CMD.c **** *******************************************************************************/
 163:Generated_Source\PSoC5/Interruption_CMD.c **** CY_ISR(Interruption_CMD_Interrupt)
 164:Generated_Source\PSoC5/Interruption_CMD.c **** {
  28              		.loc 1 164 0
  29              		.cfi_startproc
  30              		@ args = 0, pretend = 0, frame = 0
  31              		@ frame_needed = 0, uses_anonymous_args = 0
  32 0000 08B5     		push	{r3, lr}
  33              		.cfi_def_cfa_offset 8
  34              		.cfi_offset 3, -8
  35              		.cfi_offset 14, -4
 165:Generated_Source\PSoC5/Interruption_CMD.c ****     #ifdef Interruption_CMD_INTERRUPT_INTERRUPT_CALLBACK
 166:Generated_Source\PSoC5/Interruption_CMD.c ****         Interruption_CMD_Interrupt_InterruptCallback();
 167:Generated_Source\PSoC5/Interruption_CMD.c ****     #endif /* Interruption_CMD_INTERRUPT_INTERRUPT_CALLBACK */ 
 168:Generated_Source\PSoC5/Interruption_CMD.c **** 
 169:Generated_Source\PSoC5/Interruption_CMD.c ****     /*  Place your Interrupt code here. */
 170:Generated_Source\PSoC5/Interruption_CMD.c ****     /* `#START Interruption_CMD_Interrupt` */
 171:Generated_Source\PSoC5/Interruption_CMD.c **** 
 172:Generated_Source\PSoC5/Interruption_CMD.c ****     
 173:Generated_Source\PSoC5/Interruption_CMD.c ****     //char8 buffer[255];
 174:Generated_Source\PSoC5/Interruption_CMD.c ****     //UART_read(buffer, 255);
 175:Generated_Source\PSoC5/Interruption_CMD.c ****     //UART_send(buffer, 32);
 176:Generated_Source\PSoC5/Interruption_CMD.c ****     Char_main = UART_test_GetChar();
  36              		.loc 1 176 0
  37 0002 FFF7FEFF 		bl	UART_test_GetChar
  38              	.LVL0:
  39 0006 014B     		ldr	r3, .L3
  40 0008 1870     		strb	r0, [r3]
  41              	.LVL1:
  42 000a 08BD     		pop	{r3, pc}
  43              	.L4:
  44              		.align	2
  45              	.L3:
  46 000c 00000000 		.word	Char_main
  47              		.cfi_endproc
  48              	.LFE66:
  49              		.size	Interruption_CMD_Interrupt, .-Interruption_CMD_Interrupt
  50              		.section	.text.Interruption_CMD_SetVector,"ax",%progbits
  51              		.align	2
  52              		.global	Interruption_CMD_SetVector
ARM GAS  C:\Users\LESPIA~1\AppData\Local\Temp\cc6N4c8U.s 			page 5


  53              		.thumb
  54              		.thumb_func
  55              		.type	Interruption_CMD_SetVector, %function
  56              	Interruption_CMD_SetVector:
  57              	.LFB67:
 177:Generated_Source\PSoC5/Interruption_CMD.c ****     int useless = 0;
 178:Generated_Source\PSoC5/Interruption_CMD.c ****     /* `#END` */
 179:Generated_Source\PSoC5/Interruption_CMD.c **** }
 180:Generated_Source\PSoC5/Interruption_CMD.c **** 
 181:Generated_Source\PSoC5/Interruption_CMD.c **** 
 182:Generated_Source\PSoC5/Interruption_CMD.c **** /*******************************************************************************
 183:Generated_Source\PSoC5/Interruption_CMD.c **** * Function Name: Interruption_CMD_SetVector
 184:Generated_Source\PSoC5/Interruption_CMD.c **** ********************************************************************************
 185:Generated_Source\PSoC5/Interruption_CMD.c **** *
 186:Generated_Source\PSoC5/Interruption_CMD.c **** * Summary:
 187:Generated_Source\PSoC5/Interruption_CMD.c **** *   Change the ISR vector for the Interrupt. Note calling Interruption_CMD_Start
 188:Generated_Source\PSoC5/Interruption_CMD.c **** *   will override any effect this method would have had. To set the vector 
 189:Generated_Source\PSoC5/Interruption_CMD.c **** *   before the component has been started use Interruption_CMD_StartEx instead.
 190:Generated_Source\PSoC5/Interruption_CMD.c **** * 
 191:Generated_Source\PSoC5/Interruption_CMD.c **** *   When defining ISR functions, the CY_ISR and CY_ISR_PROTO macros should be 
 192:Generated_Source\PSoC5/Interruption_CMD.c **** *   used to provide consistent definition across compilers:
 193:Generated_Source\PSoC5/Interruption_CMD.c **** *
 194:Generated_Source\PSoC5/Interruption_CMD.c **** *   Function definition example:
 195:Generated_Source\PSoC5/Interruption_CMD.c **** *   CY_ISR(MyISR)
 196:Generated_Source\PSoC5/Interruption_CMD.c **** *   {
 197:Generated_Source\PSoC5/Interruption_CMD.c **** *   }
 198:Generated_Source\PSoC5/Interruption_CMD.c **** *
 199:Generated_Source\PSoC5/Interruption_CMD.c **** *   Function prototype example:
 200:Generated_Source\PSoC5/Interruption_CMD.c **** *     CY_ISR_PROTO(MyISR);
 201:Generated_Source\PSoC5/Interruption_CMD.c **** *
 202:Generated_Source\PSoC5/Interruption_CMD.c **** * Parameters:
 203:Generated_Source\PSoC5/Interruption_CMD.c **** *   address: Address of the ISR to set in the interrupt vector table.
 204:Generated_Source\PSoC5/Interruption_CMD.c **** *
 205:Generated_Source\PSoC5/Interruption_CMD.c **** * Return:
 206:Generated_Source\PSoC5/Interruption_CMD.c **** *   None
 207:Generated_Source\PSoC5/Interruption_CMD.c **** *
 208:Generated_Source\PSoC5/Interruption_CMD.c **** *******************************************************************************/
 209:Generated_Source\PSoC5/Interruption_CMD.c **** void Interruption_CMD_SetVector(cyisraddress address)
 210:Generated_Source\PSoC5/Interruption_CMD.c **** {
  58              		.loc 1 210 0
  59              		.cfi_startproc
  60              		@ args = 0, pretend = 0, frame = 0
  61              		@ frame_needed = 0, uses_anonymous_args = 0
  62              		@ link register save eliminated.
  63              	.LVL2:
 211:Generated_Source\PSoC5/Interruption_CMD.c ****     cyisraddress * ramVectorTable;
 212:Generated_Source\PSoC5/Interruption_CMD.c **** 
 213:Generated_Source\PSoC5/Interruption_CMD.c ****     ramVectorTable = (cyisraddress *) *CYINT_VECT_TABLE;
  64              		.loc 1 213 0
  65 0000 014B     		ldr	r3, .L6
  66 0002 1B68     		ldr	r3, [r3]
  67              	.LVL3:
 214:Generated_Source\PSoC5/Interruption_CMD.c **** 
 215:Generated_Source\PSoC5/Interruption_CMD.c ****     ramVectorTable[CYINT_IRQ_BASE + (uint32)Interruption_CMD__INTC_NUMBER] = address;
  68              		.loc 1 215 0
  69 0004 1864     		str	r0, [r3, #64]
  70 0006 7047     		bx	lr
ARM GAS  C:\Users\LESPIA~1\AppData\Local\Temp\cc6N4c8U.s 			page 6


  71              	.L7:
  72              		.align	2
  73              	.L6:
  74 0008 08ED00E0 		.word	-536810232
  75              		.cfi_endproc
  76              	.LFE67:
  77              		.size	Interruption_CMD_SetVector, .-Interruption_CMD_SetVector
  78              		.section	.text.Interruption_CMD_GetVector,"ax",%progbits
  79              		.align	2
  80              		.global	Interruption_CMD_GetVector
  81              		.thumb
  82              		.thumb_func
  83              		.type	Interruption_CMD_GetVector, %function
  84              	Interruption_CMD_GetVector:
  85              	.LFB68:
 216:Generated_Source\PSoC5/Interruption_CMD.c **** }
 217:Generated_Source\PSoC5/Interruption_CMD.c **** 
 218:Generated_Source\PSoC5/Interruption_CMD.c **** 
 219:Generated_Source\PSoC5/Interruption_CMD.c **** /*******************************************************************************
 220:Generated_Source\PSoC5/Interruption_CMD.c **** * Function Name: Interruption_CMD_GetVector
 221:Generated_Source\PSoC5/Interruption_CMD.c **** ********************************************************************************
 222:Generated_Source\PSoC5/Interruption_CMD.c **** *
 223:Generated_Source\PSoC5/Interruption_CMD.c **** * Summary:
 224:Generated_Source\PSoC5/Interruption_CMD.c **** *   Gets the "address" of the current ISR vector for the Interrupt.
 225:Generated_Source\PSoC5/Interruption_CMD.c **** *
 226:Generated_Source\PSoC5/Interruption_CMD.c **** * Parameters:
 227:Generated_Source\PSoC5/Interruption_CMD.c **** *   None
 228:Generated_Source\PSoC5/Interruption_CMD.c **** *
 229:Generated_Source\PSoC5/Interruption_CMD.c **** * Return:
 230:Generated_Source\PSoC5/Interruption_CMD.c **** *   Address of the ISR in the interrupt vector table.
 231:Generated_Source\PSoC5/Interruption_CMD.c **** *
 232:Generated_Source\PSoC5/Interruption_CMD.c **** *******************************************************************************/
 233:Generated_Source\PSoC5/Interruption_CMD.c **** cyisraddress Interruption_CMD_GetVector(void)
 234:Generated_Source\PSoC5/Interruption_CMD.c **** {
  86              		.loc 1 234 0
  87              		.cfi_startproc
  88              		@ args = 0, pretend = 0, frame = 0
  89              		@ frame_needed = 0, uses_anonymous_args = 0
  90              		@ link register save eliminated.
 235:Generated_Source\PSoC5/Interruption_CMD.c ****     cyisraddress * ramVectorTable;
 236:Generated_Source\PSoC5/Interruption_CMD.c **** 
 237:Generated_Source\PSoC5/Interruption_CMD.c ****     ramVectorTable = (cyisraddress *) *CYINT_VECT_TABLE;
  91              		.loc 1 237 0
  92 0000 014B     		ldr	r3, .L9
  93 0002 1B68     		ldr	r3, [r3]
  94              	.LVL4:
 238:Generated_Source\PSoC5/Interruption_CMD.c **** 
 239:Generated_Source\PSoC5/Interruption_CMD.c ****     return ramVectorTable[CYINT_IRQ_BASE + (uint32)Interruption_CMD__INTC_NUMBER];
 240:Generated_Source\PSoC5/Interruption_CMD.c **** }
  95              		.loc 1 240 0
  96 0004 186C     		ldr	r0, [r3, #64]
  97 0006 7047     		bx	lr
  98              	.L10:
  99              		.align	2
 100              	.L9:
 101 0008 08ED00E0 		.word	-536810232
 102              		.cfi_endproc
ARM GAS  C:\Users\LESPIA~1\AppData\Local\Temp\cc6N4c8U.s 			page 7


 103              	.LFE68:
 104              		.size	Interruption_CMD_GetVector, .-Interruption_CMD_GetVector
 105              		.section	.text.Interruption_CMD_SetPriority,"ax",%progbits
 106              		.align	2
 107              		.global	Interruption_CMD_SetPriority
 108              		.thumb
 109              		.thumb_func
 110              		.type	Interruption_CMD_SetPriority, %function
 111              	Interruption_CMD_SetPriority:
 112              	.LFB69:
 241:Generated_Source\PSoC5/Interruption_CMD.c **** 
 242:Generated_Source\PSoC5/Interruption_CMD.c **** 
 243:Generated_Source\PSoC5/Interruption_CMD.c **** /*******************************************************************************
 244:Generated_Source\PSoC5/Interruption_CMD.c **** * Function Name: Interruption_CMD_SetPriority
 245:Generated_Source\PSoC5/Interruption_CMD.c **** ********************************************************************************
 246:Generated_Source\PSoC5/Interruption_CMD.c **** *
 247:Generated_Source\PSoC5/Interruption_CMD.c **** * Summary:
 248:Generated_Source\PSoC5/Interruption_CMD.c **** *   Sets the Priority of the Interrupt. 
 249:Generated_Source\PSoC5/Interruption_CMD.c **** *
 250:Generated_Source\PSoC5/Interruption_CMD.c **** *   Note calling Interruption_CMD_Start or Interruption_CMD_StartEx will 
 251:Generated_Source\PSoC5/Interruption_CMD.c **** *   override any effect this API would have had. This API should only be called
 252:Generated_Source\PSoC5/Interruption_CMD.c **** *   after Interruption_CMD_Start or Interruption_CMD_StartEx has been called. 
 253:Generated_Source\PSoC5/Interruption_CMD.c **** *   To set the initial priority for the component, use the Design-Wide Resources
 254:Generated_Source\PSoC5/Interruption_CMD.c **** *   Interrupt Editor.
 255:Generated_Source\PSoC5/Interruption_CMD.c **** *
 256:Generated_Source\PSoC5/Interruption_CMD.c **** *   Note This API has no effect on Non-maskable interrupt NMI).
 257:Generated_Source\PSoC5/Interruption_CMD.c **** *
 258:Generated_Source\PSoC5/Interruption_CMD.c **** * Parameters:
 259:Generated_Source\PSoC5/Interruption_CMD.c **** *   priority: Priority of the interrupt, 0 being the highest priority
 260:Generated_Source\PSoC5/Interruption_CMD.c **** *             PSoC 3 and PSoC 5LP: Priority is from 0 to 7.
 261:Generated_Source\PSoC5/Interruption_CMD.c **** *             PSoC 4: Priority is from 0 to 3.
 262:Generated_Source\PSoC5/Interruption_CMD.c **** *
 263:Generated_Source\PSoC5/Interruption_CMD.c **** * Return:
 264:Generated_Source\PSoC5/Interruption_CMD.c **** *   None
 265:Generated_Source\PSoC5/Interruption_CMD.c **** *
 266:Generated_Source\PSoC5/Interruption_CMD.c **** *******************************************************************************/
 267:Generated_Source\PSoC5/Interruption_CMD.c **** void Interruption_CMD_SetPriority(uint8 priority)
 268:Generated_Source\PSoC5/Interruption_CMD.c **** {
 113              		.loc 1 268 0
 114              		.cfi_startproc
 115              		@ args = 0, pretend = 0, frame = 0
 116              		@ frame_needed = 0, uses_anonymous_args = 0
 117              		@ link register save eliminated.
 118              	.LVL5:
 269:Generated_Source\PSoC5/Interruption_CMD.c ****     *Interruption_CMD_INTC_PRIOR = priority << 5;
 119              		.loc 1 269 0
 120 0000 4001     		lsls	r0, r0, #5
 121              	.LVL6:
 122 0002 C0B2     		uxtb	r0, r0
 123 0004 014B     		ldr	r3, .L12
 124 0006 1870     		strb	r0, [r3]
 125 0008 7047     		bx	lr
 126              	.L13:
 127 000a 00BF     		.align	2
 128              	.L12:
 129 000c 00E400E0 		.word	-536812544
 130              		.cfi_endproc
ARM GAS  C:\Users\LESPIA~1\AppData\Local\Temp\cc6N4c8U.s 			page 8


 131              	.LFE69:
 132              		.size	Interruption_CMD_SetPriority, .-Interruption_CMD_SetPriority
 133              		.section	.text.Interruption_CMD_GetPriority,"ax",%progbits
 134              		.align	2
 135              		.global	Interruption_CMD_GetPriority
 136              		.thumb
 137              		.thumb_func
 138              		.type	Interruption_CMD_GetPriority, %function
 139              	Interruption_CMD_GetPriority:
 140              	.LFB70:
 270:Generated_Source\PSoC5/Interruption_CMD.c **** }
 271:Generated_Source\PSoC5/Interruption_CMD.c **** 
 272:Generated_Source\PSoC5/Interruption_CMD.c **** 
 273:Generated_Source\PSoC5/Interruption_CMD.c **** /*******************************************************************************
 274:Generated_Source\PSoC5/Interruption_CMD.c **** * Function Name: Interruption_CMD_GetPriority
 275:Generated_Source\PSoC5/Interruption_CMD.c **** ********************************************************************************
 276:Generated_Source\PSoC5/Interruption_CMD.c **** *
 277:Generated_Source\PSoC5/Interruption_CMD.c **** * Summary:
 278:Generated_Source\PSoC5/Interruption_CMD.c **** *   Gets the Priority of the Interrupt.
 279:Generated_Source\PSoC5/Interruption_CMD.c **** *
 280:Generated_Source\PSoC5/Interruption_CMD.c **** * Parameters:
 281:Generated_Source\PSoC5/Interruption_CMD.c **** *   None
 282:Generated_Source\PSoC5/Interruption_CMD.c **** *
 283:Generated_Source\PSoC5/Interruption_CMD.c **** * Return:
 284:Generated_Source\PSoC5/Interruption_CMD.c **** *   Priority of the interrupt, 0 being the highest priority
 285:Generated_Source\PSoC5/Interruption_CMD.c **** *    PSoC 3 and PSoC 5LP: Priority is from 0 to 7.
 286:Generated_Source\PSoC5/Interruption_CMD.c **** *    PSoC 4: Priority is from 0 to 3.
 287:Generated_Source\PSoC5/Interruption_CMD.c **** *
 288:Generated_Source\PSoC5/Interruption_CMD.c **** *******************************************************************************/
 289:Generated_Source\PSoC5/Interruption_CMD.c **** uint8 Interruption_CMD_GetPriority(void)
 290:Generated_Source\PSoC5/Interruption_CMD.c **** {
 141              		.loc 1 290 0
 142              		.cfi_startproc
 143              		@ args = 0, pretend = 0, frame = 0
 144              		@ frame_needed = 0, uses_anonymous_args = 0
 145              		@ link register save eliminated.
 291:Generated_Source\PSoC5/Interruption_CMD.c ****     uint8 priority;
 292:Generated_Source\PSoC5/Interruption_CMD.c **** 
 293:Generated_Source\PSoC5/Interruption_CMD.c **** 
 294:Generated_Source\PSoC5/Interruption_CMD.c ****     priority = *Interruption_CMD_INTC_PRIOR >> 5;
 146              		.loc 1 294 0
 147 0000 014B     		ldr	r3, .L15
 148 0002 1878     		ldrb	r0, [r3]	@ zero_extendqisi2
 149              	.LVL7:
 295:Generated_Source\PSoC5/Interruption_CMD.c **** 
 296:Generated_Source\PSoC5/Interruption_CMD.c ****     return priority;
 297:Generated_Source\PSoC5/Interruption_CMD.c **** }
 150              		.loc 1 297 0
 151 0004 4009     		lsrs	r0, r0, #5
 152              	.LVL8:
 153 0006 7047     		bx	lr
 154              	.L16:
 155              		.align	2
 156              	.L15:
 157 0008 00E400E0 		.word	-536812544
 158              		.cfi_endproc
 159              	.LFE70:
ARM GAS  C:\Users\LESPIA~1\AppData\Local\Temp\cc6N4c8U.s 			page 9


 160              		.size	Interruption_CMD_GetPriority, .-Interruption_CMD_GetPriority
 161              		.section	.text.Interruption_CMD_Enable,"ax",%progbits
 162              		.align	2
 163              		.global	Interruption_CMD_Enable
 164              		.thumb
 165              		.thumb_func
 166              		.type	Interruption_CMD_Enable, %function
 167              	Interruption_CMD_Enable:
 168              	.LFB71:
 298:Generated_Source\PSoC5/Interruption_CMD.c **** 
 299:Generated_Source\PSoC5/Interruption_CMD.c **** 
 300:Generated_Source\PSoC5/Interruption_CMD.c **** /*******************************************************************************
 301:Generated_Source\PSoC5/Interruption_CMD.c **** * Function Name: Interruption_CMD_Enable
 302:Generated_Source\PSoC5/Interruption_CMD.c **** ********************************************************************************
 303:Generated_Source\PSoC5/Interruption_CMD.c **** *
 304:Generated_Source\PSoC5/Interruption_CMD.c **** * Summary:
 305:Generated_Source\PSoC5/Interruption_CMD.c **** *   Enables the interrupt to the interrupt controller. Do not call this function
 306:Generated_Source\PSoC5/Interruption_CMD.c **** *   unless ISR_Start() has been called or the functionality of the ISR_Start() 
 307:Generated_Source\PSoC5/Interruption_CMD.c **** *   function, which sets the vector and the priority, has been called.
 308:Generated_Source\PSoC5/Interruption_CMD.c **** *
 309:Generated_Source\PSoC5/Interruption_CMD.c **** * Parameters:
 310:Generated_Source\PSoC5/Interruption_CMD.c **** *   None
 311:Generated_Source\PSoC5/Interruption_CMD.c **** *
 312:Generated_Source\PSoC5/Interruption_CMD.c **** * Return:
 313:Generated_Source\PSoC5/Interruption_CMD.c **** *   None
 314:Generated_Source\PSoC5/Interruption_CMD.c **** *
 315:Generated_Source\PSoC5/Interruption_CMD.c **** *******************************************************************************/
 316:Generated_Source\PSoC5/Interruption_CMD.c **** void Interruption_CMD_Enable(void)
 317:Generated_Source\PSoC5/Interruption_CMD.c **** {
 169              		.loc 1 317 0
 170              		.cfi_startproc
 171              		@ args = 0, pretend = 0, frame = 0
 172              		@ frame_needed = 0, uses_anonymous_args = 0
 173              		@ link register save eliminated.
 318:Generated_Source\PSoC5/Interruption_CMD.c ****     /* Enable the general interrupt. */
 319:Generated_Source\PSoC5/Interruption_CMD.c ****     *Interruption_CMD_INTC_SET_EN = Interruption_CMD__INTC_MASK;
 174              		.loc 1 319 0
 175 0000 0122     		movs	r2, #1
 176 0002 014B     		ldr	r3, .L18
 177 0004 1A60     		str	r2, [r3]
 178 0006 7047     		bx	lr
 179              	.L19:
 180              		.align	2
 181              	.L18:
 182 0008 00E100E0 		.word	-536813312
 183              		.cfi_endproc
 184              	.LFE71:
 185              		.size	Interruption_CMD_Enable, .-Interruption_CMD_Enable
 186              		.section	.text.Interruption_CMD_GetState,"ax",%progbits
 187              		.align	2
 188              		.global	Interruption_CMD_GetState
 189              		.thumb
 190              		.thumb_func
 191              		.type	Interruption_CMD_GetState, %function
 192              	Interruption_CMD_GetState:
 193              	.LFB72:
 320:Generated_Source\PSoC5/Interruption_CMD.c **** }
ARM GAS  C:\Users\LESPIA~1\AppData\Local\Temp\cc6N4c8U.s 			page 10


 321:Generated_Source\PSoC5/Interruption_CMD.c **** 
 322:Generated_Source\PSoC5/Interruption_CMD.c **** 
 323:Generated_Source\PSoC5/Interruption_CMD.c **** /*******************************************************************************
 324:Generated_Source\PSoC5/Interruption_CMD.c **** * Function Name: Interruption_CMD_GetState
 325:Generated_Source\PSoC5/Interruption_CMD.c **** ********************************************************************************
 326:Generated_Source\PSoC5/Interruption_CMD.c **** *
 327:Generated_Source\PSoC5/Interruption_CMD.c **** * Summary:
 328:Generated_Source\PSoC5/Interruption_CMD.c **** *   Gets the state (enabled, disabled) of the Interrupt.
 329:Generated_Source\PSoC5/Interruption_CMD.c **** *
 330:Generated_Source\PSoC5/Interruption_CMD.c **** * Parameters:
 331:Generated_Source\PSoC5/Interruption_CMD.c **** *   None
 332:Generated_Source\PSoC5/Interruption_CMD.c **** *
 333:Generated_Source\PSoC5/Interruption_CMD.c **** * Return:
 334:Generated_Source\PSoC5/Interruption_CMD.c **** *   1 if enabled, 0 if disabled.
 335:Generated_Source\PSoC5/Interruption_CMD.c **** *
 336:Generated_Source\PSoC5/Interruption_CMD.c **** *******************************************************************************/
 337:Generated_Source\PSoC5/Interruption_CMD.c **** uint8 Interruption_CMD_GetState(void)
 338:Generated_Source\PSoC5/Interruption_CMD.c **** {
 194              		.loc 1 338 0
 195              		.cfi_startproc
 196              		@ args = 0, pretend = 0, frame = 0
 197              		@ frame_needed = 0, uses_anonymous_args = 0
 198              		@ link register save eliminated.
 339:Generated_Source\PSoC5/Interruption_CMD.c ****     /* Get the state of the general interrupt. */
 340:Generated_Source\PSoC5/Interruption_CMD.c ****     return ((*Interruption_CMD_INTC_SET_EN & (uint32)Interruption_CMD__INTC_MASK) != 0u) ? 1u:0u;
 199              		.loc 1 340 0
 200 0000 024B     		ldr	r3, .L21
 201 0002 1868     		ldr	r0, [r3]
 341:Generated_Source\PSoC5/Interruption_CMD.c **** }
 202              		.loc 1 341 0
 203 0004 00F00100 		and	r0, r0, #1
 204 0008 7047     		bx	lr
 205              	.L22:
 206 000a 00BF     		.align	2
 207              	.L21:
 208 000c 00E100E0 		.word	-536813312
 209              		.cfi_endproc
 210              	.LFE72:
 211              		.size	Interruption_CMD_GetState, .-Interruption_CMD_GetState
 212              		.section	.text.Interruption_CMD_Disable,"ax",%progbits
 213              		.align	2
 214              		.global	Interruption_CMD_Disable
 215              		.thumb
 216              		.thumb_func
 217              		.type	Interruption_CMD_Disable, %function
 218              	Interruption_CMD_Disable:
 219              	.LFB73:
 342:Generated_Source\PSoC5/Interruption_CMD.c **** 
 343:Generated_Source\PSoC5/Interruption_CMD.c **** 
 344:Generated_Source\PSoC5/Interruption_CMD.c **** /*******************************************************************************
 345:Generated_Source\PSoC5/Interruption_CMD.c **** * Function Name: Interruption_CMD_Disable
 346:Generated_Source\PSoC5/Interruption_CMD.c **** ********************************************************************************
 347:Generated_Source\PSoC5/Interruption_CMD.c **** *
 348:Generated_Source\PSoC5/Interruption_CMD.c **** * Summary:
 349:Generated_Source\PSoC5/Interruption_CMD.c **** *   Disables the Interrupt in the interrupt controller.
 350:Generated_Source\PSoC5/Interruption_CMD.c **** *
 351:Generated_Source\PSoC5/Interruption_CMD.c **** * Parameters:
ARM GAS  C:\Users\LESPIA~1\AppData\Local\Temp\cc6N4c8U.s 			page 11


 352:Generated_Source\PSoC5/Interruption_CMD.c **** *   None
 353:Generated_Source\PSoC5/Interruption_CMD.c **** *
 354:Generated_Source\PSoC5/Interruption_CMD.c **** * Return:
 355:Generated_Source\PSoC5/Interruption_CMD.c **** *   None
 356:Generated_Source\PSoC5/Interruption_CMD.c **** *
 357:Generated_Source\PSoC5/Interruption_CMD.c **** *******************************************************************************/
 358:Generated_Source\PSoC5/Interruption_CMD.c **** void Interruption_CMD_Disable(void)
 359:Generated_Source\PSoC5/Interruption_CMD.c **** {
 220              		.loc 1 359 0
 221              		.cfi_startproc
 222              		@ args = 0, pretend = 0, frame = 0
 223              		@ frame_needed = 0, uses_anonymous_args = 0
 224              		@ link register save eliminated.
 360:Generated_Source\PSoC5/Interruption_CMD.c ****     /* Disable the general interrupt. */
 361:Generated_Source\PSoC5/Interruption_CMD.c ****     *Interruption_CMD_INTC_CLR_EN = Interruption_CMD__INTC_MASK;
 225              		.loc 1 361 0
 226 0000 0122     		movs	r2, #1
 227 0002 014B     		ldr	r3, .L24
 228 0004 1A60     		str	r2, [r3]
 229 0006 7047     		bx	lr
 230              	.L25:
 231              		.align	2
 232              	.L24:
 233 0008 80E100E0 		.word	-536813184
 234              		.cfi_endproc
 235              	.LFE73:
 236              		.size	Interruption_CMD_Disable, .-Interruption_CMD_Disable
 237              		.section	.text.Interruption_CMD_Start,"ax",%progbits
 238              		.align	2
 239              		.global	Interruption_CMD_Start
 240              		.thumb
 241              		.thumb_func
 242              		.type	Interruption_CMD_Start, %function
 243              	Interruption_CMD_Start:
 244              	.LFB63:
  65:Generated_Source\PSoC5/Interruption_CMD.c ****     /* For all we know the interrupt is active. */
 245              		.loc 1 65 0
 246              		.cfi_startproc
 247              		@ args = 0, pretend = 0, frame = 0
 248              		@ frame_needed = 0, uses_anonymous_args = 0
 249 0000 08B5     		push	{r3, lr}
 250              		.cfi_def_cfa_offset 8
 251              		.cfi_offset 3, -8
 252              		.cfi_offset 14, -4
  67:Generated_Source\PSoC5/Interruption_CMD.c **** 
 253              		.loc 1 67 0
 254 0002 FFF7FEFF 		bl	Interruption_CMD_Disable
 255              	.LVL9:
  70:Generated_Source\PSoC5/Interruption_CMD.c **** 
 256              		.loc 1 70 0
 257 0006 0448     		ldr	r0, .L28
 258 0008 FFF7FEFF 		bl	Interruption_CMD_SetVector
 259              	.LVL10:
  73:Generated_Source\PSoC5/Interruption_CMD.c **** 
 260              		.loc 1 73 0
 261 000c 0720     		movs	r0, #7
 262 000e FFF7FEFF 		bl	Interruption_CMD_SetPriority
ARM GAS  C:\Users\LESPIA~1\AppData\Local\Temp\cc6N4c8U.s 			page 12


 263              	.LVL11:
  76:Generated_Source\PSoC5/Interruption_CMD.c **** }
 264              		.loc 1 76 0
 265 0012 FFF7FEFF 		bl	Interruption_CMD_Enable
 266              	.LVL12:
 267 0016 08BD     		pop	{r3, pc}
 268              	.L29:
 269              		.align	2
 270              	.L28:
 271 0018 00000000 		.word	Interruption_CMD_Interrupt
 272              		.cfi_endproc
 273              	.LFE63:
 274              		.size	Interruption_CMD_Start, .-Interruption_CMD_Start
 275              		.section	.text.Interruption_CMD_StartEx,"ax",%progbits
 276              		.align	2
 277              		.global	Interruption_CMD_StartEx
 278              		.thumb
 279              		.thumb_func
 280              		.type	Interruption_CMD_StartEx, %function
 281              	Interruption_CMD_StartEx:
 282              	.LFB64:
 108:Generated_Source\PSoC5/Interruption_CMD.c ****     /* For all we know the interrupt is active. */
 283              		.loc 1 108 0
 284              		.cfi_startproc
 285              		@ args = 0, pretend = 0, frame = 0
 286              		@ frame_needed = 0, uses_anonymous_args = 0
 287              	.LVL13:
 288 0000 10B5     		push	{r4, lr}
 289              		.cfi_def_cfa_offset 8
 290              		.cfi_offset 4, -8
 291              		.cfi_offset 14, -4
 292 0002 0446     		mov	r4, r0
 110:Generated_Source\PSoC5/Interruption_CMD.c **** 
 293              		.loc 1 110 0
 294 0004 FFF7FEFF 		bl	Interruption_CMD_Disable
 295              	.LVL14:
 113:Generated_Source\PSoC5/Interruption_CMD.c **** 
 296              		.loc 1 113 0
 297 0008 2046     		mov	r0, r4
 298 000a FFF7FEFF 		bl	Interruption_CMD_SetVector
 299              	.LVL15:
 116:Generated_Source\PSoC5/Interruption_CMD.c **** 
 300              		.loc 1 116 0
 301 000e 0720     		movs	r0, #7
 302 0010 FFF7FEFF 		bl	Interruption_CMD_SetPriority
 303              	.LVL16:
 119:Generated_Source\PSoC5/Interruption_CMD.c **** }
 304              		.loc 1 119 0
 305 0014 FFF7FEFF 		bl	Interruption_CMD_Enable
 306              	.LVL17:
 307 0018 10BD     		pop	{r4, pc}
 308              		.cfi_endproc
 309              	.LFE64:
 310              		.size	Interruption_CMD_StartEx, .-Interruption_CMD_StartEx
 311 001a 00BF     		.section	.text.Interruption_CMD_Stop,"ax",%progbits
 312              		.align	2
 313              		.global	Interruption_CMD_Stop
ARM GAS  C:\Users\LESPIA~1\AppData\Local\Temp\cc6N4c8U.s 			page 13


 314              		.thumb
 315              		.thumb_func
 316              		.type	Interruption_CMD_Stop, %function
 317              	Interruption_CMD_Stop:
 318              	.LFB65:
 138:Generated_Source\PSoC5/Interruption_CMD.c ****     /* Disable this interrupt. */
 319              		.loc 1 138 0
 320              		.cfi_startproc
 321              		@ args = 0, pretend = 0, frame = 0
 322              		@ frame_needed = 0, uses_anonymous_args = 0
 323 0000 08B5     		push	{r3, lr}
 324              		.cfi_def_cfa_offset 8
 325              		.cfi_offset 3, -8
 326              		.cfi_offset 14, -4
 140:Generated_Source\PSoC5/Interruption_CMD.c **** 
 327              		.loc 1 140 0
 328 0002 FFF7FEFF 		bl	Interruption_CMD_Disable
 329              	.LVL18:
 143:Generated_Source\PSoC5/Interruption_CMD.c **** }
 330              		.loc 1 143 0
 331 0006 0248     		ldr	r0, .L34
 332 0008 FFF7FEFF 		bl	Interruption_CMD_SetVector
 333              	.LVL19:
 334 000c 08BD     		pop	{r3, pc}
 335              	.L35:
 336 000e 00BF     		.align	2
 337              	.L34:
 338 0010 00000000 		.word	IntDefaultHandler
 339              		.cfi_endproc
 340              	.LFE65:
 341              		.size	Interruption_CMD_Stop, .-Interruption_CMD_Stop
 342              		.section	.text.Interruption_CMD_SetPending,"ax",%progbits
 343              		.align	2
 344              		.global	Interruption_CMD_SetPending
 345              		.thumb
 346              		.thumb_func
 347              		.type	Interruption_CMD_SetPending, %function
 348              	Interruption_CMD_SetPending:
 349              	.LFB74:
 362:Generated_Source\PSoC5/Interruption_CMD.c **** }
 363:Generated_Source\PSoC5/Interruption_CMD.c **** 
 364:Generated_Source\PSoC5/Interruption_CMD.c **** 
 365:Generated_Source\PSoC5/Interruption_CMD.c **** /*******************************************************************************
 366:Generated_Source\PSoC5/Interruption_CMD.c **** * Function Name: Interruption_CMD_SetPending
 367:Generated_Source\PSoC5/Interruption_CMD.c **** ********************************************************************************
 368:Generated_Source\PSoC5/Interruption_CMD.c **** *
 369:Generated_Source\PSoC5/Interruption_CMD.c **** * Summary:
 370:Generated_Source\PSoC5/Interruption_CMD.c **** *   Causes the Interrupt to enter the pending state, a software method of
 371:Generated_Source\PSoC5/Interruption_CMD.c **** *   generating the interrupt.
 372:Generated_Source\PSoC5/Interruption_CMD.c **** *
 373:Generated_Source\PSoC5/Interruption_CMD.c **** * Parameters:
 374:Generated_Source\PSoC5/Interruption_CMD.c **** *   None
 375:Generated_Source\PSoC5/Interruption_CMD.c **** *
 376:Generated_Source\PSoC5/Interruption_CMD.c **** * Return:
 377:Generated_Source\PSoC5/Interruption_CMD.c **** *   None
 378:Generated_Source\PSoC5/Interruption_CMD.c **** *
 379:Generated_Source\PSoC5/Interruption_CMD.c **** * Side Effects:
ARM GAS  C:\Users\LESPIA~1\AppData\Local\Temp\cc6N4c8U.s 			page 14


 380:Generated_Source\PSoC5/Interruption_CMD.c **** *   If interrupts are enabled and the interrupt is set up properly, the ISR is
 381:Generated_Source\PSoC5/Interruption_CMD.c **** *   entered (depending on the priority of this interrupt and other pending 
 382:Generated_Source\PSoC5/Interruption_CMD.c **** *   interrupts).
 383:Generated_Source\PSoC5/Interruption_CMD.c **** *
 384:Generated_Source\PSoC5/Interruption_CMD.c **** *******************************************************************************/
 385:Generated_Source\PSoC5/Interruption_CMD.c **** void Interruption_CMD_SetPending(void)
 386:Generated_Source\PSoC5/Interruption_CMD.c **** {
 350              		.loc 1 386 0
 351              		.cfi_startproc
 352              		@ args = 0, pretend = 0, frame = 0
 353              		@ frame_needed = 0, uses_anonymous_args = 0
 354              		@ link register save eliminated.
 387:Generated_Source\PSoC5/Interruption_CMD.c ****     *Interruption_CMD_INTC_SET_PD = Interruption_CMD__INTC_MASK;
 355              		.loc 1 387 0
 356 0000 0122     		movs	r2, #1
 357 0002 014B     		ldr	r3, .L37
 358 0004 1A60     		str	r2, [r3]
 359 0006 7047     		bx	lr
 360              	.L38:
 361              		.align	2
 362              	.L37:
 363 0008 00E200E0 		.word	-536813056
 364              		.cfi_endproc
 365              	.LFE74:
 366              		.size	Interruption_CMD_SetPending, .-Interruption_CMD_SetPending
 367              		.section	.text.Interruption_CMD_ClearPending,"ax",%progbits
 368              		.align	2
 369              		.global	Interruption_CMD_ClearPending
 370              		.thumb
 371              		.thumb_func
 372              		.type	Interruption_CMD_ClearPending, %function
 373              	Interruption_CMD_ClearPending:
 374              	.LFB75:
 388:Generated_Source\PSoC5/Interruption_CMD.c **** }
 389:Generated_Source\PSoC5/Interruption_CMD.c **** 
 390:Generated_Source\PSoC5/Interruption_CMD.c **** 
 391:Generated_Source\PSoC5/Interruption_CMD.c **** /*******************************************************************************
 392:Generated_Source\PSoC5/Interruption_CMD.c **** * Function Name: Interruption_CMD_ClearPending
 393:Generated_Source\PSoC5/Interruption_CMD.c **** ********************************************************************************
 394:Generated_Source\PSoC5/Interruption_CMD.c **** *
 395:Generated_Source\PSoC5/Interruption_CMD.c **** * Summary:
 396:Generated_Source\PSoC5/Interruption_CMD.c **** *   Clears a pending interrupt in the interrupt controller.
 397:Generated_Source\PSoC5/Interruption_CMD.c **** *
 398:Generated_Source\PSoC5/Interruption_CMD.c **** *   Note Some interrupt sources are clear-on-read and require the block 
 399:Generated_Source\PSoC5/Interruption_CMD.c **** *   interrupt/status register to be read/cleared with the appropriate block API 
 400:Generated_Source\PSoC5/Interruption_CMD.c **** *   (GPIO, UART, and so on). Otherwise the ISR will continue to remain in 
 401:Generated_Source\PSoC5/Interruption_CMD.c **** *   pending state even though the interrupt itself is cleared using this API.
 402:Generated_Source\PSoC5/Interruption_CMD.c **** *
 403:Generated_Source\PSoC5/Interruption_CMD.c **** * Parameters:
 404:Generated_Source\PSoC5/Interruption_CMD.c **** *   None
 405:Generated_Source\PSoC5/Interruption_CMD.c **** *
 406:Generated_Source\PSoC5/Interruption_CMD.c **** * Return:
 407:Generated_Source\PSoC5/Interruption_CMD.c **** *   None
 408:Generated_Source\PSoC5/Interruption_CMD.c **** *
 409:Generated_Source\PSoC5/Interruption_CMD.c **** *******************************************************************************/
 410:Generated_Source\PSoC5/Interruption_CMD.c **** void Interruption_CMD_ClearPending(void)
 411:Generated_Source\PSoC5/Interruption_CMD.c **** {
ARM GAS  C:\Users\LESPIA~1\AppData\Local\Temp\cc6N4c8U.s 			page 15


 375              		.loc 1 411 0
 376              		.cfi_startproc
 377              		@ args = 0, pretend = 0, frame = 0
 378              		@ frame_needed = 0, uses_anonymous_args = 0
 379              		@ link register save eliminated.
 412:Generated_Source\PSoC5/Interruption_CMD.c ****     *Interruption_CMD_INTC_CLR_PD = Interruption_CMD__INTC_MASK;
 380              		.loc 1 412 0
 381 0000 0122     		movs	r2, #1
 382 0002 014B     		ldr	r3, .L40
 383 0004 1A60     		str	r2, [r3]
 384 0006 7047     		bx	lr
 385              	.L41:
 386              		.align	2
 387              	.L40:
 388 0008 80E200E0 		.word	-536812928
 389              		.cfi_endproc
 390              	.LFE75:
 391              		.size	Interruption_CMD_ClearPending, .-Interruption_CMD_ClearPending
 392              		.text
 393              	.Letext0:
 394              		.file 2 "c:\\program files (x86)\\cypress\\psoc creator\\4.4\\psoc creator\\import\\gnu\\arm\\5.4.
 395              		.file 3 "c:\\program files (x86)\\cypress\\psoc creator\\4.4\\psoc creator\\import\\gnu\\arm\\5.4.
 396              		.file 4 "Generated_Source\\PSoC5/cytypes.h"
 397              		.file 5 "Generated_Source\\PSoC5/core_cm3.h"
 398              		.file 6 "Generated_Source\\PSoC5/UART_test.h"
 399              		.section	.debug_info,"",%progbits
 400              	.Ldebug_info0:
 401 0000 25030000 		.4byte	0x325
 402 0004 0400     		.2byte	0x4
 403 0006 00000000 		.4byte	.Ldebug_abbrev0
 404 000a 04       		.byte	0x4
 405 000b 01       		.uleb128 0x1
 406 000c 28020000 		.4byte	.LASF39
 407 0010 0C       		.byte	0xc
 408 0011 4C000000 		.4byte	.LASF40
 409 0015 76000000 		.4byte	.LASF41
 410 0019 00000000 		.4byte	.Ldebug_ranges0+0
 411 001d 00000000 		.4byte	0
 412 0021 00000000 		.4byte	.Ldebug_line0
 413 0025 02       		.uleb128 0x2
 414 0026 04       		.byte	0x4
 415 0027 05       		.byte	0x5
 416 0028 696E7400 		.ascii	"int\000"
 417 002c 03       		.uleb128 0x3
 418 002d 04       		.byte	0x4
 419 002e 07       		.byte	0x7
 420 002f B6010000 		.4byte	.LASF0
 421 0033 03       		.uleb128 0x3
 422 0034 08       		.byte	0x8
 423 0035 05       		.byte	0x5
 424 0036 C7020000 		.4byte	.LASF1
 425 003a 03       		.uleb128 0x3
 426 003b 08       		.byte	0x8
 427 003c 04       		.byte	0x4
 428 003d 2F030000 		.4byte	.LASF2
 429 0041 03       		.uleb128 0x3
 430 0042 01       		.byte	0x1
ARM GAS  C:\Users\LESPIA~1\AppData\Local\Temp\cc6N4c8U.s 			page 16


 431 0043 06       		.byte	0x6
 432 0044 01020000 		.4byte	.LASF3
 433 0048 03       		.uleb128 0x3
 434 0049 01       		.byte	0x1
 435 004a 08       		.byte	0x8
 436 004b E3000000 		.4byte	.LASF4
 437 004f 03       		.uleb128 0x3
 438 0050 02       		.byte	0x2
 439 0051 05       		.byte	0x5
 440 0052 9C010000 		.4byte	.LASF5
 441 0056 03       		.uleb128 0x3
 442 0057 02       		.byte	0x2
 443 0058 07       		.byte	0x7
 444 0059 39000000 		.4byte	.LASF6
 445 005d 04       		.uleb128 0x4
 446 005e 26000000 		.4byte	.LASF12
 447 0062 02       		.byte	0x2
 448 0063 3F       		.byte	0x3f
 449 0064 68000000 		.4byte	0x68
 450 0068 03       		.uleb128 0x3
 451 0069 04       		.byte	0x4
 452 006a 05       		.byte	0x5
 453 006b 30000000 		.4byte	.LASF7
 454 006f 03       		.uleb128 0x3
 455 0070 04       		.byte	0x4
 456 0071 07       		.byte	0x7
 457 0072 0F010000 		.4byte	.LASF8
 458 0076 03       		.uleb128 0x3
 459 0077 08       		.byte	0x8
 460 0078 07       		.byte	0x7
 461 0079 CB010000 		.4byte	.LASF9
 462 007d 03       		.uleb128 0x3
 463 007e 04       		.byte	0x4
 464 007f 07       		.byte	0x7
 465 0080 BE020000 		.4byte	.LASF10
 466 0084 03       		.uleb128 0x3
 467 0085 01       		.byte	0x1
 468 0086 08       		.byte	0x8
 469 0087 D5020000 		.4byte	.LASF11
 470 008b 05       		.uleb128 0x5
 471 008c 04       		.byte	0x4
 472 008d 91000000 		.4byte	0x91
 473 0091 06       		.uleb128 0x6
 474 0092 04       		.uleb128 0x4
 475 0093 B6020000 		.4byte	.LASF13
 476 0097 03       		.byte	0x3
 477 0098 2C       		.byte	0x2c
 478 0099 5D000000 		.4byte	0x5d
 479 009d 07       		.uleb128 0x7
 480 009e 1F030000 		.4byte	.LASF14
 481 00a2 04       		.byte	0x4
 482 00a3 E801     		.2byte	0x1e8
 483 00a5 48000000 		.4byte	0x48
 484 00a9 07       		.uleb128 0x7
 485 00aa AF010000 		.4byte	.LASF15
 486 00ae 04       		.byte	0x4
 487 00af EA01     		.2byte	0x1ea
ARM GAS  C:\Users\LESPIA~1\AppData\Local\Temp\cc6N4c8U.s 			page 17


 488 00b1 6F000000 		.4byte	0x6f
 489 00b5 03       		.uleb128 0x3
 490 00b6 04       		.byte	0x4
 491 00b7 04       		.byte	0x4
 492 00b8 C3000000 		.4byte	.LASF16
 493 00bc 03       		.uleb128 0x3
 494 00bd 08       		.byte	0x8
 495 00be 04       		.byte	0x4
 496 00bf 7F010000 		.4byte	.LASF17
 497 00c3 07       		.uleb128 0x7
 498 00c4 0A010000 		.4byte	.LASF18
 499 00c8 04       		.byte	0x4
 500 00c9 9202     		.2byte	0x292
 501 00cb CF000000 		.4byte	0xcf
 502 00cf 08       		.uleb128 0x8
 503 00d0 9D000000 		.4byte	0x9d
 504 00d4 07       		.uleb128 0x7
 505 00d5 08000000 		.4byte	.LASF19
 506 00d9 04       		.byte	0x4
 507 00da 9402     		.2byte	0x294
 508 00dc E0000000 		.4byte	0xe0
 509 00e0 08       		.uleb128 0x8
 510 00e1 A9000000 		.4byte	0xa9
 511 00e5 07       		.uleb128 0x7
 512 00e6 F4010000 		.4byte	.LASF20
 513 00ea 04       		.byte	0x4
 514 00eb A402     		.2byte	0x2a4
 515 00ed 8B000000 		.4byte	0x8b
 516 00f1 09       		.uleb128 0x9
 517 00f2 04030000 		.4byte	.LASF21
 518 00f6 01       		.byte	0x1
 519 00f7 A3       		.byte	0xa3
 520 00f8 00000000 		.4byte	.LFB66
 521 00fc 10000000 		.4byte	.LFE66-.LFB66
 522 0100 01       		.uleb128 0x1
 523 0101 9C       		.byte	0x9c
 524 0102 1C010000 		.4byte	0x11c
 525 0106 0A       		.uleb128 0xa
 526 0107 00000000 		.4byte	.LASF23
 527 010b 01       		.byte	0x1
 528 010c B1       		.byte	0xb1
 529 010d 25000000 		.4byte	0x25
 530 0111 00       		.byte	0
 531 0112 0B       		.uleb128 0xb
 532 0113 06000000 		.4byte	.LVL0
 533 0117 1D030000 		.4byte	0x31d
 534 011b 00       		.byte	0
 535 011c 09       		.uleb128 0x9
 536 011d 0D020000 		.4byte	.LASF22
 537 0121 01       		.byte	0x1
 538 0122 D1       		.byte	0xd1
 539 0123 00000000 		.4byte	.LFB67
 540 0127 0C000000 		.4byte	.LFE67-.LFB67
 541 012b 01       		.uleb128 0x1
 542 012c 9C       		.byte	0x9c
 543 012d 4C010000 		.4byte	0x14c
 544 0131 0C       		.uleb128 0xc
ARM GAS  C:\Users\LESPIA~1\AppData\Local\Temp\cc6N4c8U.s 			page 18


 545 0132 C3010000 		.4byte	.LASF26
 546 0136 01       		.byte	0x1
 547 0137 D1       		.byte	0xd1
 548 0138 E5000000 		.4byte	0xe5
 549 013c 01       		.uleb128 0x1
 550 013d 50       		.byte	0x50
 551 013e 0D       		.uleb128 0xd
 552 013f DA020000 		.4byte	.LASF24
 553 0143 01       		.byte	0x1
 554 0144 D3       		.byte	0xd3
 555 0145 4C010000 		.4byte	0x14c
 556 0149 01       		.uleb128 0x1
 557 014a 53       		.byte	0x53
 558 014b 00       		.byte	0
 559 014c 05       		.uleb128 0x5
 560 014d 04       		.byte	0x4
 561 014e E5000000 		.4byte	0xe5
 562 0152 0E       		.uleb128 0xe
 563 0153 E9020000 		.4byte	.LASF28
 564 0157 01       		.byte	0x1
 565 0158 E9       		.byte	0xe9
 566 0159 E5000000 		.4byte	0xe5
 567 015d 00000000 		.4byte	.LFB68
 568 0161 0C000000 		.4byte	.LFE68-.LFB68
 569 0165 01       		.uleb128 0x1
 570 0166 9C       		.byte	0x9c
 571 0167 79010000 		.4byte	0x179
 572 016b 0D       		.uleb128 0xd
 573 016c DA020000 		.4byte	.LASF24
 574 0170 01       		.byte	0x1
 575 0171 EB       		.byte	0xeb
 576 0172 4C010000 		.4byte	0x14c
 577 0176 01       		.uleb128 0x1
 578 0177 53       		.byte	0x53
 579 0178 00       		.byte	0
 580 0179 0F       		.uleb128 0xf
 581 017a 54030000 		.4byte	.LASF25
 582 017e 01       		.byte	0x1
 583 017f 0B01     		.2byte	0x10b
 584 0181 00000000 		.4byte	.LFB69
 585 0185 10000000 		.4byte	.LFE69-.LFB69
 586 0189 01       		.uleb128 0x1
 587 018a 9C       		.byte	0x9c
 588 018b A0010000 		.4byte	0x1a0
 589 018f 10       		.uleb128 0x10
 590 0190 A6010000 		.4byte	.LASF27
 591 0194 01       		.byte	0x1
 592 0195 0B01     		.2byte	0x10b
 593 0197 9D000000 		.4byte	0x9d
 594 019b 00000000 		.4byte	.LLST0
 595 019f 00       		.byte	0
 596 01a0 11       		.uleb128 0x11
 597 01a1 A6000000 		.4byte	.LASF29
 598 01a5 01       		.byte	0x1
 599 01a6 2101     		.2byte	0x121
 600 01a8 9D000000 		.4byte	0x9d
 601 01ac 00000000 		.4byte	.LFB70
ARM GAS  C:\Users\LESPIA~1\AppData\Local\Temp\cc6N4c8U.s 			page 19


 602 01b0 0C000000 		.4byte	.LFE70-.LFB70
 603 01b4 01       		.uleb128 0x1
 604 01b5 9C       		.byte	0x9c
 605 01b6 CB010000 		.4byte	0x1cb
 606 01ba 12       		.uleb128 0x12
 607 01bb A6010000 		.4byte	.LASF27
 608 01bf 01       		.byte	0x1
 609 01c0 2301     		.2byte	0x123
 610 01c2 9D000000 		.4byte	0x9d
 611 01c6 21000000 		.4byte	.LLST1
 612 01ca 00       		.byte	0
 613 01cb 13       		.uleb128 0x13
 614 01cc 0E000000 		.4byte	.LASF30
 615 01d0 01       		.byte	0x1
 616 01d1 3C01     		.2byte	0x13c
 617 01d3 00000000 		.4byte	.LFB71
 618 01d7 0C000000 		.4byte	.LFE71-.LFB71
 619 01db 01       		.uleb128 0x1
 620 01dc 9C       		.byte	0x9c
 621 01dd 14       		.uleb128 0x14
 622 01de C9000000 		.4byte	.LASF42
 623 01e2 01       		.byte	0x1
 624 01e3 5101     		.2byte	0x151
 625 01e5 9D000000 		.4byte	0x9d
 626 01e9 00000000 		.4byte	.LFB72
 627 01ed 10000000 		.4byte	.LFE72-.LFB72
 628 01f1 01       		.uleb128 0x1
 629 01f2 9C       		.byte	0x9c
 630 01f3 13       		.uleb128 0x13
 631 01f4 3B030000 		.4byte	.LASF31
 632 01f8 01       		.byte	0x1
 633 01f9 6601     		.2byte	0x166
 634 01fb 00000000 		.4byte	.LFB73
 635 01ff 0C000000 		.4byte	.LFE73-.LFB73
 636 0203 01       		.uleb128 0x1
 637 0204 9C       		.byte	0x9c
 638 0205 09       		.uleb128 0x9
 639 0206 21010000 		.4byte	.LASF32
 640 020a 01       		.byte	0x1
 641 020b 40       		.byte	0x40
 642 020c 00000000 		.4byte	.LFB63
 643 0210 1C000000 		.4byte	.LFE63-.LFB63
 644 0214 01       		.uleb128 0x1
 645 0215 9C       		.byte	0x9c
 646 0216 57020000 		.4byte	0x257
 647 021a 0B       		.uleb128 0xb
 648 021b 06000000 		.4byte	.LVL9
 649 021f F3010000 		.4byte	0x1f3
 650 0223 15       		.uleb128 0x15
 651 0224 0C000000 		.4byte	.LVL10
 652 0228 1C010000 		.4byte	0x11c
 653 022c 3A020000 		.4byte	0x23a
 654 0230 16       		.uleb128 0x16
 655 0231 01       		.uleb128 0x1
 656 0232 50       		.byte	0x50
 657 0233 05       		.uleb128 0x5
 658 0234 03       		.byte	0x3
ARM GAS  C:\Users\LESPIA~1\AppData\Local\Temp\cc6N4c8U.s 			page 20


 659 0235 00000000 		.4byte	Interruption_CMD_Interrupt
 660 0239 00       		.byte	0
 661 023a 15       		.uleb128 0x15
 662 023b 12000000 		.4byte	.LVL11
 663 023f 79010000 		.4byte	0x179
 664 0243 4D020000 		.4byte	0x24d
 665 0247 16       		.uleb128 0x16
 666 0248 01       		.uleb128 0x1
 667 0249 50       		.byte	0x50
 668 024a 01       		.uleb128 0x1
 669 024b 37       		.byte	0x37
 670 024c 00       		.byte	0
 671 024d 0B       		.uleb128 0xb
 672 024e 16000000 		.4byte	.LVL12
 673 0252 CB010000 		.4byte	0x1cb
 674 0256 00       		.byte	0
 675 0257 09       		.uleb128 0x9
 676 0258 F1000000 		.4byte	.LASF33
 677 025c 01       		.byte	0x1
 678 025d 6B       		.byte	0x6b
 679 025e 00000000 		.4byte	.LFB64
 680 0262 1A000000 		.4byte	.LFE64-.LFB64
 681 0266 01       		.uleb128 0x1
 682 0267 9C       		.byte	0x9c
 683 0268 B5020000 		.4byte	0x2b5
 684 026c 17       		.uleb128 0x17
 685 026d C3010000 		.4byte	.LASF26
 686 0271 01       		.byte	0x1
 687 0272 6B       		.byte	0x6b
 688 0273 E5000000 		.4byte	0xe5
 689 0277 38000000 		.4byte	.LLST2
 690 027b 0B       		.uleb128 0xb
 691 027c 08000000 		.4byte	.LVL14
 692 0280 F3010000 		.4byte	0x1f3
 693 0284 15       		.uleb128 0x15
 694 0285 0E000000 		.4byte	.LVL15
 695 0289 1C010000 		.4byte	0x11c
 696 028d 98020000 		.4byte	0x298
 697 0291 16       		.uleb128 0x16
 698 0292 01       		.uleb128 0x1
 699 0293 50       		.byte	0x50
 700 0294 02       		.uleb128 0x2
 701 0295 74       		.byte	0x74
 702 0296 00       		.sleb128 0
 703 0297 00       		.byte	0
 704 0298 15       		.uleb128 0x15
 705 0299 14000000 		.4byte	.LVL16
 706 029d 79010000 		.4byte	0x179
 707 02a1 AB020000 		.4byte	0x2ab
 708 02a5 16       		.uleb128 0x16
 709 02a6 01       		.uleb128 0x1
 710 02a7 50       		.byte	0x50
 711 02a8 01       		.uleb128 0x1
 712 02a9 37       		.byte	0x37
 713 02aa 00       		.byte	0
 714 02ab 0B       		.uleb128 0xb
 715 02ac 18000000 		.4byte	.LVL17
ARM GAS  C:\Users\LESPIA~1\AppData\Local\Temp\cc6N4c8U.s 			page 21


 716 02b0 CB010000 		.4byte	0x1cb
 717 02b4 00       		.byte	0
 718 02b5 09       		.uleb128 0x9
 719 02b6 86010000 		.4byte	.LASF34
 720 02ba 01       		.byte	0x1
 721 02bb 89       		.byte	0x89
 722 02bc 00000000 		.4byte	.LFB65
 723 02c0 14000000 		.4byte	.LFE65-.LFB65
 724 02c4 01       		.uleb128 0x1
 725 02c5 9C       		.byte	0x9c
 726 02c6 DD020000 		.4byte	0x2dd
 727 02ca 0B       		.uleb128 0xb
 728 02cb 06000000 		.4byte	.LVL18
 729 02cf F3010000 		.4byte	0x1f3
 730 02d3 0B       		.uleb128 0xb
 731 02d4 0C000000 		.4byte	.LVL19
 732 02d8 1C010000 		.4byte	0x11c
 733 02dc 00       		.byte	0
 734 02dd 13       		.uleb128 0x13
 735 02de 63010000 		.4byte	.LASF35
 736 02e2 01       		.byte	0x1
 737 02e3 8101     		.2byte	0x181
 738 02e5 00000000 		.4byte	.LFB74
 739 02e9 0C000000 		.4byte	.LFE74-.LFB74
 740 02ed 01       		.uleb128 0x1
 741 02ee 9C       		.byte	0x9c
 742 02ef 13       		.uleb128 0x13
 743 02f0 45010000 		.4byte	.LASF36
 744 02f4 01       		.byte	0x1
 745 02f5 9A01     		.2byte	0x19a
 746 02f7 00000000 		.4byte	.LFB75
 747 02fb 0C000000 		.4byte	.LFE75-.LFB75
 748 02ff 01       		.uleb128 0x1
 749 0300 9C       		.byte	0x9c
 750 0301 18       		.uleb128 0x18
 751 0302 38010000 		.4byte	.LASF37
 752 0306 05       		.byte	0x5
 753 0307 1207     		.2byte	0x712
 754 0309 0D030000 		.4byte	0x30d
 755 030d 08       		.uleb128 0x8
 756 030e 92000000 		.4byte	0x92
 757 0312 19       		.uleb128 0x19
 758 0313 25030000 		.4byte	.LASF38
 759 0317 01       		.byte	0x1
 760 0318 20       		.byte	0x20
 761 0319 84000000 		.4byte	0x84
 762 031d 1A       		.uleb128 0x1a
 763 031e E2010000 		.4byte	.LASF43
 764 0322 E2010000 		.4byte	.LASF43
 765 0326 06       		.byte	0x6
 766 0327 71       		.byte	0x71
 767 0328 00       		.byte	0
 768              		.section	.debug_abbrev,"",%progbits
 769              	.Ldebug_abbrev0:
 770 0000 01       		.uleb128 0x1
 771 0001 11       		.uleb128 0x11
 772 0002 01       		.byte	0x1
ARM GAS  C:\Users\LESPIA~1\AppData\Local\Temp\cc6N4c8U.s 			page 22


 773 0003 25       		.uleb128 0x25
 774 0004 0E       		.uleb128 0xe
 775 0005 13       		.uleb128 0x13
 776 0006 0B       		.uleb128 0xb
 777 0007 03       		.uleb128 0x3
 778 0008 0E       		.uleb128 0xe
 779 0009 1B       		.uleb128 0x1b
 780 000a 0E       		.uleb128 0xe
 781 000b 55       		.uleb128 0x55
 782 000c 17       		.uleb128 0x17
 783 000d 11       		.uleb128 0x11
 784 000e 01       		.uleb128 0x1
 785 000f 10       		.uleb128 0x10
 786 0010 17       		.uleb128 0x17
 787 0011 00       		.byte	0
 788 0012 00       		.byte	0
 789 0013 02       		.uleb128 0x2
 790 0014 24       		.uleb128 0x24
 791 0015 00       		.byte	0
 792 0016 0B       		.uleb128 0xb
 793 0017 0B       		.uleb128 0xb
 794 0018 3E       		.uleb128 0x3e
 795 0019 0B       		.uleb128 0xb
 796 001a 03       		.uleb128 0x3
 797 001b 08       		.uleb128 0x8
 798 001c 00       		.byte	0
 799 001d 00       		.byte	0
 800 001e 03       		.uleb128 0x3
 801 001f 24       		.uleb128 0x24
 802 0020 00       		.byte	0
 803 0021 0B       		.uleb128 0xb
 804 0022 0B       		.uleb128 0xb
 805 0023 3E       		.uleb128 0x3e
 806 0024 0B       		.uleb128 0xb
 807 0025 03       		.uleb128 0x3
 808 0026 0E       		.uleb128 0xe
 809 0027 00       		.byte	0
 810 0028 00       		.byte	0
 811 0029 04       		.uleb128 0x4
 812 002a 16       		.uleb128 0x16
 813 002b 00       		.byte	0
 814 002c 03       		.uleb128 0x3
 815 002d 0E       		.uleb128 0xe
 816 002e 3A       		.uleb128 0x3a
 817 002f 0B       		.uleb128 0xb
 818 0030 3B       		.uleb128 0x3b
 819 0031 0B       		.uleb128 0xb
 820 0032 49       		.uleb128 0x49
 821 0033 13       		.uleb128 0x13
 822 0034 00       		.byte	0
 823 0035 00       		.byte	0
 824 0036 05       		.uleb128 0x5
 825 0037 0F       		.uleb128 0xf
 826 0038 00       		.byte	0
 827 0039 0B       		.uleb128 0xb
 828 003a 0B       		.uleb128 0xb
 829 003b 49       		.uleb128 0x49
ARM GAS  C:\Users\LESPIA~1\AppData\Local\Temp\cc6N4c8U.s 			page 23


 830 003c 13       		.uleb128 0x13
 831 003d 00       		.byte	0
 832 003e 00       		.byte	0
 833 003f 06       		.uleb128 0x6
 834 0040 15       		.uleb128 0x15
 835 0041 00       		.byte	0
 836 0042 27       		.uleb128 0x27
 837 0043 19       		.uleb128 0x19
 838 0044 00       		.byte	0
 839 0045 00       		.byte	0
 840 0046 07       		.uleb128 0x7
 841 0047 16       		.uleb128 0x16
 842 0048 00       		.byte	0
 843 0049 03       		.uleb128 0x3
 844 004a 0E       		.uleb128 0xe
 845 004b 3A       		.uleb128 0x3a
 846 004c 0B       		.uleb128 0xb
 847 004d 3B       		.uleb128 0x3b
 848 004e 05       		.uleb128 0x5
 849 004f 49       		.uleb128 0x49
 850 0050 13       		.uleb128 0x13
 851 0051 00       		.byte	0
 852 0052 00       		.byte	0
 853 0053 08       		.uleb128 0x8
 854 0054 35       		.uleb128 0x35
 855 0055 00       		.byte	0
 856 0056 49       		.uleb128 0x49
 857 0057 13       		.uleb128 0x13
 858 0058 00       		.byte	0
 859 0059 00       		.byte	0
 860 005a 09       		.uleb128 0x9
 861 005b 2E       		.uleb128 0x2e
 862 005c 01       		.byte	0x1
 863 005d 3F       		.uleb128 0x3f
 864 005e 19       		.uleb128 0x19
 865 005f 03       		.uleb128 0x3
 866 0060 0E       		.uleb128 0xe
 867 0061 3A       		.uleb128 0x3a
 868 0062 0B       		.uleb128 0xb
 869 0063 3B       		.uleb128 0x3b
 870 0064 0B       		.uleb128 0xb
 871 0065 27       		.uleb128 0x27
 872 0066 19       		.uleb128 0x19
 873 0067 11       		.uleb128 0x11
 874 0068 01       		.uleb128 0x1
 875 0069 12       		.uleb128 0x12
 876 006a 06       		.uleb128 0x6
 877 006b 40       		.uleb128 0x40
 878 006c 18       		.uleb128 0x18
 879 006d 9742     		.uleb128 0x2117
 880 006f 19       		.uleb128 0x19
 881 0070 01       		.uleb128 0x1
 882 0071 13       		.uleb128 0x13
 883 0072 00       		.byte	0
 884 0073 00       		.byte	0
 885 0074 0A       		.uleb128 0xa
 886 0075 34       		.uleb128 0x34
ARM GAS  C:\Users\LESPIA~1\AppData\Local\Temp\cc6N4c8U.s 			page 24


 887 0076 00       		.byte	0
 888 0077 03       		.uleb128 0x3
 889 0078 0E       		.uleb128 0xe
 890 0079 3A       		.uleb128 0x3a
 891 007a 0B       		.uleb128 0xb
 892 007b 3B       		.uleb128 0x3b
 893 007c 0B       		.uleb128 0xb
 894 007d 49       		.uleb128 0x49
 895 007e 13       		.uleb128 0x13
 896 007f 1C       		.uleb128 0x1c
 897 0080 0B       		.uleb128 0xb
 898 0081 00       		.byte	0
 899 0082 00       		.byte	0
 900 0083 0B       		.uleb128 0xb
 901 0084 898201   		.uleb128 0x4109
 902 0087 00       		.byte	0
 903 0088 11       		.uleb128 0x11
 904 0089 01       		.uleb128 0x1
 905 008a 31       		.uleb128 0x31
 906 008b 13       		.uleb128 0x13
 907 008c 00       		.byte	0
 908 008d 00       		.byte	0
 909 008e 0C       		.uleb128 0xc
 910 008f 05       		.uleb128 0x5
 911 0090 00       		.byte	0
 912 0091 03       		.uleb128 0x3
 913 0092 0E       		.uleb128 0xe
 914 0093 3A       		.uleb128 0x3a
 915 0094 0B       		.uleb128 0xb
 916 0095 3B       		.uleb128 0x3b
 917 0096 0B       		.uleb128 0xb
 918 0097 49       		.uleb128 0x49
 919 0098 13       		.uleb128 0x13
 920 0099 02       		.uleb128 0x2
 921 009a 18       		.uleb128 0x18
 922 009b 00       		.byte	0
 923 009c 00       		.byte	0
 924 009d 0D       		.uleb128 0xd
 925 009e 34       		.uleb128 0x34
 926 009f 00       		.byte	0
 927 00a0 03       		.uleb128 0x3
 928 00a1 0E       		.uleb128 0xe
 929 00a2 3A       		.uleb128 0x3a
 930 00a3 0B       		.uleb128 0xb
 931 00a4 3B       		.uleb128 0x3b
 932 00a5 0B       		.uleb128 0xb
 933 00a6 49       		.uleb128 0x49
 934 00a7 13       		.uleb128 0x13
 935 00a8 02       		.uleb128 0x2
 936 00a9 18       		.uleb128 0x18
 937 00aa 00       		.byte	0
 938 00ab 00       		.byte	0
 939 00ac 0E       		.uleb128 0xe
 940 00ad 2E       		.uleb128 0x2e
 941 00ae 01       		.byte	0x1
 942 00af 3F       		.uleb128 0x3f
 943 00b0 19       		.uleb128 0x19
ARM GAS  C:\Users\LESPIA~1\AppData\Local\Temp\cc6N4c8U.s 			page 25


 944 00b1 03       		.uleb128 0x3
 945 00b2 0E       		.uleb128 0xe
 946 00b3 3A       		.uleb128 0x3a
 947 00b4 0B       		.uleb128 0xb
 948 00b5 3B       		.uleb128 0x3b
 949 00b6 0B       		.uleb128 0xb
 950 00b7 27       		.uleb128 0x27
 951 00b8 19       		.uleb128 0x19
 952 00b9 49       		.uleb128 0x49
 953 00ba 13       		.uleb128 0x13
 954 00bb 11       		.uleb128 0x11
 955 00bc 01       		.uleb128 0x1
 956 00bd 12       		.uleb128 0x12
 957 00be 06       		.uleb128 0x6
 958 00bf 40       		.uleb128 0x40
 959 00c0 18       		.uleb128 0x18
 960 00c1 9742     		.uleb128 0x2117
 961 00c3 19       		.uleb128 0x19
 962 00c4 01       		.uleb128 0x1
 963 00c5 13       		.uleb128 0x13
 964 00c6 00       		.byte	0
 965 00c7 00       		.byte	0
 966 00c8 0F       		.uleb128 0xf
 967 00c9 2E       		.uleb128 0x2e
 968 00ca 01       		.byte	0x1
 969 00cb 3F       		.uleb128 0x3f
 970 00cc 19       		.uleb128 0x19
 971 00cd 03       		.uleb128 0x3
 972 00ce 0E       		.uleb128 0xe
 973 00cf 3A       		.uleb128 0x3a
 974 00d0 0B       		.uleb128 0xb
 975 00d1 3B       		.uleb128 0x3b
 976 00d2 05       		.uleb128 0x5
 977 00d3 27       		.uleb128 0x27
 978 00d4 19       		.uleb128 0x19
 979 00d5 11       		.uleb128 0x11
 980 00d6 01       		.uleb128 0x1
 981 00d7 12       		.uleb128 0x12
 982 00d8 06       		.uleb128 0x6
 983 00d9 40       		.uleb128 0x40
 984 00da 18       		.uleb128 0x18
 985 00db 9742     		.uleb128 0x2117
 986 00dd 19       		.uleb128 0x19
 987 00de 01       		.uleb128 0x1
 988 00df 13       		.uleb128 0x13
 989 00e0 00       		.byte	0
 990 00e1 00       		.byte	0
 991 00e2 10       		.uleb128 0x10
 992 00e3 05       		.uleb128 0x5
 993 00e4 00       		.byte	0
 994 00e5 03       		.uleb128 0x3
 995 00e6 0E       		.uleb128 0xe
 996 00e7 3A       		.uleb128 0x3a
 997 00e8 0B       		.uleb128 0xb
 998 00e9 3B       		.uleb128 0x3b
 999 00ea 05       		.uleb128 0x5
 1000 00eb 49       		.uleb128 0x49
ARM GAS  C:\Users\LESPIA~1\AppData\Local\Temp\cc6N4c8U.s 			page 26


 1001 00ec 13       		.uleb128 0x13
 1002 00ed 02       		.uleb128 0x2
 1003 00ee 17       		.uleb128 0x17
 1004 00ef 00       		.byte	0
 1005 00f0 00       		.byte	0
 1006 00f1 11       		.uleb128 0x11
 1007 00f2 2E       		.uleb128 0x2e
 1008 00f3 01       		.byte	0x1
 1009 00f4 3F       		.uleb128 0x3f
 1010 00f5 19       		.uleb128 0x19
 1011 00f6 03       		.uleb128 0x3
 1012 00f7 0E       		.uleb128 0xe
 1013 00f8 3A       		.uleb128 0x3a
 1014 00f9 0B       		.uleb128 0xb
 1015 00fa 3B       		.uleb128 0x3b
 1016 00fb 05       		.uleb128 0x5
 1017 00fc 27       		.uleb128 0x27
 1018 00fd 19       		.uleb128 0x19
 1019 00fe 49       		.uleb128 0x49
 1020 00ff 13       		.uleb128 0x13
 1021 0100 11       		.uleb128 0x11
 1022 0101 01       		.uleb128 0x1
 1023 0102 12       		.uleb128 0x12
 1024 0103 06       		.uleb128 0x6
 1025 0104 40       		.uleb128 0x40
 1026 0105 18       		.uleb128 0x18
 1027 0106 9742     		.uleb128 0x2117
 1028 0108 19       		.uleb128 0x19
 1029 0109 01       		.uleb128 0x1
 1030 010a 13       		.uleb128 0x13
 1031 010b 00       		.byte	0
 1032 010c 00       		.byte	0
 1033 010d 12       		.uleb128 0x12
 1034 010e 34       		.uleb128 0x34
 1035 010f 00       		.byte	0
 1036 0110 03       		.uleb128 0x3
 1037 0111 0E       		.uleb128 0xe
 1038 0112 3A       		.uleb128 0x3a
 1039 0113 0B       		.uleb128 0xb
 1040 0114 3B       		.uleb128 0x3b
 1041 0115 05       		.uleb128 0x5
 1042 0116 49       		.uleb128 0x49
 1043 0117 13       		.uleb128 0x13
 1044 0118 02       		.uleb128 0x2
 1045 0119 17       		.uleb128 0x17
 1046 011a 00       		.byte	0
 1047 011b 00       		.byte	0
 1048 011c 13       		.uleb128 0x13
 1049 011d 2E       		.uleb128 0x2e
 1050 011e 00       		.byte	0
 1051 011f 3F       		.uleb128 0x3f
 1052 0120 19       		.uleb128 0x19
 1053 0121 03       		.uleb128 0x3
 1054 0122 0E       		.uleb128 0xe
 1055 0123 3A       		.uleb128 0x3a
 1056 0124 0B       		.uleb128 0xb
 1057 0125 3B       		.uleb128 0x3b
ARM GAS  C:\Users\LESPIA~1\AppData\Local\Temp\cc6N4c8U.s 			page 27


 1058 0126 05       		.uleb128 0x5
 1059 0127 27       		.uleb128 0x27
 1060 0128 19       		.uleb128 0x19
 1061 0129 11       		.uleb128 0x11
 1062 012a 01       		.uleb128 0x1
 1063 012b 12       		.uleb128 0x12
 1064 012c 06       		.uleb128 0x6
 1065 012d 40       		.uleb128 0x40
 1066 012e 18       		.uleb128 0x18
 1067 012f 9742     		.uleb128 0x2117
 1068 0131 19       		.uleb128 0x19
 1069 0132 00       		.byte	0
 1070 0133 00       		.byte	0
 1071 0134 14       		.uleb128 0x14
 1072 0135 2E       		.uleb128 0x2e
 1073 0136 00       		.byte	0
 1074 0137 3F       		.uleb128 0x3f
 1075 0138 19       		.uleb128 0x19
 1076 0139 03       		.uleb128 0x3
 1077 013a 0E       		.uleb128 0xe
 1078 013b 3A       		.uleb128 0x3a
 1079 013c 0B       		.uleb128 0xb
 1080 013d 3B       		.uleb128 0x3b
 1081 013e 05       		.uleb128 0x5
 1082 013f 27       		.uleb128 0x27
 1083 0140 19       		.uleb128 0x19
 1084 0141 49       		.uleb128 0x49
 1085 0142 13       		.uleb128 0x13
 1086 0143 11       		.uleb128 0x11
 1087 0144 01       		.uleb128 0x1
 1088 0145 12       		.uleb128 0x12
 1089 0146 06       		.uleb128 0x6
 1090 0147 40       		.uleb128 0x40
 1091 0148 18       		.uleb128 0x18
 1092 0149 9742     		.uleb128 0x2117
 1093 014b 19       		.uleb128 0x19
 1094 014c 00       		.byte	0
 1095 014d 00       		.byte	0
 1096 014e 15       		.uleb128 0x15
 1097 014f 898201   		.uleb128 0x4109
 1098 0152 01       		.byte	0x1
 1099 0153 11       		.uleb128 0x11
 1100 0154 01       		.uleb128 0x1
 1101 0155 31       		.uleb128 0x31
 1102 0156 13       		.uleb128 0x13
 1103 0157 01       		.uleb128 0x1
 1104 0158 13       		.uleb128 0x13
 1105 0159 00       		.byte	0
 1106 015a 00       		.byte	0
 1107 015b 16       		.uleb128 0x16
 1108 015c 8A8201   		.uleb128 0x410a
 1109 015f 00       		.byte	0
 1110 0160 02       		.uleb128 0x2
 1111 0161 18       		.uleb128 0x18
 1112 0162 9142     		.uleb128 0x2111
 1113 0164 18       		.uleb128 0x18
 1114 0165 00       		.byte	0
ARM GAS  C:\Users\LESPIA~1\AppData\Local\Temp\cc6N4c8U.s 			page 28


 1115 0166 00       		.byte	0
 1116 0167 17       		.uleb128 0x17
 1117 0168 05       		.uleb128 0x5
 1118 0169 00       		.byte	0
 1119 016a 03       		.uleb128 0x3
 1120 016b 0E       		.uleb128 0xe
 1121 016c 3A       		.uleb128 0x3a
 1122 016d 0B       		.uleb128 0xb
 1123 016e 3B       		.uleb128 0x3b
 1124 016f 0B       		.uleb128 0xb
 1125 0170 49       		.uleb128 0x49
 1126 0171 13       		.uleb128 0x13
 1127 0172 02       		.uleb128 0x2
 1128 0173 17       		.uleb128 0x17
 1129 0174 00       		.byte	0
 1130 0175 00       		.byte	0
 1131 0176 18       		.uleb128 0x18
 1132 0177 34       		.uleb128 0x34
 1133 0178 00       		.byte	0
 1134 0179 03       		.uleb128 0x3
 1135 017a 0E       		.uleb128 0xe
 1136 017b 3A       		.uleb128 0x3a
 1137 017c 0B       		.uleb128 0xb
 1138 017d 3B       		.uleb128 0x3b
 1139 017e 05       		.uleb128 0x5
 1140 017f 49       		.uleb128 0x49
 1141 0180 13       		.uleb128 0x13
 1142 0181 3F       		.uleb128 0x3f
 1143 0182 19       		.uleb128 0x19
 1144 0183 3C       		.uleb128 0x3c
 1145 0184 19       		.uleb128 0x19
 1146 0185 00       		.byte	0
 1147 0186 00       		.byte	0
 1148 0187 19       		.uleb128 0x19
 1149 0188 34       		.uleb128 0x34
 1150 0189 00       		.byte	0
 1151 018a 03       		.uleb128 0x3
 1152 018b 0E       		.uleb128 0xe
 1153 018c 3A       		.uleb128 0x3a
 1154 018d 0B       		.uleb128 0xb
 1155 018e 3B       		.uleb128 0x3b
 1156 018f 0B       		.uleb128 0xb
 1157 0190 49       		.uleb128 0x49
 1158 0191 13       		.uleb128 0x13
 1159 0192 3F       		.uleb128 0x3f
 1160 0193 19       		.uleb128 0x19
 1161 0194 3C       		.uleb128 0x3c
 1162 0195 19       		.uleb128 0x19
 1163 0196 00       		.byte	0
 1164 0197 00       		.byte	0
 1165 0198 1A       		.uleb128 0x1a
 1166 0199 2E       		.uleb128 0x2e
 1167 019a 00       		.byte	0
 1168 019b 3F       		.uleb128 0x3f
 1169 019c 19       		.uleb128 0x19
 1170 019d 3C       		.uleb128 0x3c
 1171 019e 19       		.uleb128 0x19
ARM GAS  C:\Users\LESPIA~1\AppData\Local\Temp\cc6N4c8U.s 			page 29


 1172 019f 6E       		.uleb128 0x6e
 1173 01a0 0E       		.uleb128 0xe
 1174 01a1 03       		.uleb128 0x3
 1175 01a2 0E       		.uleb128 0xe
 1176 01a3 3A       		.uleb128 0x3a
 1177 01a4 0B       		.uleb128 0xb
 1178 01a5 3B       		.uleb128 0x3b
 1179 01a6 0B       		.uleb128 0xb
 1180 01a7 00       		.byte	0
 1181 01a8 00       		.byte	0
 1182 01a9 00       		.byte	0
 1183              		.section	.debug_loc,"",%progbits
 1184              	.Ldebug_loc0:
 1185              	.LLST0:
 1186 0000 00000000 		.4byte	.LVL5
 1187 0004 02000000 		.4byte	.LVL6
 1188 0008 0100     		.2byte	0x1
 1189 000a 50       		.byte	0x50
 1190 000b 02000000 		.4byte	.LVL6
 1191 000f 10000000 		.4byte	.LFE69
 1192 0013 0400     		.2byte	0x4
 1193 0015 F3       		.byte	0xf3
 1194 0016 01       		.uleb128 0x1
 1195 0017 50       		.byte	0x50
 1196 0018 9F       		.byte	0x9f
 1197 0019 00000000 		.4byte	0
 1198 001d 00000000 		.4byte	0
 1199              	.LLST1:
 1200 0021 04000000 		.4byte	.LVL7
 1201 0025 06000000 		.4byte	.LVL8
 1202 0029 0500     		.2byte	0x5
 1203 002b 70       		.byte	0x70
 1204 002c 00       		.sleb128 0
 1205 002d 35       		.byte	0x35
 1206 002e 25       		.byte	0x25
 1207 002f 9F       		.byte	0x9f
 1208 0030 00000000 		.4byte	0
 1209 0034 00000000 		.4byte	0
 1210              	.LLST2:
 1211 0038 00000000 		.4byte	.LVL13
 1212 003c 07000000 		.4byte	.LVL14-1
 1213 0040 0100     		.2byte	0x1
 1214 0042 50       		.byte	0x50
 1215 0043 07000000 		.4byte	.LVL14-1
 1216 0047 1A000000 		.4byte	.LFE64
 1217 004b 0100     		.2byte	0x1
 1218 004d 54       		.byte	0x54
 1219 004e 00000000 		.4byte	0
 1220 0052 00000000 		.4byte	0
 1221              		.section	.debug_aranges,"",%progbits
 1222 0000 7C000000 		.4byte	0x7c
 1223 0004 0200     		.2byte	0x2
 1224 0006 00000000 		.4byte	.Ldebug_info0
 1225 000a 04       		.byte	0x4
 1226 000b 00       		.byte	0
 1227 000c 0000     		.2byte	0
 1228 000e 0000     		.2byte	0
ARM GAS  C:\Users\LESPIA~1\AppData\Local\Temp\cc6N4c8U.s 			page 30


 1229 0010 00000000 		.4byte	.LFB66
 1230 0014 10000000 		.4byte	.LFE66-.LFB66
 1231 0018 00000000 		.4byte	.LFB67
 1232 001c 0C000000 		.4byte	.LFE67-.LFB67
 1233 0020 00000000 		.4byte	.LFB68
 1234 0024 0C000000 		.4byte	.LFE68-.LFB68
 1235 0028 00000000 		.4byte	.LFB69
 1236 002c 10000000 		.4byte	.LFE69-.LFB69
 1237 0030 00000000 		.4byte	.LFB70
 1238 0034 0C000000 		.4byte	.LFE70-.LFB70
 1239 0038 00000000 		.4byte	.LFB71
 1240 003c 0C000000 		.4byte	.LFE71-.LFB71
 1241 0040 00000000 		.4byte	.LFB72
 1242 0044 10000000 		.4byte	.LFE72-.LFB72
 1243 0048 00000000 		.4byte	.LFB73
 1244 004c 0C000000 		.4byte	.LFE73-.LFB73
 1245 0050 00000000 		.4byte	.LFB63
 1246 0054 1C000000 		.4byte	.LFE63-.LFB63
 1247 0058 00000000 		.4byte	.LFB64
 1248 005c 1A000000 		.4byte	.LFE64-.LFB64
 1249 0060 00000000 		.4byte	.LFB65
 1250 0064 14000000 		.4byte	.LFE65-.LFB65
 1251 0068 00000000 		.4byte	.LFB74
 1252 006c 0C000000 		.4byte	.LFE74-.LFB74
 1253 0070 00000000 		.4byte	.LFB75
 1254 0074 0C000000 		.4byte	.LFE75-.LFB75
 1255 0078 00000000 		.4byte	0
 1256 007c 00000000 		.4byte	0
 1257              		.section	.debug_ranges,"",%progbits
 1258              	.Ldebug_ranges0:
 1259 0000 00000000 		.4byte	.LFB66
 1260 0004 10000000 		.4byte	.LFE66
 1261 0008 00000000 		.4byte	.LFB67
 1262 000c 0C000000 		.4byte	.LFE67
 1263 0010 00000000 		.4byte	.LFB68
 1264 0014 0C000000 		.4byte	.LFE68
 1265 0018 00000000 		.4byte	.LFB69
 1266 001c 10000000 		.4byte	.LFE69
 1267 0020 00000000 		.4byte	.LFB70
 1268 0024 0C000000 		.4byte	.LFE70
 1269 0028 00000000 		.4byte	.LFB71
 1270 002c 0C000000 		.4byte	.LFE71
 1271 0030 00000000 		.4byte	.LFB72
 1272 0034 10000000 		.4byte	.LFE72
 1273 0038 00000000 		.4byte	.LFB73
 1274 003c 0C000000 		.4byte	.LFE73
 1275 0040 00000000 		.4byte	.LFB63
 1276 0044 1C000000 		.4byte	.LFE63
 1277 0048 00000000 		.4byte	.LFB64
 1278 004c 1A000000 		.4byte	.LFE64
 1279 0050 00000000 		.4byte	.LFB65
 1280 0054 14000000 		.4byte	.LFE65
 1281 0058 00000000 		.4byte	.LFB74
 1282 005c 0C000000 		.4byte	.LFE74
 1283 0060 00000000 		.4byte	.LFB75
 1284 0064 0C000000 		.4byte	.LFE75
 1285 0068 00000000 		.4byte	0
ARM GAS  C:\Users\LESPIA~1\AppData\Local\Temp\cc6N4c8U.s 			page 31


 1286 006c 00000000 		.4byte	0
 1287              		.section	.debug_line,"",%progbits
 1288              	.Ldebug_line0:
 1289 0000 57020000 		.section	.debug_str,"MS",%progbits,1
 1289      02006701 
 1289      00000201 
 1289      FB0E0D00 
 1289      01010101 
 1290              	.LASF23:
 1291 0000 7573656C 		.ascii	"useless\000"
 1291      65737300 
 1292              	.LASF19:
 1293 0008 72656733 		.ascii	"reg32\000"
 1293      3200
 1294              	.LASF30:
 1295 000e 496E7465 		.ascii	"Interruption_CMD_Enable\000"
 1295      72727570 
 1295      74696F6E 
 1295      5F434D44 
 1295      5F456E61 
 1296              	.LASF12:
 1297 0026 5F5F696E 		.ascii	"__int32_t\000"
 1297      7433325F 
 1297      7400
 1298              	.LASF7:
 1299 0030 6C6F6E67 		.ascii	"long int\000"
 1299      20696E74 
 1299      00
 1300              	.LASF6:
 1301 0039 73686F72 		.ascii	"short unsigned int\000"
 1301      7420756E 
 1301      7369676E 
 1301      65642069 
 1301      6E7400
 1302              	.LASF40:
 1303 004c 47656E65 		.ascii	"Generated_Source\\PSoC5\\Interruption_CMD.c\000"
 1303      72617465 
 1303      645F536F 
 1303      75726365 
 1303      5C50536F 
 1304              	.LASF41:
 1305 0076 553A5C50 		.ascii	"U:\\PSoC Creator\\ThunderTruck\\ThunderTruck.cydsn\000"
 1305      536F4320 
 1305      43726561 
 1305      746F725C 
 1305      5468756E 
 1306              	.LASF29:
 1307 00a6 496E7465 		.ascii	"Interruption_CMD_GetPriority\000"
 1307      72727570 
 1307      74696F6E 
 1307      5F434D44 
 1307      5F476574 
 1308              	.LASF16:
 1309 00c3 666C6F61 		.ascii	"float\000"
 1309      7400
 1310              	.LASF42:
 1311 00c9 496E7465 		.ascii	"Interruption_CMD_GetState\000"
ARM GAS  C:\Users\LESPIA~1\AppData\Local\Temp\cc6N4c8U.s 			page 32


 1311      72727570 
 1311      74696F6E 
 1311      5F434D44 
 1311      5F476574 
 1312              	.LASF4:
 1313 00e3 756E7369 		.ascii	"unsigned char\000"
 1313      676E6564 
 1313      20636861 
 1313      7200
 1314              	.LASF33:
 1315 00f1 496E7465 		.ascii	"Interruption_CMD_StartEx\000"
 1315      72727570 
 1315      74696F6E 
 1315      5F434D44 
 1315      5F537461 
 1316              	.LASF18:
 1317 010a 72656738 		.ascii	"reg8\000"
 1317      00
 1318              	.LASF8:
 1319 010f 6C6F6E67 		.ascii	"long unsigned int\000"
 1319      20756E73 
 1319      69676E65 
 1319      6420696E 
 1319      7400
 1320              	.LASF32:
 1321 0121 496E7465 		.ascii	"Interruption_CMD_Start\000"
 1321      72727570 
 1321      74696F6E 
 1321      5F434D44 
 1321      5F537461 
 1322              	.LASF37:
 1323 0138 49544D5F 		.ascii	"ITM_RxBuffer\000"
 1323      52784275 
 1323      66666572 
 1323      00
 1324              	.LASF36:
 1325 0145 496E7465 		.ascii	"Interruption_CMD_ClearPending\000"
 1325      72727570 
 1325      74696F6E 
 1325      5F434D44 
 1325      5F436C65 
 1326              	.LASF35:
 1327 0163 496E7465 		.ascii	"Interruption_CMD_SetPending\000"
 1327      72727570 
 1327      74696F6E 
 1327      5F434D44 
 1327      5F536574 
 1328              	.LASF17:
 1329 017f 646F7562 		.ascii	"double\000"
 1329      6C6500
 1330              	.LASF34:
 1331 0186 496E7465 		.ascii	"Interruption_CMD_Stop\000"
 1331      72727570 
 1331      74696F6E 
 1331      5F434D44 
 1331      5F53746F 
 1332              	.LASF5:
ARM GAS  C:\Users\LESPIA~1\AppData\Local\Temp\cc6N4c8U.s 			page 33


 1333 019c 73686F72 		.ascii	"short int\000"
 1333      7420696E 
 1333      7400
 1334              	.LASF27:
 1335 01a6 7072696F 		.ascii	"priority\000"
 1335      72697479 
 1335      00
 1336              	.LASF15:
 1337 01af 75696E74 		.ascii	"uint32\000"
 1337      333200
 1338              	.LASF0:
 1339 01b6 756E7369 		.ascii	"unsigned int\000"
 1339      676E6564 
 1339      20696E74 
 1339      00
 1340              	.LASF26:
 1341 01c3 61646472 		.ascii	"address\000"
 1341      65737300 
 1342              	.LASF9:
 1343 01cb 6C6F6E67 		.ascii	"long long unsigned int\000"
 1343      206C6F6E 
 1343      6720756E 
 1343      7369676E 
 1343      65642069 
 1344              	.LASF43:
 1345 01e2 55415254 		.ascii	"UART_test_GetChar\000"
 1345      5F746573 
 1345      745F4765 
 1345      74436861 
 1345      7200
 1346              	.LASF20:
 1347 01f4 63796973 		.ascii	"cyisraddress\000"
 1347      72616464 
 1347      72657373 
 1347      00
 1348              	.LASF3:
 1349 0201 7369676E 		.ascii	"signed char\000"
 1349      65642063 
 1349      68617200 
 1350              	.LASF22:
 1351 020d 496E7465 		.ascii	"Interruption_CMD_SetVector\000"
 1351      72727570 
 1351      74696F6E 
 1351      5F434D44 
 1351      5F536574 
 1352              	.LASF39:
 1353 0228 474E5520 		.ascii	"GNU C11 5.4.1 20160609 (release) [ARM/embedded-5-br"
 1353      43313120 
 1353      352E342E 
 1353      31203230 
 1353      31363036 
 1354 025b 616E6368 		.ascii	"anch revision 237715] -mcpu=cortex-m3 -mthumb -g -O"
 1354      20726576 
 1354      6973696F 
 1354      6E203233 
 1354      37373135 
 1355 028e 67202D66 		.ascii	"g -ffunction-sections -ffat-lto-objects\000"
ARM GAS  C:\Users\LESPIA~1\AppData\Local\Temp\cc6N4c8U.s 			page 34


 1355      66756E63 
 1355      74696F6E 
 1355      2D736563 
 1355      74696F6E 
 1356              	.LASF13:
 1357 02b6 696E7433 		.ascii	"int32_t\000"
 1357      325F7400 
 1358              	.LASF10:
 1359 02be 73697A65 		.ascii	"sizetype\000"
 1359      74797065 
 1359      00
 1360              	.LASF1:
 1361 02c7 6C6F6E67 		.ascii	"long long int\000"
 1361      206C6F6E 
 1361      6720696E 
 1361      7400
 1362              	.LASF11:
 1363 02d5 63686172 		.ascii	"char\000"
 1363      00
 1364              	.LASF24:
 1365 02da 72616D56 		.ascii	"ramVectorTable\000"
 1365      6563746F 
 1365      72546162 
 1365      6C6500
 1366              	.LASF28:
 1367 02e9 496E7465 		.ascii	"Interruption_CMD_GetVector\000"
 1367      72727570 
 1367      74696F6E 
 1367      5F434D44 
 1367      5F476574 
 1368              	.LASF21:
 1369 0304 496E7465 		.ascii	"Interruption_CMD_Interrupt\000"
 1369      72727570 
 1369      74696F6E 
 1369      5F434D44 
 1369      5F496E74 
 1370              	.LASF14:
 1371 031f 75696E74 		.ascii	"uint8\000"
 1371      3800
 1372              	.LASF38:
 1373 0325 43686172 		.ascii	"Char_main\000"
 1373      5F6D6169 
 1373      6E00
 1374              	.LASF2:
 1375 032f 6C6F6E67 		.ascii	"long double\000"
 1375      20646F75 
 1375      626C6500 
 1376              	.LASF31:
 1377 033b 496E7465 		.ascii	"Interruption_CMD_Disable\000"
 1377      72727570 
 1377      74696F6E 
 1377      5F434D44 
 1377      5F446973 
 1378              	.LASF25:
 1379 0354 496E7465 		.ascii	"Interruption_CMD_SetPriority\000"
 1379      72727570 
 1379      74696F6E 
ARM GAS  C:\Users\LESPIA~1\AppData\Local\Temp\cc6N4c8U.s 			page 35


 1379      5F434D44 
 1379      5F536574 
 1380              		.ident	"GCC: (GNU Tools for ARM Embedded Processors) 5.4.1 20160609 (release) [ARM/embedded-5-bran
