ARM GAS  C:\Users\LESPIA~1\AppData\Local\Temp\ccGUVMyy.s 			page 1


   1              		.syntax unified
   2              		.cpu cortex-m3
   3              		.fpu softvfp
   4              		.eabi_attribute 20, 1
   5              		.eabi_attribute 21, 1
   6              		.eabi_attribute 23, 3
   7              		.eabi_attribute 24, 1
   8              		.eabi_attribute 25, 1
   9              		.eabi_attribute 26, 1
  10              		.eabi_attribute 30, 1
  11              		.eabi_attribute 34, 1
  12              		.eabi_attribute 18, 4
  13              		.thumb
  14              		.syntax unified
  15              		.file	"main.c"
  16              		.text
  17              	.Ltext0:
  18              		.cfi_sections	.debug_frame
  19              		.section	.text.main,"ax",%progbits
  20              		.align	2
  21              		.global	main
  22              		.thumb
  23              		.thumb_func
  24              		.type	main, %function
  25              	main:
  26              	.LFB63:
  27              		.file 1 "main.c"
   1:main.c        **** /* ========================================
   2:main.c        ****  *
   3:main.c        ****  * Copyright YOUR COMPANY, THE YEAR
   4:main.c        ****  * All Rights Reserved
   5:main.c        ****  * UNPUBLISHED, LICENSED SOFTWARE.
   6:main.c        ****  *
   7:main.c        ****  * CONFIDENTIAL AND PROPRIETARY INFORMATION
   8:main.c        ****  * WHICH IS THE PROPERTY OF your company.
   9:main.c        ****  *
  10:main.c        ****  * ========================================
  11:main.c        **** */
  12:main.c        **** #include "project.h"
  13:main.c        **** #include "utilities.h"
  14:main.c        **** 
  15:main.c        **** 
  16:main.c        **** int main(void)
  17:main.c        **** {
  28              		.loc 1 17 0
  29              		.cfi_startproc
  30              		@ Volatile: function does not return.
  31              		@ args = 0, pretend = 0, frame = 0
  32              		@ frame_needed = 0, uses_anonymous_args = 0
  33 0000 08B5     		push	{r3, lr}
  34              		.cfi_def_cfa_offset 8
  35              		.cfi_offset 3, -8
  36              		.cfi_offset 14, -4
  18:main.c        ****     CyGlobalIntEnable; /* Enable global interrupts. */
  37              		.loc 1 18 0
  38              		.syntax unified
  39              	@ 18 "main.c" 1
ARM GAS  C:\Users\LESPIA~1\AppData\Local\Temp\ccGUVMyy.s 			page 2


  40 0002 62B6     		CPSIE   i
  41              	@ 0 "" 2
  19:main.c        **** 
  20:main.c        ****     /* Place your initialization/startup code here (e.g. MyInst_Start()) */
  21:main.c        ****     
  22:main.c        ****     PWM_test_Start();
  42              		.loc 1 22 0
  43              		.thumb
  44              		.syntax unified
  45 0004 FFF7FEFF 		bl	PWM_test_Start
  46              	.LVL0:
  23:main.c        ****     
  24:main.c        ****     UART_test_Init();
  47              		.loc 1 24 0
  48 0008 FFF7FEFF 		bl	UART_test_Init
  49              	.LVL1:
  25:main.c        ****     UART_test_Enable();
  50              		.loc 1 25 0
  51 000c FFF7FEFF 		bl	UART_test_Enable
  52              	.LVL2:
  26:main.c        ****     UART_test_Start();
  53              		.loc 1 26 0
  54 0010 FFF7FEFF 		bl	UART_test_Start
  55              	.LVL3:
  27:main.c        ****     
  28:main.c        ****     /*Place the init code */
  29:main.c        ****     PWM_all_Start();
  56              		.loc 1 29 0
  57 0014 FFF7FEFF 		bl	PWM_all_Start
  58              	.LVL4:
  30:main.c        ****     
  31:main.c        ****     Interruption_CMD_Enable();
  59              		.loc 1 31 0
  60 0018 FFF7FEFF 		bl	Interruption_CMD_Enable
  61              	.LVL5:
  32:main.c        ****     Interruption_CMD_Start();
  62              		.loc 1 32 0
  63 001c FFF7FEFF 		bl	Interruption_CMD_Start
  64              	.LVL6:
  65              	.L2:
  66 0020 FEE7     		b	.L2
  67              		.cfi_endproc
  68              	.LFE63:
  69              		.size	main, .-main
  70 0022 00BF     		.text
  71              	.Letext0:
  72              		.file 2 "c:\\program files (x86)\\cypress\\psoc creator\\4.4\\psoc creator\\import\\gnu\\arm\\5.4.
  73              		.file 3 "c:\\program files (x86)\\cypress\\psoc creator\\4.4\\psoc creator\\import\\gnu\\arm\\5.4.
  74              		.file 4 "Generated_Source\\PSoC5/PWM_test.h"
  75              		.file 5 "Generated_Source\\PSoC5/UART_test.h"
  76              		.file 6 "Generated_Source\\PSoC5/PWM_all.h"
  77              		.file 7 "Generated_Source\\PSoC5/Interruption_CMD.h"
  78              		.file 8 "Generated_Source\\PSoC5/core_cm3.h"
  79              		.section	.debug_info,"",%progbits
  80              	.Ldebug_info0:
  81 0000 58010000 		.4byte	0x158
  82 0004 0400     		.2byte	0x4
ARM GAS  C:\Users\LESPIA~1\AppData\Local\Temp\ccGUVMyy.s 			page 3


  83 0006 00000000 		.4byte	.Ldebug_abbrev0
  84 000a 04       		.byte	0x4
  85 000b 01       		.uleb128 0x1
  86 000c 54000000 		.4byte	.LASF23
  87 0010 0C       		.byte	0xc
  88 0011 3C000000 		.4byte	.LASF24
  89 0015 41010000 		.4byte	.LASF25
  90 0019 00000000 		.4byte	.Ldebug_ranges0+0
  91 001d 00000000 		.4byte	0
  92 0021 00000000 		.4byte	.Ldebug_line0
  93 0025 02       		.uleb128 0x2
  94 0026 01       		.byte	0x1
  95 0027 06       		.byte	0x6
  96 0028 48000000 		.4byte	.LASF0
  97 002c 02       		.uleb128 0x2
  98 002d 01       		.byte	0x1
  99 002e 08       		.byte	0x8
 100 002f 33010000 		.4byte	.LASF1
 101 0033 02       		.uleb128 0x2
 102 0034 02       		.byte	0x2
 103 0035 05       		.byte	0x5
 104 0036 EE010000 		.4byte	.LASF2
 105 003a 02       		.uleb128 0x2
 106 003b 02       		.byte	0x2
 107 003c 07       		.byte	0x7
 108 003d 0E000000 		.4byte	.LASF3
 109 0041 03       		.uleb128 0x3
 110 0042 C0010000 		.4byte	.LASF9
 111 0046 02       		.byte	0x2
 112 0047 3F       		.byte	0x3f
 113 0048 4C000000 		.4byte	0x4c
 114 004c 02       		.uleb128 0x2
 115 004d 04       		.byte	0x4
 116 004e 05       		.byte	0x5
 117 004f 6F010000 		.4byte	.LASF4
 118 0053 02       		.uleb128 0x2
 119 0054 04       		.byte	0x4
 120 0055 07       		.byte	0x7
 121 0056 F3000000 		.4byte	.LASF5
 122 005a 02       		.uleb128 0x2
 123 005b 08       		.byte	0x8
 124 005c 05       		.byte	0x5
 125 005d 00000000 		.4byte	.LASF6
 126 0061 02       		.uleb128 0x2
 127 0062 08       		.byte	0x8
 128 0063 07       		.byte	0x7
 129 0064 05010000 		.4byte	.LASF7
 130 0068 04       		.uleb128 0x4
 131 0069 04       		.byte	0x4
 132 006a 05       		.byte	0x5
 133 006b 696E7400 		.ascii	"int\000"
 134 006f 02       		.uleb128 0x2
 135 0070 04       		.byte	0x4
 136 0071 07       		.byte	0x7
 137 0072 21000000 		.4byte	.LASF8
 138 0076 03       		.uleb128 0x3
 139 0077 F8010000 		.4byte	.LASF10
ARM GAS  C:\Users\LESPIA~1\AppData\Local\Temp\ccGUVMyy.s 			page 4


 140 007b 03       		.byte	0x3
 141 007c 2C       		.byte	0x2c
 142 007d 41000000 		.4byte	0x41
 143 0081 02       		.uleb128 0x2
 144 0082 04       		.byte	0x4
 145 0083 04       		.byte	0x4
 146 0084 D9010000 		.4byte	.LASF11
 147 0088 02       		.uleb128 0x2
 148 0089 08       		.byte	0x8
 149 008a 04       		.byte	0x4
 150 008b 78010000 		.4byte	.LASF12
 151 008f 02       		.uleb128 0x2
 152 0090 01       		.byte	0x1
 153 0091 08       		.byte	0x8
 154 0092 6A010000 		.4byte	.LASF13
 155 0096 02       		.uleb128 0x2
 156 0097 08       		.byte	0x8
 157 0098 04       		.byte	0x4
 158 0099 B4010000 		.4byte	.LASF14
 159 009d 02       		.uleb128 0x2
 160 009e 04       		.byte	0x4
 161 009f 07       		.byte	0x7
 162 00a0 00020000 		.4byte	.LASF15
 163 00a4 05       		.uleb128 0x5
 164 00a5 43000000 		.4byte	.LASF26
 165 00a9 01       		.byte	0x1
 166 00aa 10       		.byte	0x10
 167 00ab 68000000 		.4byte	0x68
 168 00af 00000000 		.4byte	.LFB63
 169 00b3 22000000 		.4byte	.LFE63-.LFB63
 170 00b7 01       		.uleb128 0x1
 171 00b8 9C       		.byte	0x9c
 172 00b9 FD000000 		.4byte	0xfd
 173 00bd 06       		.uleb128 0x6
 174 00be 08000000 		.4byte	.LVL0
 175 00c2 0E010000 		.4byte	0x10e
 176 00c6 06       		.uleb128 0x6
 177 00c7 0C000000 		.4byte	.LVL1
 178 00cb 19010000 		.4byte	0x119
 179 00cf 06       		.uleb128 0x6
 180 00d0 10000000 		.4byte	.LVL2
 181 00d4 24010000 		.4byte	0x124
 182 00d8 06       		.uleb128 0x6
 183 00d9 14000000 		.4byte	.LVL3
 184 00dd 2F010000 		.4byte	0x12f
 185 00e1 06       		.uleb128 0x6
 186 00e2 18000000 		.4byte	.LVL4
 187 00e6 3A010000 		.4byte	0x13a
 188 00ea 06       		.uleb128 0x6
 189 00eb 1C000000 		.4byte	.LVL5
 190 00ef 45010000 		.4byte	0x145
 191 00f3 06       		.uleb128 0x6
 192 00f4 20000000 		.4byte	.LVL6
 193 00f8 50010000 		.4byte	0x150
 194 00fc 00       		.byte	0
 195 00fd 07       		.uleb128 0x7
 196 00fe 8F010000 		.4byte	.LASF27
ARM GAS  C:\Users\LESPIA~1\AppData\Local\Temp\ccGUVMyy.s 			page 5


 197 0102 08       		.byte	0x8
 198 0103 1207     		.2byte	0x712
 199 0105 09010000 		.4byte	0x109
 200 0109 08       		.uleb128 0x8
 201 010a 76000000 		.4byte	0x76
 202 010e 09       		.uleb128 0x9
 203 010f DF010000 		.4byte	.LASF16
 204 0113 DF010000 		.4byte	.LASF16
 205 0117 04       		.byte	0x4
 206 0118 92       		.byte	0x92
 207 0119 09       		.uleb128 0x9
 208 011a CA010000 		.4byte	.LASF17
 209 011e CA010000 		.4byte	.LASF17
 210 0122 05       		.byte	0x5
 211 0123 59       		.byte	0x59
 212 0124 09       		.uleb128 0x9
 213 0125 E2000000 		.4byte	.LASF18
 214 0129 E2000000 		.4byte	.LASF18
 215 012d 05       		.byte	0x5
 216 012e 5A       		.byte	0x5a
 217 012f 09       		.uleb128 0x9
 218 0130 7F010000 		.4byte	.LASF19
 219 0134 7F010000 		.4byte	.LASF19
 220 0138 05       		.byte	0x5
 221 0139 54       		.byte	0x54
 222 013a 09       		.uleb128 0x9
 223 013b 2E000000 		.4byte	.LASF20
 224 013f 2E000000 		.4byte	.LASF20
 225 0143 06       		.byte	0x6
 226 0144 92       		.byte	0x92
 227 0145 09       		.uleb128 0x9
 228 0146 9C010000 		.4byte	.LASF21
 229 014a 9C010000 		.4byte	.LASF21
 230 014e 07       		.byte	0x7
 231 014f 23       		.byte	0x23
 232 0150 09       		.uleb128 0x9
 233 0151 1C010000 		.4byte	.LASF22
 234 0155 1C010000 		.4byte	.LASF22
 235 0159 07       		.byte	0x7
 236 015a 17       		.byte	0x17
 237 015b 00       		.byte	0
 238              		.section	.debug_abbrev,"",%progbits
 239              	.Ldebug_abbrev0:
 240 0000 01       		.uleb128 0x1
 241 0001 11       		.uleb128 0x11
 242 0002 01       		.byte	0x1
 243 0003 25       		.uleb128 0x25
 244 0004 0E       		.uleb128 0xe
 245 0005 13       		.uleb128 0x13
 246 0006 0B       		.uleb128 0xb
 247 0007 03       		.uleb128 0x3
 248 0008 0E       		.uleb128 0xe
 249 0009 1B       		.uleb128 0x1b
 250 000a 0E       		.uleb128 0xe
 251 000b 55       		.uleb128 0x55
 252 000c 17       		.uleb128 0x17
 253 000d 11       		.uleb128 0x11
ARM GAS  C:\Users\LESPIA~1\AppData\Local\Temp\ccGUVMyy.s 			page 6


 254 000e 01       		.uleb128 0x1
 255 000f 10       		.uleb128 0x10
 256 0010 17       		.uleb128 0x17
 257 0011 00       		.byte	0
 258 0012 00       		.byte	0
 259 0013 02       		.uleb128 0x2
 260 0014 24       		.uleb128 0x24
 261 0015 00       		.byte	0
 262 0016 0B       		.uleb128 0xb
 263 0017 0B       		.uleb128 0xb
 264 0018 3E       		.uleb128 0x3e
 265 0019 0B       		.uleb128 0xb
 266 001a 03       		.uleb128 0x3
 267 001b 0E       		.uleb128 0xe
 268 001c 00       		.byte	0
 269 001d 00       		.byte	0
 270 001e 03       		.uleb128 0x3
 271 001f 16       		.uleb128 0x16
 272 0020 00       		.byte	0
 273 0021 03       		.uleb128 0x3
 274 0022 0E       		.uleb128 0xe
 275 0023 3A       		.uleb128 0x3a
 276 0024 0B       		.uleb128 0xb
 277 0025 3B       		.uleb128 0x3b
 278 0026 0B       		.uleb128 0xb
 279 0027 49       		.uleb128 0x49
 280 0028 13       		.uleb128 0x13
 281 0029 00       		.byte	0
 282 002a 00       		.byte	0
 283 002b 04       		.uleb128 0x4
 284 002c 24       		.uleb128 0x24
 285 002d 00       		.byte	0
 286 002e 0B       		.uleb128 0xb
 287 002f 0B       		.uleb128 0xb
 288 0030 3E       		.uleb128 0x3e
 289 0031 0B       		.uleb128 0xb
 290 0032 03       		.uleb128 0x3
 291 0033 08       		.uleb128 0x8
 292 0034 00       		.byte	0
 293 0035 00       		.byte	0
 294 0036 05       		.uleb128 0x5
 295 0037 2E       		.uleb128 0x2e
 296 0038 01       		.byte	0x1
 297 0039 3F       		.uleb128 0x3f
 298 003a 19       		.uleb128 0x19
 299 003b 03       		.uleb128 0x3
 300 003c 0E       		.uleb128 0xe
 301 003d 3A       		.uleb128 0x3a
 302 003e 0B       		.uleb128 0xb
 303 003f 3B       		.uleb128 0x3b
 304 0040 0B       		.uleb128 0xb
 305 0041 27       		.uleb128 0x27
 306 0042 19       		.uleb128 0x19
 307 0043 49       		.uleb128 0x49
 308 0044 13       		.uleb128 0x13
 309 0045 8701     		.uleb128 0x87
 310 0047 19       		.uleb128 0x19
ARM GAS  C:\Users\LESPIA~1\AppData\Local\Temp\ccGUVMyy.s 			page 7


 311 0048 11       		.uleb128 0x11
 312 0049 01       		.uleb128 0x1
 313 004a 12       		.uleb128 0x12
 314 004b 06       		.uleb128 0x6
 315 004c 40       		.uleb128 0x40
 316 004d 18       		.uleb128 0x18
 317 004e 9742     		.uleb128 0x2117
 318 0050 19       		.uleb128 0x19
 319 0051 01       		.uleb128 0x1
 320 0052 13       		.uleb128 0x13
 321 0053 00       		.byte	0
 322 0054 00       		.byte	0
 323 0055 06       		.uleb128 0x6
 324 0056 898201   		.uleb128 0x4109
 325 0059 00       		.byte	0
 326 005a 11       		.uleb128 0x11
 327 005b 01       		.uleb128 0x1
 328 005c 31       		.uleb128 0x31
 329 005d 13       		.uleb128 0x13
 330 005e 00       		.byte	0
 331 005f 00       		.byte	0
 332 0060 07       		.uleb128 0x7
 333 0061 34       		.uleb128 0x34
 334 0062 00       		.byte	0
 335 0063 03       		.uleb128 0x3
 336 0064 0E       		.uleb128 0xe
 337 0065 3A       		.uleb128 0x3a
 338 0066 0B       		.uleb128 0xb
 339 0067 3B       		.uleb128 0x3b
 340 0068 05       		.uleb128 0x5
 341 0069 49       		.uleb128 0x49
 342 006a 13       		.uleb128 0x13
 343 006b 3F       		.uleb128 0x3f
 344 006c 19       		.uleb128 0x19
 345 006d 3C       		.uleb128 0x3c
 346 006e 19       		.uleb128 0x19
 347 006f 00       		.byte	0
 348 0070 00       		.byte	0
 349 0071 08       		.uleb128 0x8
 350 0072 35       		.uleb128 0x35
 351 0073 00       		.byte	0
 352 0074 49       		.uleb128 0x49
 353 0075 13       		.uleb128 0x13
 354 0076 00       		.byte	0
 355 0077 00       		.byte	0
 356 0078 09       		.uleb128 0x9
 357 0079 2E       		.uleb128 0x2e
 358 007a 00       		.byte	0
 359 007b 3F       		.uleb128 0x3f
 360 007c 19       		.uleb128 0x19
 361 007d 3C       		.uleb128 0x3c
 362 007e 19       		.uleb128 0x19
 363 007f 6E       		.uleb128 0x6e
 364 0080 0E       		.uleb128 0xe
 365 0081 03       		.uleb128 0x3
 366 0082 0E       		.uleb128 0xe
 367 0083 3A       		.uleb128 0x3a
ARM GAS  C:\Users\LESPIA~1\AppData\Local\Temp\ccGUVMyy.s 			page 8


 368 0084 0B       		.uleb128 0xb
 369 0085 3B       		.uleb128 0x3b
 370 0086 0B       		.uleb128 0xb
 371 0087 00       		.byte	0
 372 0088 00       		.byte	0
 373 0089 00       		.byte	0
 374              		.section	.debug_aranges,"",%progbits
 375 0000 1C000000 		.4byte	0x1c
 376 0004 0200     		.2byte	0x2
 377 0006 00000000 		.4byte	.Ldebug_info0
 378 000a 04       		.byte	0x4
 379 000b 00       		.byte	0
 380 000c 0000     		.2byte	0
 381 000e 0000     		.2byte	0
 382 0010 00000000 		.4byte	.LFB63
 383 0014 22000000 		.4byte	.LFE63-.LFB63
 384 0018 00000000 		.4byte	0
 385 001c 00000000 		.4byte	0
 386              		.section	.debug_ranges,"",%progbits
 387              	.Ldebug_ranges0:
 388 0000 00000000 		.4byte	.LFB63
 389 0004 22000000 		.4byte	.LFE63
 390 0008 00000000 		.4byte	0
 391 000c 00000000 		.4byte	0
 392              		.section	.debug_line,"",%progbits
 393              	.Ldebug_line0:
 394 0000 9C010000 		.section	.debug_str,"MS",%progbits,1
 394      02007F01 
 394      00000201 
 394      FB0E0D00 
 394      01010101 
 395              	.LASF6:
 396 0000 6C6F6E67 		.ascii	"long long int\000"
 396      206C6F6E 
 396      6720696E 
 396      7400
 397              	.LASF3:
 398 000e 73686F72 		.ascii	"short unsigned int\000"
 398      7420756E 
 398      7369676E 
 398      65642069 
 398      6E7400
 399              	.LASF8:
 400 0021 756E7369 		.ascii	"unsigned int\000"
 400      676E6564 
 400      20696E74 
 400      00
 401              	.LASF20:
 402 002e 50574D5F 		.ascii	"PWM_all_Start\000"
 402      616C6C5F 
 402      53746172 
 402      7400
 403              	.LASF24:
 404 003c 6D61696E 		.ascii	"main.c\000"
 404      2E6300
 405              	.LASF26:
 406 0043 6D61696E 		.ascii	"main\000"
ARM GAS  C:\Users\LESPIA~1\AppData\Local\Temp\ccGUVMyy.s 			page 9


 406      00
 407              	.LASF0:
 408 0048 7369676E 		.ascii	"signed char\000"
 408      65642063 
 408      68617200 
 409              	.LASF23:
 410 0054 474E5520 		.ascii	"GNU C11 5.4.1 20160609 (release) [ARM/embedded-5-br"
 410      43313120 
 410      352E342E 
 410      31203230 
 410      31363036 
 411 0087 616E6368 		.ascii	"anch revision 237715] -mcpu=cortex-m3 -mthumb -g -O"
 411      20726576 
 411      6973696F 
 411      6E203233 
 411      37373135 
 412 00ba 67202D66 		.ascii	"g -ffunction-sections -ffat-lto-objects\000"
 412      66756E63 
 412      74696F6E 
 412      2D736563 
 412      74696F6E 
 413              	.LASF18:
 414 00e2 55415254 		.ascii	"UART_test_Enable\000"
 414      5F746573 
 414      745F456E 
 414      61626C65 
 414      00
 415              	.LASF5:
 416 00f3 6C6F6E67 		.ascii	"long unsigned int\000"
 416      20756E73 
 416      69676E65 
 416      6420696E 
 416      7400
 417              	.LASF7:
 418 0105 6C6F6E67 		.ascii	"long long unsigned int\000"
 418      206C6F6E 
 418      6720756E 
 418      7369676E 
 418      65642069 
 419              	.LASF22:
 420 011c 496E7465 		.ascii	"Interruption_CMD_Start\000"
 420      72727570 
 420      74696F6E 
 420      5F434D44 
 420      5F537461 
 421              	.LASF1:
 422 0133 756E7369 		.ascii	"unsigned char\000"
 422      676E6564 
 422      20636861 
 422      7200
 423              	.LASF25:
 424 0141 553A5C35 		.ascii	"U:\\5SEE\\Thunder_Truck\\ThunderTruck.cydsn\000"
 424      5345455C 
 424      5468756E 
 424      6465725F 
 424      54727563 
 425              	.LASF13:
ARM GAS  C:\Users\LESPIA~1\AppData\Local\Temp\ccGUVMyy.s 			page 10


 426 016a 63686172 		.ascii	"char\000"
 426      00
 427              	.LASF4:
 428 016f 6C6F6E67 		.ascii	"long int\000"
 428      20696E74 
 428      00
 429              	.LASF12:
 430 0178 646F7562 		.ascii	"double\000"
 430      6C6500
 431              	.LASF19:
 432 017f 55415254 		.ascii	"UART_test_Start\000"
 432      5F746573 
 432      745F5374 
 432      61727400 
 433              	.LASF27:
 434 018f 49544D5F 		.ascii	"ITM_RxBuffer\000"
 434      52784275 
 434      66666572 
 434      00
 435              	.LASF21:
 436 019c 496E7465 		.ascii	"Interruption_CMD_Enable\000"
 436      72727570 
 436      74696F6E 
 436      5F434D44 
 436      5F456E61 
 437              	.LASF14:
 438 01b4 6C6F6E67 		.ascii	"long double\000"
 438      20646F75 
 438      626C6500 
 439              	.LASF9:
 440 01c0 5F5F696E 		.ascii	"__int32_t\000"
 440      7433325F 
 440      7400
 441              	.LASF17:
 442 01ca 55415254 		.ascii	"UART_test_Init\000"
 442      5F746573 
 442      745F496E 
 442      697400
 443              	.LASF11:
 444 01d9 666C6F61 		.ascii	"float\000"
 444      7400
 445              	.LASF16:
 446 01df 50574D5F 		.ascii	"PWM_test_Start\000"
 446      74657374 
 446      5F537461 
 446      727400
 447              	.LASF2:
 448 01ee 73686F72 		.ascii	"short int\000"
 448      7420696E 
 448      7400
 449              	.LASF10:
 450 01f8 696E7433 		.ascii	"int32_t\000"
 450      325F7400 
 451              	.LASF15:
 452 0200 73697A65 		.ascii	"sizetype\000"
 452      74797065 
 452      00
ARM GAS  C:\Users\LESPIA~1\AppData\Local\Temp\ccGUVMyy.s 			page 11


 453              		.ident	"GCC: (GNU Tools for ARM Embedded Processors) 5.4.1 20160609 (release) [ARM/embedded-5-bran
