ARM GAS  C:\Users\LESPIA~1\AppData\Local\Temp\cc4m2Pkp.s 			page 1


   1              		.syntax unified
   2              		.cpu cortex-m3
   3              		.fpu softvfp
   4              		.eabi_attribute 20, 1
   5              		.eabi_attribute 21, 1
   6              		.eabi_attribute 23, 3
   7              		.eabi_attribute 24, 1
   8              		.eabi_attribute 25, 1
   9              		.eabi_attribute 26, 1
  10              		.eabi_attribute 30, 1
  11              		.eabi_attribute 34, 1
  12              		.eabi_attribute 18, 4
  13              		.thumb
  14              		.syntax unified
  15              		.file	"utilities.c"
  16              		.text
  17              	.Ltext0:
  18              		.cfi_sections	.debug_frame
  19              		.section	.text.UART_send,"ax",%progbits
  20              		.align	2
  21              		.global	UART_send
  22              		.thumb
  23              		.thumb_func
  24              		.type	UART_send, %function
  25              	UART_send:
  26              	.LFB63:
  27              		.file 1 "utilities.c"
   1:utilities.c   **** /* ========================================
   2:utilities.c   ****  *
   3:utilities.c   ****  * Copyright YOUR COMPANY, THE YEAR
   4:utilities.c   ****  * All Rights Reserved
   5:utilities.c   ****  * UNPUBLISHED, LICENSED SOFTWARE.
   6:utilities.c   ****  *
   7:utilities.c   ****  * CONFIDENTIAL AND PROPRIETARY INFORMATION
   8:utilities.c   ****  * WHICH IS THE PROPERTY OF your company.
   9:utilities.c   ****  *
  10:utilities.c   ****  * ========================================
  11:utilities.c   **** */
  12:utilities.c   **** 
  13:utilities.c   **** #include "utilities.h"
  14:utilities.c   **** 
  15:utilities.c   **** void UART_send(char * msg, uint8_t size){
  28              		.loc 1 15 0
  29              		.cfi_startproc
  30              		@ args = 0, pretend = 0, frame = 0
  31              		@ frame_needed = 0, uses_anonymous_args = 0
  32              	.LVL0:
  33 0000 70B5     		push	{r4, r5, r6, lr}
  34              		.cfi_def_cfa_offset 16
  35              		.cfi_offset 4, -16
  36              		.cfi_offset 5, -12
  37              		.cfi_offset 6, -8
  38              		.cfi_offset 14, -4
  39 0002 0646     		mov	r6, r0
  40 0004 0D46     		mov	r5, r1
  16:utilities.c   ****     uint8 cpt;           /* Data sent on the serial port */
  17:utilities.c   **** 
ARM GAS  C:\Users\LESPIA~1\AppData\Local\Temp\cc4m2Pkp.s 			page 2


  18:utilities.c   ****     CyGlobalIntEnable; 
  41              		.loc 1 18 0
  42              		.syntax unified
  43              	@ 18 "utilities.c" 1
  44 0006 62B6     		CPSIE   i
  45              	@ 0 "" 2
  19:utilities.c   **** 
  20:utilities.c   ****     UART_test_Start();     /* Enabling the UART */
  46              		.loc 1 20 0
  47              		.thumb
  48              		.syntax unified
  49 0008 FFF7FEFF 		bl	UART_test_Start
  50              	.LVL1:
  21:utilities.c   ****         
  22:utilities.c   ****     for(cpt = 0; cpt <= size; cpt++)
  51              		.loc 1 22 0
  52 000c 0024     		movs	r4, #0
  53 000e 04E0     		b	.L2
  54              	.LVL2:
  55              	.L3:
  23:utilities.c   ****     {
  24:utilities.c   ****         UART_test_WriteTxData(msg[cpt]); /* Sending the data */
  56              		.loc 1 24 0 discriminator 3
  57 0010 305D     		ldrb	r0, [r6, r4]	@ zero_extendqisi2
  58 0012 FFF7FEFF 		bl	UART_test_WriteTxData
  59              	.LVL3:
  22:utilities.c   ****     {
  60              		.loc 1 22 0 discriminator 3
  61 0016 0134     		adds	r4, r4, #1
  62              	.LVL4:
  63 0018 E4B2     		uxtb	r4, r4
  64              	.LVL5:
  65              	.L2:
  22:utilities.c   ****     {
  66              		.loc 1 22 0 is_stmt 0 discriminator 1
  67 001a AC42     		cmp	r4, r5
  68 001c F8D9     		bls	.L3
  25:utilities.c   ****     }
  26:utilities.c   ****     UART_test_WriteTxData('\0');
  69              		.loc 1 26 0 is_stmt 1
  70 001e 0020     		movs	r0, #0
  71 0020 FFF7FEFF 		bl	UART_test_WriteTxData
  72              	.LVL6:
  73 0024 70BD     		pop	{r4, r5, r6, pc}
  74              		.cfi_endproc
  75              	.LFE63:
  76              		.size	UART_send, .-UART_send
  77 0026 00BF     		.section	.text.UART_read,"ax",%progbits
  78              		.align	2
  79              		.global	UART_read
  80              		.thumb
  81              		.thumb_func
  82              		.type	UART_read, %function
  83              	UART_read:
  84              	.LFB64:
  27:utilities.c   **** }
  28:utilities.c   **** 
ARM GAS  C:\Users\LESPIA~1\AppData\Local\Temp\cc4m2Pkp.s 			page 3


  29:utilities.c   **** uint8_t UART_read(char * buffer, uint16_t size)
  30:utilities.c   **** {   
  85              		.loc 1 30 0
  86              		.cfi_startproc
  87              		@ args = 0, pretend = 0, frame = 0
  88              		@ frame_needed = 0, uses_anonymous_args = 0
  89              	.LVL7:
  90 0000 70B5     		push	{r4, r5, r6, lr}
  91              		.cfi_def_cfa_offset 16
  92              		.cfi_offset 4, -16
  93              		.cfi_offset 5, -12
  94              		.cfi_offset 6, -8
  95              		.cfi_offset 14, -4
  96 0002 0646     		mov	r6, r0
  97 0004 0D46     		mov	r5, r1
  98              	.LVL8:
  31:utilities.c   ****     char8 ch = '\0';       /* Data received from the Serial port */
  32:utilities.c   ****     int cpt = 0;
  99              		.loc 1 32 0
 100 0006 0024     		movs	r4, #0
  31:utilities.c   ****     char8 ch = '\0';       /* Data received from the Serial port */
 101              		.loc 1 31 0
 102 0008 2346     		mov	r3, r4
  33:utilities.c   ****     
  34:utilities.c   ****     while(ch != '\n' || cpt > size)
 103              		.loc 1 34 0
 104 000a 05E0     		b	.L6
 105              	.LVL9:
 106              	.L8:
  35:utilities.c   ****     {
  36:utilities.c   ****         /* Check the UART status */
  37:utilities.c   ****         ch = UART_test_GetChar();
 107              		.loc 1 37 0
 108 000c FFF7FEFF 		bl	UART_test_GetChar
 109              	.LVL10:
  38:utilities.c   **** 
  39:utilities.c   ****         /* If byte received */
  40:utilities.c   ****         if(ch > 0u)
 110              		.loc 1 40 0
 111 0010 0346     		mov	r3, r0
 112 0012 08B1     		cbz	r0, .L6
  41:utilities.c   ****         {
  42:utilities.c   ****             buffer[cpt] = ch;
 113              		.loc 1 42 0
 114 0014 3055     		strb	r0, [r6, r4]
  43:utilities.c   ****             cpt++;
 115              		.loc 1 43 0
 116 0016 0134     		adds	r4, r4, #1
 117              	.LVL11:
 118              	.L6:
  34:utilities.c   ****     {
 119              		.loc 1 34 0
 120 0018 0A2B     		cmp	r3, #10
 121 001a F7D1     		bne	.L8
  34:utilities.c   ****     {
 122              		.loc 1 34 0 is_stmt 0 discriminator 1
 123 001c AC42     		cmp	r4, r5
ARM GAS  C:\Users\LESPIA~1\AppData\Local\Temp\cc4m2Pkp.s 			page 4


 124 001e F5DC     		bgt	.L8
  44:utilities.c   ****         }
  45:utilities.c   ****     }
  46:utilities.c   ****     
  47:utilities.c   ****     return 0;
  48:utilities.c   **** }
 125              		.loc 1 48 0 is_stmt 1
 126 0020 0020     		movs	r0, #0
 127 0022 70BD     		pop	{r4, r5, r6, pc}
 128              		.cfi_endproc
 129              	.LFE64:
 130              		.size	UART_read, .-UART_read
 131              		.text
 132              	.Letext0:
 133              		.file 2 "c:\\program files (x86)\\cypress\\psoc creator\\4.4\\psoc creator\\import\\gnu\\arm\\5.4.
 134              		.file 3 "c:\\program files (x86)\\cypress\\psoc creator\\4.4\\psoc creator\\import\\gnu\\arm\\5.4.
 135              		.file 4 "Generated_Source\\PSoC5/cytypes.h"
 136              		.file 5 "Generated_Source\\PSoC5/UART_test.h"
 137              		.file 6 "Generated_Source\\PSoC5/core_cm3.h"
 138              		.section	.debug_info,"",%progbits
 139              	.Ldebug_info0:
 140 0000 DF010000 		.4byte	0x1df
 141 0004 0400     		.2byte	0x4
 142 0006 00000000 		.4byte	.Ldebug_abbrev0
 143 000a 04       		.byte	0x4
 144 000b 01       		.uleb128 0x1
 145 000c 8A000000 		.4byte	.LASF27
 146 0010 0C       		.byte	0xc
 147 0011 79000000 		.4byte	.LASF28
 148 0015 50000000 		.4byte	.LASF29
 149 0019 00000000 		.4byte	.Ldebug_ranges0+0
 150 001d 00000000 		.4byte	0
 151 0021 00000000 		.4byte	.Ldebug_line0
 152 0025 02       		.uleb128 0x2
 153 0026 01       		.byte	0x1
 154 0027 06       		.byte	0x6
 155 0028 0B020000 		.4byte	.LASF0
 156 002c 03       		.uleb128 0x3
 157 002d 00000000 		.4byte	.LASF3
 158 0031 02       		.byte	0x2
 159 0032 1D       		.byte	0x1d
 160 0033 37000000 		.4byte	0x37
 161 0037 02       		.uleb128 0x2
 162 0038 01       		.byte	0x1
 163 0039 08       		.byte	0x8
 164 003a 60010000 		.4byte	.LASF1
 165 003e 02       		.uleb128 0x2
 166 003f 02       		.byte	0x2
 167 0040 05       		.byte	0x5
 168 0041 DC010000 		.4byte	.LASF2
 169 0045 03       		.uleb128 0x3
 170 0046 6E010000 		.4byte	.LASF4
 171 004a 02       		.byte	0x2
 172 004b 2B       		.byte	0x2b
 173 004c 50000000 		.4byte	0x50
 174 0050 02       		.uleb128 0x2
 175 0051 02       		.byte	0x2
ARM GAS  C:\Users\LESPIA~1\AppData\Local\Temp\cc4m2Pkp.s 			page 5


 176 0052 07       		.byte	0x7
 177 0053 40010000 		.4byte	.LASF5
 178 0057 03       		.uleb128 0x3
 179 0058 32000000 		.4byte	.LASF6
 180 005c 02       		.byte	0x2
 181 005d 3F       		.byte	0x3f
 182 005e 62000000 		.4byte	0x62
 183 0062 02       		.uleb128 0x2
 184 0063 04       		.byte	0x4
 185 0064 05       		.byte	0x5
 186 0065 F6010000 		.4byte	.LASF7
 187 0069 02       		.uleb128 0x2
 188 006a 04       		.byte	0x4
 189 006b 07       		.byte	0x7
 190 006c 2E010000 		.4byte	.LASF8
 191 0070 02       		.uleb128 0x2
 192 0071 08       		.byte	0x8
 193 0072 05       		.byte	0x5
 194 0073 C9010000 		.4byte	.LASF9
 195 0077 02       		.uleb128 0x2
 196 0078 08       		.byte	0x8
 197 0079 07       		.byte	0x7
 198 007a 8D010000 		.4byte	.LASF10
 199 007e 04       		.uleb128 0x4
 200 007f 04       		.byte	0x4
 201 0080 05       		.byte	0x5
 202 0081 696E7400 		.ascii	"int\000"
 203 0085 02       		.uleb128 0x2
 204 0086 04       		.byte	0x4
 205 0087 07       		.byte	0x7
 206 0088 80010000 		.4byte	.LASF11
 207 008c 03       		.uleb128 0x3
 208 008d A4010000 		.4byte	.LASF12
 209 0091 03       		.byte	0x3
 210 0092 18       		.byte	0x18
 211 0093 2C000000 		.4byte	0x2c
 212 0097 03       		.uleb128 0x3
 213 0098 ED010000 		.4byte	.LASF13
 214 009c 03       		.byte	0x3
 215 009d 24       		.byte	0x24
 216 009e 45000000 		.4byte	0x45
 217 00a2 03       		.uleb128 0x3
 218 00a3 3C000000 		.4byte	.LASF14
 219 00a7 03       		.byte	0x3
 220 00a8 2C       		.byte	0x2c
 221 00a9 57000000 		.4byte	0x57
 222 00ad 05       		.uleb128 0x5
 223 00ae 4A000000 		.4byte	.LASF15
 224 00b2 04       		.byte	0x4
 225 00b3 E801     		.2byte	0x1e8
 226 00b5 37000000 		.4byte	0x37
 227 00b9 02       		.uleb128 0x2
 228 00ba 04       		.byte	0x4
 229 00bb 04       		.byte	0x4
 230 00bc 44000000 		.4byte	.LASF16
 231 00c0 02       		.uleb128 0x2
 232 00c1 08       		.byte	0x8
ARM GAS  C:\Users\LESPIA~1\AppData\Local\Temp\cc4m2Pkp.s 			page 6


 233 00c2 04       		.byte	0x4
 234 00c3 79010000 		.4byte	.LASF17
 235 00c7 05       		.uleb128 0x5
 236 00c8 18010000 		.4byte	.LASF18
 237 00cc 04       		.byte	0x4
 238 00cd F901     		.2byte	0x1f9
 239 00cf D3000000 		.4byte	0xd3
 240 00d3 02       		.uleb128 0x2
 241 00d4 01       		.byte	0x1
 242 00d5 08       		.byte	0x8
 243 00d6 D7010000 		.4byte	.LASF19
 244 00da 02       		.uleb128 0x2
 245 00db 08       		.byte	0x8
 246 00dc 04       		.byte	0x4
 247 00dd FF010000 		.4byte	.LASF20
 248 00e1 02       		.uleb128 0x2
 249 00e2 04       		.byte	0x4
 250 00e3 07       		.byte	0x7
 251 00e4 C0010000 		.4byte	.LASF21
 252 00e8 06       		.uleb128 0x6
 253 00e9 04       		.byte	0x4
 254 00ea D3000000 		.4byte	0xd3
 255 00ee 07       		.uleb128 0x7
 256 00ef AC010000 		.4byte	.LASF30
 257 00f3 01       		.byte	0x1
 258 00f4 0F       		.byte	0xf
 259 00f5 00000000 		.4byte	.LFB63
 260 00f9 26000000 		.4byte	.LFE63-.LFB63
 261 00fd 01       		.uleb128 0x1
 262 00fe 9C       		.byte	0x9c
 263 00ff 52010000 		.4byte	0x152
 264 0103 08       		.uleb128 0x8
 265 0104 6D736700 		.ascii	"msg\000"
 266 0108 01       		.byte	0x1
 267 0109 0F       		.byte	0xf
 268 010a E8000000 		.4byte	0xe8
 269 010e 00000000 		.4byte	.LLST0
 270 0112 09       		.uleb128 0x9
 271 0113 85000000 		.4byte	.LASF22
 272 0117 01       		.byte	0x1
 273 0118 0F       		.byte	0xf
 274 0119 8C000000 		.4byte	0x8c
 275 011d 1E000000 		.4byte	.LLST1
 276 0121 0A       		.uleb128 0xa
 277 0122 63707400 		.ascii	"cpt\000"
 278 0126 01       		.byte	0x1
 279 0127 10       		.byte	0x10
 280 0128 AD000000 		.4byte	0xad
 281 012c 3F000000 		.4byte	.LLST2
 282 0130 0B       		.uleb128 0xb
 283 0131 0C000000 		.4byte	.LVL1
 284 0135 C1010000 		.4byte	0x1c1
 285 0139 0B       		.uleb128 0xb
 286 013a 16000000 		.4byte	.LVL3
 287 013e CC010000 		.4byte	0x1cc
 288 0142 0C       		.uleb128 0xc
 289 0143 24000000 		.4byte	.LVL6
ARM GAS  C:\Users\LESPIA~1\AppData\Local\Temp\cc4m2Pkp.s 			page 7


 290 0147 CC010000 		.4byte	0x1cc
 291 014b 0D       		.uleb128 0xd
 292 014c 01       		.uleb128 0x1
 293 014d 50       		.byte	0x50
 294 014e 01       		.uleb128 0x1
 295 014f 30       		.byte	0x30
 296 0150 00       		.byte	0
 297 0151 00       		.byte	0
 298 0152 0E       		.uleb128 0xe
 299 0153 B6010000 		.4byte	.LASF31
 300 0157 01       		.byte	0x1
 301 0158 1D       		.byte	0x1d
 302 0159 8C000000 		.4byte	0x8c
 303 015d 00000000 		.4byte	.LFB64
 304 0161 24000000 		.4byte	.LFE64-.LFB64
 305 0165 01       		.uleb128 0x1
 306 0166 9C       		.byte	0x9c
 307 0167 B0010000 		.4byte	0x1b0
 308 016b 09       		.uleb128 0x9
 309 016c E6010000 		.4byte	.LASF23
 310 0170 01       		.byte	0x1
 311 0171 1D       		.byte	0x1d
 312 0172 E8000000 		.4byte	0xe8
 313 0176 69000000 		.4byte	.LLST3
 314 017a 09       		.uleb128 0x9
 315 017b 85000000 		.4byte	.LASF22
 316 017f 01       		.byte	0x1
 317 0180 1D       		.byte	0x1d
 318 0181 97000000 		.4byte	0x97
 319 0185 87000000 		.4byte	.LLST4
 320 0189 0A       		.uleb128 0xa
 321 018a 636800   		.ascii	"ch\000"
 322 018d 01       		.byte	0x1
 323 018e 1F       		.byte	0x1f
 324 018f C7000000 		.4byte	0xc7
 325 0193 A8000000 		.4byte	.LLST5
 326 0197 0A       		.uleb128 0xa
 327 0198 63707400 		.ascii	"cpt\000"
 328 019c 01       		.byte	0x1
 329 019d 20       		.byte	0x20
 330 019e 7E000000 		.4byte	0x7e
 331 01a2 DD000000 		.4byte	.LLST6
 332 01a6 0B       		.uleb128 0xb
 333 01a7 10000000 		.4byte	.LVL10
 334 01ab D7010000 		.4byte	0x1d7
 335 01af 00       		.byte	0
 336 01b0 0F       		.uleb128 0xf
 337 01b1 53010000 		.4byte	.LASF32
 338 01b5 06       		.byte	0x6
 339 01b6 1207     		.2byte	0x712
 340 01b8 BC010000 		.4byte	0x1bc
 341 01bc 10       		.uleb128 0x10
 342 01bd A2000000 		.4byte	0xa2
 343 01c1 11       		.uleb128 0x11
 344 01c2 1E010000 		.4byte	.LASF24
 345 01c6 1E010000 		.4byte	.LASF24
 346 01ca 05       		.byte	0x5
ARM GAS  C:\Users\LESPIA~1\AppData\Local\Temp\cc4m2Pkp.s 			page 8


 347 01cb 54       		.byte	0x54
 348 01cc 11       		.uleb128 0x11
 349 01cd 0A000000 		.4byte	.LASF25
 350 01d1 0A000000 		.4byte	.LASF25
 351 01d5 05       		.byte	0x5
 352 01d6 88       		.byte	0x88
 353 01d7 11       		.uleb128 0x11
 354 01d8 20000000 		.4byte	.LASF26
 355 01dc 20000000 		.4byte	.LASF26
 356 01e0 05       		.byte	0x5
 357 01e1 71       		.byte	0x71
 358 01e2 00       		.byte	0
 359              		.section	.debug_abbrev,"",%progbits
 360              	.Ldebug_abbrev0:
 361 0000 01       		.uleb128 0x1
 362 0001 11       		.uleb128 0x11
 363 0002 01       		.byte	0x1
 364 0003 25       		.uleb128 0x25
 365 0004 0E       		.uleb128 0xe
 366 0005 13       		.uleb128 0x13
 367 0006 0B       		.uleb128 0xb
 368 0007 03       		.uleb128 0x3
 369 0008 0E       		.uleb128 0xe
 370 0009 1B       		.uleb128 0x1b
 371 000a 0E       		.uleb128 0xe
 372 000b 55       		.uleb128 0x55
 373 000c 17       		.uleb128 0x17
 374 000d 11       		.uleb128 0x11
 375 000e 01       		.uleb128 0x1
 376 000f 10       		.uleb128 0x10
 377 0010 17       		.uleb128 0x17
 378 0011 00       		.byte	0
 379 0012 00       		.byte	0
 380 0013 02       		.uleb128 0x2
 381 0014 24       		.uleb128 0x24
 382 0015 00       		.byte	0
 383 0016 0B       		.uleb128 0xb
 384 0017 0B       		.uleb128 0xb
 385 0018 3E       		.uleb128 0x3e
 386 0019 0B       		.uleb128 0xb
 387 001a 03       		.uleb128 0x3
 388 001b 0E       		.uleb128 0xe
 389 001c 00       		.byte	0
 390 001d 00       		.byte	0
 391 001e 03       		.uleb128 0x3
 392 001f 16       		.uleb128 0x16
 393 0020 00       		.byte	0
 394 0021 03       		.uleb128 0x3
 395 0022 0E       		.uleb128 0xe
 396 0023 3A       		.uleb128 0x3a
 397 0024 0B       		.uleb128 0xb
 398 0025 3B       		.uleb128 0x3b
 399 0026 0B       		.uleb128 0xb
 400 0027 49       		.uleb128 0x49
 401 0028 13       		.uleb128 0x13
 402 0029 00       		.byte	0
 403 002a 00       		.byte	0
ARM GAS  C:\Users\LESPIA~1\AppData\Local\Temp\cc4m2Pkp.s 			page 9


 404 002b 04       		.uleb128 0x4
 405 002c 24       		.uleb128 0x24
 406 002d 00       		.byte	0
 407 002e 0B       		.uleb128 0xb
 408 002f 0B       		.uleb128 0xb
 409 0030 3E       		.uleb128 0x3e
 410 0031 0B       		.uleb128 0xb
 411 0032 03       		.uleb128 0x3
 412 0033 08       		.uleb128 0x8
 413 0034 00       		.byte	0
 414 0035 00       		.byte	0
 415 0036 05       		.uleb128 0x5
 416 0037 16       		.uleb128 0x16
 417 0038 00       		.byte	0
 418 0039 03       		.uleb128 0x3
 419 003a 0E       		.uleb128 0xe
 420 003b 3A       		.uleb128 0x3a
 421 003c 0B       		.uleb128 0xb
 422 003d 3B       		.uleb128 0x3b
 423 003e 05       		.uleb128 0x5
 424 003f 49       		.uleb128 0x49
 425 0040 13       		.uleb128 0x13
 426 0041 00       		.byte	0
 427 0042 00       		.byte	0
 428 0043 06       		.uleb128 0x6
 429 0044 0F       		.uleb128 0xf
 430 0045 00       		.byte	0
 431 0046 0B       		.uleb128 0xb
 432 0047 0B       		.uleb128 0xb
 433 0048 49       		.uleb128 0x49
 434 0049 13       		.uleb128 0x13
 435 004a 00       		.byte	0
 436 004b 00       		.byte	0
 437 004c 07       		.uleb128 0x7
 438 004d 2E       		.uleb128 0x2e
 439 004e 01       		.byte	0x1
 440 004f 3F       		.uleb128 0x3f
 441 0050 19       		.uleb128 0x19
 442 0051 03       		.uleb128 0x3
 443 0052 0E       		.uleb128 0xe
 444 0053 3A       		.uleb128 0x3a
 445 0054 0B       		.uleb128 0xb
 446 0055 3B       		.uleb128 0x3b
 447 0056 0B       		.uleb128 0xb
 448 0057 27       		.uleb128 0x27
 449 0058 19       		.uleb128 0x19
 450 0059 11       		.uleb128 0x11
 451 005a 01       		.uleb128 0x1
 452 005b 12       		.uleb128 0x12
 453 005c 06       		.uleb128 0x6
 454 005d 40       		.uleb128 0x40
 455 005e 18       		.uleb128 0x18
 456 005f 9742     		.uleb128 0x2117
 457 0061 19       		.uleb128 0x19
 458 0062 01       		.uleb128 0x1
 459 0063 13       		.uleb128 0x13
 460 0064 00       		.byte	0
ARM GAS  C:\Users\LESPIA~1\AppData\Local\Temp\cc4m2Pkp.s 			page 10


 461 0065 00       		.byte	0
 462 0066 08       		.uleb128 0x8
 463 0067 05       		.uleb128 0x5
 464 0068 00       		.byte	0
 465 0069 03       		.uleb128 0x3
 466 006a 08       		.uleb128 0x8
 467 006b 3A       		.uleb128 0x3a
 468 006c 0B       		.uleb128 0xb
 469 006d 3B       		.uleb128 0x3b
 470 006e 0B       		.uleb128 0xb
 471 006f 49       		.uleb128 0x49
 472 0070 13       		.uleb128 0x13
 473 0071 02       		.uleb128 0x2
 474 0072 17       		.uleb128 0x17
 475 0073 00       		.byte	0
 476 0074 00       		.byte	0
 477 0075 09       		.uleb128 0x9
 478 0076 05       		.uleb128 0x5
 479 0077 00       		.byte	0
 480 0078 03       		.uleb128 0x3
 481 0079 0E       		.uleb128 0xe
 482 007a 3A       		.uleb128 0x3a
 483 007b 0B       		.uleb128 0xb
 484 007c 3B       		.uleb128 0x3b
 485 007d 0B       		.uleb128 0xb
 486 007e 49       		.uleb128 0x49
 487 007f 13       		.uleb128 0x13
 488 0080 02       		.uleb128 0x2
 489 0081 17       		.uleb128 0x17
 490 0082 00       		.byte	0
 491 0083 00       		.byte	0
 492 0084 0A       		.uleb128 0xa
 493 0085 34       		.uleb128 0x34
 494 0086 00       		.byte	0
 495 0087 03       		.uleb128 0x3
 496 0088 08       		.uleb128 0x8
 497 0089 3A       		.uleb128 0x3a
 498 008a 0B       		.uleb128 0xb
 499 008b 3B       		.uleb128 0x3b
 500 008c 0B       		.uleb128 0xb
 501 008d 49       		.uleb128 0x49
 502 008e 13       		.uleb128 0x13
 503 008f 02       		.uleb128 0x2
 504 0090 17       		.uleb128 0x17
 505 0091 00       		.byte	0
 506 0092 00       		.byte	0
 507 0093 0B       		.uleb128 0xb
 508 0094 898201   		.uleb128 0x4109
 509 0097 00       		.byte	0
 510 0098 11       		.uleb128 0x11
 511 0099 01       		.uleb128 0x1
 512 009a 31       		.uleb128 0x31
 513 009b 13       		.uleb128 0x13
 514 009c 00       		.byte	0
 515 009d 00       		.byte	0
 516 009e 0C       		.uleb128 0xc
 517 009f 898201   		.uleb128 0x4109
ARM GAS  C:\Users\LESPIA~1\AppData\Local\Temp\cc4m2Pkp.s 			page 11


 518 00a2 01       		.byte	0x1
 519 00a3 11       		.uleb128 0x11
 520 00a4 01       		.uleb128 0x1
 521 00a5 31       		.uleb128 0x31
 522 00a6 13       		.uleb128 0x13
 523 00a7 00       		.byte	0
 524 00a8 00       		.byte	0
 525 00a9 0D       		.uleb128 0xd
 526 00aa 8A8201   		.uleb128 0x410a
 527 00ad 00       		.byte	0
 528 00ae 02       		.uleb128 0x2
 529 00af 18       		.uleb128 0x18
 530 00b0 9142     		.uleb128 0x2111
 531 00b2 18       		.uleb128 0x18
 532 00b3 00       		.byte	0
 533 00b4 00       		.byte	0
 534 00b5 0E       		.uleb128 0xe
 535 00b6 2E       		.uleb128 0x2e
 536 00b7 01       		.byte	0x1
 537 00b8 3F       		.uleb128 0x3f
 538 00b9 19       		.uleb128 0x19
 539 00ba 03       		.uleb128 0x3
 540 00bb 0E       		.uleb128 0xe
 541 00bc 3A       		.uleb128 0x3a
 542 00bd 0B       		.uleb128 0xb
 543 00be 3B       		.uleb128 0x3b
 544 00bf 0B       		.uleb128 0xb
 545 00c0 27       		.uleb128 0x27
 546 00c1 19       		.uleb128 0x19
 547 00c2 49       		.uleb128 0x49
 548 00c3 13       		.uleb128 0x13
 549 00c4 11       		.uleb128 0x11
 550 00c5 01       		.uleb128 0x1
 551 00c6 12       		.uleb128 0x12
 552 00c7 06       		.uleb128 0x6
 553 00c8 40       		.uleb128 0x40
 554 00c9 18       		.uleb128 0x18
 555 00ca 9742     		.uleb128 0x2117
 556 00cc 19       		.uleb128 0x19
 557 00cd 01       		.uleb128 0x1
 558 00ce 13       		.uleb128 0x13
 559 00cf 00       		.byte	0
 560 00d0 00       		.byte	0
 561 00d1 0F       		.uleb128 0xf
 562 00d2 34       		.uleb128 0x34
 563 00d3 00       		.byte	0
 564 00d4 03       		.uleb128 0x3
 565 00d5 0E       		.uleb128 0xe
 566 00d6 3A       		.uleb128 0x3a
 567 00d7 0B       		.uleb128 0xb
 568 00d8 3B       		.uleb128 0x3b
 569 00d9 05       		.uleb128 0x5
 570 00da 49       		.uleb128 0x49
 571 00db 13       		.uleb128 0x13
 572 00dc 3F       		.uleb128 0x3f
 573 00dd 19       		.uleb128 0x19
 574 00de 3C       		.uleb128 0x3c
ARM GAS  C:\Users\LESPIA~1\AppData\Local\Temp\cc4m2Pkp.s 			page 12


 575 00df 19       		.uleb128 0x19
 576 00e0 00       		.byte	0
 577 00e1 00       		.byte	0
 578 00e2 10       		.uleb128 0x10
 579 00e3 35       		.uleb128 0x35
 580 00e4 00       		.byte	0
 581 00e5 49       		.uleb128 0x49
 582 00e6 13       		.uleb128 0x13
 583 00e7 00       		.byte	0
 584 00e8 00       		.byte	0
 585 00e9 11       		.uleb128 0x11
 586 00ea 2E       		.uleb128 0x2e
 587 00eb 00       		.byte	0
 588 00ec 3F       		.uleb128 0x3f
 589 00ed 19       		.uleb128 0x19
 590 00ee 3C       		.uleb128 0x3c
 591 00ef 19       		.uleb128 0x19
 592 00f0 6E       		.uleb128 0x6e
 593 00f1 0E       		.uleb128 0xe
 594 00f2 03       		.uleb128 0x3
 595 00f3 0E       		.uleb128 0xe
 596 00f4 3A       		.uleb128 0x3a
 597 00f5 0B       		.uleb128 0xb
 598 00f6 3B       		.uleb128 0x3b
 599 00f7 0B       		.uleb128 0xb
 600 00f8 00       		.byte	0
 601 00f9 00       		.byte	0
 602 00fa 00       		.byte	0
 603              		.section	.debug_loc,"",%progbits
 604              	.Ldebug_loc0:
 605              	.LLST0:
 606 0000 00000000 		.4byte	.LVL0
 607 0004 0B000000 		.4byte	.LVL1-1
 608 0008 0100     		.2byte	0x1
 609 000a 50       		.byte	0x50
 610 000b 0B000000 		.4byte	.LVL1-1
 611 000f 26000000 		.4byte	.LFE63
 612 0013 0100     		.2byte	0x1
 613 0015 56       		.byte	0x56
 614 0016 00000000 		.4byte	0
 615 001a 00000000 		.4byte	0
 616              	.LLST1:
 617 001e 00000000 		.4byte	.LVL0
 618 0022 0B000000 		.4byte	.LVL1-1
 619 0026 0100     		.2byte	0x1
 620 0028 51       		.byte	0x51
 621 0029 0B000000 		.4byte	.LVL1-1
 622 002d 26000000 		.4byte	.LFE63
 623 0031 0400     		.2byte	0x4
 624 0033 F3       		.byte	0xf3
 625 0034 01       		.uleb128 0x1
 626 0035 51       		.byte	0x51
 627 0036 9F       		.byte	0x9f
 628 0037 00000000 		.4byte	0
 629 003b 00000000 		.4byte	0
 630              	.LLST2:
 631 003f 0C000000 		.4byte	.LVL1
ARM GAS  C:\Users\LESPIA~1\AppData\Local\Temp\cc4m2Pkp.s 			page 13


 632 0043 10000000 		.4byte	.LVL2
 633 0047 0200     		.2byte	0x2
 634 0049 30       		.byte	0x30
 635 004a 9F       		.byte	0x9f
 636 004b 10000000 		.4byte	.LVL2
 637 004f 18000000 		.4byte	.LVL4
 638 0053 0100     		.2byte	0x1
 639 0055 54       		.byte	0x54
 640 0056 1A000000 		.4byte	.LVL5
 641 005a 26000000 		.4byte	.LFE63
 642 005e 0100     		.2byte	0x1
 643 0060 54       		.byte	0x54
 644 0061 00000000 		.4byte	0
 645 0065 00000000 		.4byte	0
 646              	.LLST3:
 647 0069 00000000 		.4byte	.LVL7
 648 006d 0C000000 		.4byte	.LVL9
 649 0071 0100     		.2byte	0x1
 650 0073 50       		.byte	0x50
 651 0074 0C000000 		.4byte	.LVL9
 652 0078 24000000 		.4byte	.LFE64
 653 007c 0100     		.2byte	0x1
 654 007e 56       		.byte	0x56
 655 007f 00000000 		.4byte	0
 656 0083 00000000 		.4byte	0
 657              	.LLST4:
 658 0087 00000000 		.4byte	.LVL7
 659 008b 0C000000 		.4byte	.LVL9
 660 008f 0100     		.2byte	0x1
 661 0091 51       		.byte	0x51
 662 0092 0C000000 		.4byte	.LVL9
 663 0096 24000000 		.4byte	.LFE64
 664 009a 0400     		.2byte	0x4
 665 009c F3       		.byte	0xf3
 666 009d 01       		.uleb128 0x1
 667 009e 51       		.byte	0x51
 668 009f 9F       		.byte	0x9f
 669 00a0 00000000 		.4byte	0
 670 00a4 00000000 		.4byte	0
 671              	.LLST5:
 672 00a8 06000000 		.4byte	.LVL8
 673 00ac 0C000000 		.4byte	.LVL9
 674 00b0 0200     		.2byte	0x2
 675 00b2 30       		.byte	0x30
 676 00b3 9F       		.byte	0x9f
 677 00b4 0C000000 		.4byte	.LVL9
 678 00b8 0F000000 		.4byte	.LVL10-1
 679 00bc 0100     		.2byte	0x1
 680 00be 53       		.byte	0x53
 681 00bf 10000000 		.4byte	.LVL10
 682 00c3 18000000 		.4byte	.LVL11
 683 00c7 0100     		.2byte	0x1
 684 00c9 50       		.byte	0x50
 685 00ca 18000000 		.4byte	.LVL11
 686 00ce 24000000 		.4byte	.LFE64
 687 00d2 0100     		.2byte	0x1
 688 00d4 53       		.byte	0x53
ARM GAS  C:\Users\LESPIA~1\AppData\Local\Temp\cc4m2Pkp.s 			page 14


 689 00d5 00000000 		.4byte	0
 690 00d9 00000000 		.4byte	0
 691              	.LLST6:
 692 00dd 06000000 		.4byte	.LVL8
 693 00e1 0C000000 		.4byte	.LVL9
 694 00e5 0200     		.2byte	0x2
 695 00e7 30       		.byte	0x30
 696 00e8 9F       		.byte	0x9f
 697 00e9 0C000000 		.4byte	.LVL9
 698 00ed 24000000 		.4byte	.LFE64
 699 00f1 0100     		.2byte	0x1
 700 00f3 54       		.byte	0x54
 701 00f4 00000000 		.4byte	0
 702 00f8 00000000 		.4byte	0
 703              		.section	.debug_aranges,"",%progbits
 704 0000 24000000 		.4byte	0x24
 705 0004 0200     		.2byte	0x2
 706 0006 00000000 		.4byte	.Ldebug_info0
 707 000a 04       		.byte	0x4
 708 000b 00       		.byte	0
 709 000c 0000     		.2byte	0
 710 000e 0000     		.2byte	0
 711 0010 00000000 		.4byte	.LFB63
 712 0014 26000000 		.4byte	.LFE63-.LFB63
 713 0018 00000000 		.4byte	.LFB64
 714 001c 24000000 		.4byte	.LFE64-.LFB64
 715 0020 00000000 		.4byte	0
 716 0024 00000000 		.4byte	0
 717              		.section	.debug_ranges,"",%progbits
 718              	.Ldebug_ranges0:
 719 0000 00000000 		.4byte	.LFB63
 720 0004 26000000 		.4byte	.LFE63
 721 0008 00000000 		.4byte	.LFB64
 722 000c 24000000 		.4byte	.LFE64
 723 0010 00000000 		.4byte	0
 724 0014 00000000 		.4byte	0
 725              		.section	.debug_line,"",%progbits
 726              	.Ldebug_line0:
 727 0000 AD010000 		.section	.debug_str,"MS",%progbits,1
 727      02006001 
 727      00000201 
 727      FB0E0D00 
 727      01010101 
 728              	.LASF3:
 729 0000 5F5F7569 		.ascii	"__uint8_t\000"
 729      6E74385F 
 729      7400
 730              	.LASF25:
 731 000a 55415254 		.ascii	"UART_test_WriteTxData\000"
 731      5F746573 
 731      745F5772 
 731      69746554 
 731      78446174 
 732              	.LASF26:
 733 0020 55415254 		.ascii	"UART_test_GetChar\000"
 733      5F746573 
 733      745F4765 
ARM GAS  C:\Users\LESPIA~1\AppData\Local\Temp\cc4m2Pkp.s 			page 15


 733      74436861 
 733      7200
 734              	.LASF6:
 735 0032 5F5F696E 		.ascii	"__int32_t\000"
 735      7433325F 
 735      7400
 736              	.LASF14:
 737 003c 696E7433 		.ascii	"int32_t\000"
 737      325F7400 
 738              	.LASF16:
 739 0044 666C6F61 		.ascii	"float\000"
 739      7400
 740              	.LASF15:
 741 004a 75696E74 		.ascii	"uint8\000"
 741      3800
 742              	.LASF29:
 743 0050 553A5C35 		.ascii	"U:\\5SEE\\Thunder_Truck\\ThunderTruck.cydsn\000"
 743      5345455C 
 743      5468756E 
 743      6465725F 
 743      54727563 
 744              	.LASF28:
 745 0079 7574696C 		.ascii	"utilities.c\000"
 745      69746965 
 745      732E6300 
 746              	.LASF22:
 747 0085 73697A65 		.ascii	"size\000"
 747      00
 748              	.LASF27:
 749 008a 474E5520 		.ascii	"GNU C11 5.4.1 20160609 (release) [ARM/embedded-5-br"
 749      43313120 
 749      352E342E 
 749      31203230 
 749      31363036 
 750 00bd 616E6368 		.ascii	"anch revision 237715] -mcpu=cortex-m3 -mthumb -g -O"
 750      20726576 
 750      6973696F 
 750      6E203233 
 750      37373135 
 751 00f0 67202D66 		.ascii	"g -ffunction-sections -ffat-lto-objects\000"
 751      66756E63 
 751      74696F6E 
 751      2D736563 
 751      74696F6E 
 752              	.LASF18:
 753 0118 63686172 		.ascii	"char8\000"
 753      3800
 754              	.LASF24:
 755 011e 55415254 		.ascii	"UART_test_Start\000"
 755      5F746573 
 755      745F5374 
 755      61727400 
 756              	.LASF8:
 757 012e 6C6F6E67 		.ascii	"long unsigned int\000"
 757      20756E73 
 757      69676E65 
 757      6420696E 
ARM GAS  C:\Users\LESPIA~1\AppData\Local\Temp\cc4m2Pkp.s 			page 16


 757      7400
 758              	.LASF5:
 759 0140 73686F72 		.ascii	"short unsigned int\000"
 759      7420756E 
 759      7369676E 
 759      65642069 
 759      6E7400
 760              	.LASF32:
 761 0153 49544D5F 		.ascii	"ITM_RxBuffer\000"
 761      52784275 
 761      66666572 
 761      00
 762              	.LASF1:
 763 0160 756E7369 		.ascii	"unsigned char\000"
 763      676E6564 
 763      20636861 
 763      7200
 764              	.LASF4:
 765 016e 5F5F7569 		.ascii	"__uint16_t\000"
 765      6E743136 
 765      5F7400
 766              	.LASF17:
 767 0179 646F7562 		.ascii	"double\000"
 767      6C6500
 768              	.LASF11:
 769 0180 756E7369 		.ascii	"unsigned int\000"
 769      676E6564 
 769      20696E74 
 769      00
 770              	.LASF10:
 771 018d 6C6F6E67 		.ascii	"long long unsigned int\000"
 771      206C6F6E 
 771      6720756E 
 771      7369676E 
 771      65642069 
 772              	.LASF12:
 773 01a4 75696E74 		.ascii	"uint8_t\000"
 773      385F7400 
 774              	.LASF30:
 775 01ac 55415254 		.ascii	"UART_send\000"
 775      5F73656E 
 775      6400
 776              	.LASF31:
 777 01b6 55415254 		.ascii	"UART_read\000"
 777      5F726561 
 777      6400
 778              	.LASF21:
 779 01c0 73697A65 		.ascii	"sizetype\000"
 779      74797065 
 779      00
 780              	.LASF9:
 781 01c9 6C6F6E67 		.ascii	"long long int\000"
 781      206C6F6E 
 781      6720696E 
 781      7400
 782              	.LASF19:
 783 01d7 63686172 		.ascii	"char\000"
ARM GAS  C:\Users\LESPIA~1\AppData\Local\Temp\cc4m2Pkp.s 			page 17


 783      00
 784              	.LASF2:
 785 01dc 73686F72 		.ascii	"short int\000"
 785      7420696E 
 785      7400
 786              	.LASF23:
 787 01e6 62756666 		.ascii	"buffer\000"
 787      657200
 788              	.LASF13:
 789 01ed 75696E74 		.ascii	"uint16_t\000"
 789      31365F74 
 789      00
 790              	.LASF7:
 791 01f6 6C6F6E67 		.ascii	"long int\000"
 791      20696E74 
 791      00
 792              	.LASF20:
 793 01ff 6C6F6E67 		.ascii	"long double\000"
 793      20646F75 
 793      626C6500 
 794              	.LASF0:
 795 020b 7369676E 		.ascii	"signed char\000"
 795      65642063 
 795      68617200 
 796              		.ident	"GCC: (GNU Tools for ARM Embedded Processors) 5.4.1 20160609 (release) [ARM/embedded-5-bran
